#
# There is insufficient memory for the Java Runtime Environment to continue.
# Native memory allocation (mmap) failed to map 219152384 bytes for Failed to commit area from 0x000000008b800000 to 0x0000000098900000 of length 219152384.
# Possible reasons:
#   The system is out of physical RAM or swap space
#   The process is running with CompressedOops enabled, and the Java Heap may be blocking the growth of the native heap
# Possible solutions:
#   Reduce memory load on the system
#   Increase physical memory or swap space
#   Check if swap backing store is full
#   Decrease Java heap size (-Xmx/-Xms)
#   Decrease number of Java threads
#   Decrease Java thread stack sizes (-Xss)
#   Set larger code cache with -XX:ReservedCodeCacheSize=
#   JVM is running with Unscaled Compressed Oops mode in which the Java heap is
#     placed in the first 4GB address space. The Java Heap base address is the
#     maximum limit for the native heap growth. Please use -XX:HeapBaseMinAddress
#     to set the Java Heap base and to place the Java Heap above 4GB virtual address.
# This output file may be truncated or incomplete.
#
#  Out of Memory Error (./src/hotspot/os/windows/os_windows.cpp:3380), pid=2556, tid=27996
#
# JRE version: OpenJDK Runtime Environment Microsoft-25199 (11.0.12+7) (build 11.0.12+7)
# Java VM: OpenJDK 64-Bit Server VM Microsoft-25199 (11.0.12+7, mixed mode, tiered, compressed oops, g1 gc, windows-amd64)
# No core dump will be written. Minidumps are not enabled by default on client versions of Windows
#

---------------  S U M M A R Y ------------

Command Line: -Dapplication.home=C:\Program Files\Microsoft\jdk-11.0.12.7-hotspot --add-modules=ALL-DEFAULT -Xms8m -Dfile.encoding=UTF8 -Djdk.module.main=jdk.compiler jdk.compiler/com.sun.tools.javac.Main @C:\Users\ADMIN\AppData\Local\Temp\tmp3D2E.tmp -target 1.8 -source 1.8

Host: Intel(R) Core(TM) i5-10400F CPU @ 2.90GHz, 8 cores, 7G,  Windows 10 , 64 bit Build 19041 (10.0.19041.2251)
Time: Thu Dec 15 04:10:25 2022 Hora est. Pacífico, Sudamérica elapsed time: 4.110297 seconds (0d 0h 0m 4s)

---------------  T H R E A D  ---------------

Current thread (0x00000281fca0c800):  VMThread "VM Thread" [stack: 0x000000fa1ac00000,0x000000fa1ad00000] [id=27996]

Stack: [0x000000fa1ac00000,0x000000fa1ad00000]
[error occurred during error reporting (printing stack bounds), id 0xc0000005, EXCEPTION_ACCESS_VIOLATION (0xc0000005) at pc=0x00000281e51e112d]

Native frames: (J=compiled Java code, j=interpreted, Vv=VM code, C=native code)
V  [jvm.dll+0x6090fa]
V  [jvm.dll+0x79229e]
V  [jvm.dll+0x79396f]
V  [jvm.dll+0x793f95]
V  [jvm.dll+0x793f4b]
V  [jvm.dll+0x608487]
V  [jvm.dll+0x608b98]
C  [ntdll.dll+0xa241f]
C  [ntdll.dll+0x514a4]
C  [ntdll.dll+0xa0f4e]
C  0x00000281e51e112d

VM_Operation (0x000000fa1a6fe9b0): G1CollectForAllocation, mode: safepoint, requested by thread 0x00000281dca99800


---------------  P R O C E S S  ---------------

Threads class SMR info:
_java_thread_list=0x00000281fd035580, length=12, elements={
0x00000281dca99800, 0x00000281fca0d000, 0x00000281fca37000, 0x00000281fca9d000,
0x00000281fca9e800, 0x00000281fcaa0800, 0x00000281fca49000, 0x00000281fca53800,
0x00000281fca54800, 0x00000281fcd4e000, 0x00000281fcd74800, 0x00000281fdf55800
}

Java Threads: ( => current thread )
  0x00000281dca99800 JavaThread "main" [_thread_blocked, id=16936, stack(0x000000fa1a600000,0x000000fa1a700000)]
  0x00000281fca0d000 JavaThread "Reference Handler" daemon [_thread_blocked, id=6576, stack(0x000000fa1ad00000,0x000000fa1ae00000)]
  0x00000281fca37000 JavaThread "Finalizer" daemon [_thread_blocked, id=18212, stack(0x000000fa1ae00000,0x000000fa1af00000)]
  0x00000281fca9d000 JavaThread "Signal Dispatcher" daemon [_thread_blocked, id=8312, stack(0x000000fa1af00000,0x000000fa1b000000)]
  0x00000281fca9e800 JavaThread "Attach Listener" daemon [_thread_blocked, id=29600, stack(0x000000fa1b000000,0x000000fa1b100000)]
  0x00000281fcaa0800 JavaThread "Service Thread" daemon [_thread_blocked, id=13832, stack(0x000000fa1b100000,0x000000fa1b200000)]
  0x00000281fca49000 JavaThread "C2 CompilerThread0" daemon [_thread_blocked, id=10800, stack(0x000000fa1b200000,0x000000fa1b300000)]
  0x00000281fca53800 JavaThread "C1 CompilerThread0" daemon [_thread_blocked, id=17136, stack(0x000000fa1b300000,0x000000fa1b400000)]
  0x00000281fca54800 JavaThread "Sweeper thread" daemon [_thread_blocked, id=15648, stack(0x000000fa1b400000,0x000000fa1b500000)]
  0x00000281fcd4e000 JavaThread "Common-Cleaner" daemon [_thread_blocked, id=15676, stack(0x000000fa1b500000,0x000000fa1b600000)]
  0x00000281fcd74800 JavaThread "C2 CompilerThread1" daemon [_thread_blocked, id=3436, stack(0x000000fa1b600000,0x000000fa1b700000)]
  0x00000281fdf55800 JavaThread "C2 CompilerThread2" daemon [_thread_blocked, id=17220, stack(0x000000fa1b900000,0x000000fa1ba00000)]

Other Threads:
=>0x00000281fca0c800 VMThread "VM Thread" [stack: 0x000000fa1ac00000,0x000000fa1ad00000] [id=27996]
  0x00000281fce7d800 WatcherThread [stack: 0x000000fa1b700000,0x000000fa1b800000] [id=20772]
  0x00000281dcab2000 GCTaskThread "GC Thread#0" [stack: 0x000000fa1a700000,0x000000fa1a800000] [id=27256]
  0x00000281fd08c800 GCTaskThread "GC Thread#1" [stack: 0x000000fa1b800000,0x000000fa1b900000] [id=24588]
  0x00000281ffcf9800 GCTaskThread "GC Thread#2" [stack: 0x000000fa1be00000,0x000000fa1bf00000] [id=2204]
  0x00000281dcae7800 ConcurrentGCThread "G1 Main Marker" [stack: 0x000000fa1a800000,0x000000fa1a900000] [id=28632]
  0x00000281dcae9000 ConcurrentGCThread "G1 Conc#0" [stack: 0x000000fa1a900000,0x000000fa1aa00000] [id=1884]
  0x00000281fde90800 ConcurrentGCThread "G1 Conc#1" [stack: 0x000000fa1ba00000,0x000000fa1bb00000] [id=10888]
  0x00000281dcb16000 ConcurrentGCThread "G1 Refine#0" [stack: 0x000000fa1aa00000,0x000000fa1ab00000] [id=19544]
  0x00000281fe969800 ConcurrentGCThread "G1 Refine#1" [stack: 0x000000fa1bb00000,0x000000fa1bc00000] [id=27964]
  0x00000281fe96a800 ConcurrentGCThread "G1 Refine#2" [stack: 0x000000fa1bc00000,0x000000fa1bd00000] [id=26092]
  0x00000281fedde000 ConcurrentGCThread "G1 Refine#3" [stack: 0x000000fa1bd00000,0x000000fa1be00000] [id=28748]
  0x00000281ffcfa000 ConcurrentGCThread "G1 Refine#4" [stack: 0x000000fa1bf00000,0x000000fa1c000000] [id=28116]
  0x00000281dcb17000 ConcurrentGCThread "G1 Young RemSet Sampling" [stack: 0x000000fa1ab00000,0x000000fa1ac00000] [id=22812]

Threads with active compile tasks:
C2 CompilerThread0   4126 3961       4       com.sun.tools.javac.code.Symbol$MethodSymbol::binaryImplementation (97 bytes)
C2 CompilerThread1   4126 4141       4       com.sun.tools.javac.code.Types::isAssignable (164 bytes)
C2 CompilerThread2   4126 3984   !   4       com.sun.tools.javac.code.Types$MembersClosureCache::visitClassType (216 bytes)

VM state:at safepoint (normal execution)

VM Mutex/Monitor currently owned by a thread:  ([mutex/lock_event])
[0x00000281dca96cb0] Threads_lock - owner thread: 0x00000281fca0c800
[0x00000281dca95d80] Heap_lock - owner thread: 0x00000281dca99800

Heap address: 0x0000000081400000, size: 2028 MB, Compressed Oops mode: 32-bit
Narrow klass base: 0x0000000000000000, Narrow klass shift: 3
Compressed class space size: 1073741824 Address: 0x0000000100000000

Heap:
 garbage-first heap   total 381952K, used 74881K [0x0000000081400000, 0x0000000100000000)
  region size 1024K, 5 young (5120K), 5 survivors (5120K)
 Metaspace       used 18086K, capacity 18349K, committed 18432K, reserved 1067008K
  class space    used 1684K, capacity 1785K, committed 1792K, reserved 1048576K
Heap Regions: E=young(eden), S=young(survivor), O=old, HS=humongous(starts), HC=humongous(continues), CS=collection set, F=free, A=archive, TAMS=top-at-mark-start (previous, next)
|   0|0x0000000081400000, 0x0000000081500000, 0x0000000081500000|100%| O|  |TAMS 0x0000000081500000, 0x0000000081400000| Untracked 
|   1|0x0000000081500000, 0x0000000081600000, 0x0000000081600000|100%| O|  |TAMS 0x0000000081600000, 0x0000000081500000| Untracked 
|   2|0x0000000081600000, 0x0000000081700000, 0x0000000081700000|100%| O|  |TAMS 0x0000000081700000, 0x0000000081600000| Untracked 
|   3|0x0000000081700000, 0x0000000081800000, 0x0000000081800000|100%| O|  |TAMS 0x0000000081800000, 0x0000000081700000| Untracked 
|   4|0x0000000081800000, 0x0000000081900000, 0x0000000081900000|100%| O|  |TAMS 0x0000000081900000, 0x0000000081800000| Untracked 
|   5|0x0000000081900000, 0x0000000081a00000, 0x0000000081a00000|100%| O|  |TAMS 0x0000000081a00000, 0x0000000081900000| Untracked 
|   6|0x0000000081a00000, 0x0000000081b00000, 0x0000000081b00000|100%| O|  |TAMS 0x0000000081b00000, 0x0000000081a00000| Untracked 
|   7|0x0000000081b00000, 0x0000000081c00000, 0x0000000081c00000|100%| O|  |TAMS 0x0000000081c00000, 0x0000000081b00000| Untracked 
|   8|0x0000000081c00000, 0x0000000081d00000, 0x0000000081d00000|100%| O|  |TAMS 0x0000000081d00000, 0x0000000081c00000| Untracked 
|   9|0x0000000081d00000, 0x0000000081e00000, 0x0000000081e00000|100%|HS|  |TAMS 0x0000000081e00000, 0x0000000081d00000| Complete 
|  10|0x0000000081e00000, 0x0000000081f00000, 0x0000000081f00000|100%|HC|  |TAMS 0x0000000081f00000, 0x0000000081e00000| Complete 
|  11|0x0000000081f00000, 0x0000000082000000, 0x0000000082000000|100%|HC|  |TAMS 0x0000000082000000, 0x0000000081f00000| Complete 
|  12|0x0000000082000000, 0x0000000082100000, 0x0000000082100000|100%| O|  |TAMS 0x0000000082100000, 0x0000000082000000| Untracked 
|  13|0x0000000082100000, 0x0000000082200000, 0x0000000082200000|100%|HS|  |TAMS 0x0000000082200000, 0x0000000082100000| Complete 
|  14|0x0000000082200000, 0x0000000082300000, 0x0000000082300000|100%| O|  |TAMS 0x0000000082300000, 0x0000000082200000| Untracked 
|  15|0x0000000082300000, 0x0000000082400000, 0x0000000082400000|100%|HS|  |TAMS 0x0000000082400000, 0x0000000082300000| Complete 
|  16|0x0000000082400000, 0x0000000082500000, 0x0000000082500000|100%|HC|  |TAMS 0x0000000082500000, 0x0000000082400000| Complete 
|  17|0x0000000082500000, 0x0000000082600000, 0x0000000082600000|100%|HC|  |TAMS 0x0000000082600000, 0x0000000082500000| Complete 
|  18|0x0000000082600000, 0x0000000082700000, 0x0000000082700000|100%|HC|  |TAMS 0x0000000082700000, 0x0000000082600000| Complete 
|  19|0x0000000082700000, 0x0000000082800000, 0x0000000082800000|100%|HC|  |TAMS 0x0000000082800000, 0x0000000082700000| Complete 
|  20|0x0000000082800000, 0x0000000082900000, 0x0000000082900000|100%|HS|  |TAMS 0x0000000082900000, 0x0000000082800000| Complete 
|  21|0x0000000082900000, 0x0000000082a00000, 0x0000000082a00000|100%|HC|  |TAMS 0x0000000082a00000, 0x0000000082900000| Complete 
|  22|0x0000000082a00000, 0x0000000082b00000, 0x0000000082b00000|100%| O|  |TAMS 0x0000000082b00000, 0x0000000082a00000| Untracked 
|  23|0x0000000082b00000, 0x0000000082c00000, 0x0000000082c00000|100%| O|  |TAMS 0x0000000082c00000, 0x0000000082b00000| Untracked 
|  24|0x0000000082c00000, 0x0000000082d00000, 0x0000000082d00000|100%| O|  |TAMS 0x0000000082d00000, 0x0000000082c00000| Untracked 
|  25|0x0000000082d00000, 0x0000000082e00000, 0x0000000082e00000|100%| O|  |TAMS 0x0000000082e00000, 0x0000000082d00000| Untracked 
|  26|0x0000000082e00000, 0x0000000082f00000, 0x0000000082f00000|100%| O|  |TAMS 0x0000000082f00000, 0x0000000082e00000| Untracked 
|  27|0x0000000082f00000, 0x0000000083000000, 0x0000000083000000|100%| O|  |TAMS 0x0000000083000000, 0x0000000082f00000| Untracked 
|  28|0x0000000083000000, 0x0000000083100000, 0x0000000083100000|100%| O|  |TAMS 0x0000000083100000, 0x0000000083000000| Untracked 
|  29|0x0000000083100000, 0x0000000083200000, 0x0000000083200000|100%| O|  |TAMS 0x0000000083200000, 0x0000000083100000| Untracked 
|  30|0x0000000083200000, 0x0000000083300000, 0x0000000083300000|100%| O|  |TAMS 0x0000000083200000, 0x0000000083200000| Untracked 
|  31|0x0000000083300000, 0x0000000083400000, 0x0000000083400000|100%| O|  |TAMS 0x0000000083400000, 0x0000000083300000| Untracked 
|  32|0x0000000083400000, 0x0000000083500000, 0x0000000083500000|100%| O|  |TAMS 0x0000000083500000, 0x0000000083400000| Untracked 
|  33|0x0000000083500000, 0x0000000083600000, 0x0000000083600000|100%| O|  |TAMS 0x0000000083600000, 0x0000000083500000| Untracked 
|  34|0x0000000083600000, 0x0000000083700000, 0x0000000083700000|100%| O|  |TAMS 0x0000000083700000, 0x0000000083600000| Untracked 
|  35|0x0000000083700000, 0x0000000083800000, 0x0000000083800000|100%| O|  |TAMS 0x0000000083800000, 0x0000000083700000| Untracked 
|  36|0x0000000083800000, 0x0000000083900000, 0x0000000083900000|100%| O|  |TAMS 0x0000000083900000, 0x0000000083800000| Untracked 
|  37|0x0000000083900000, 0x0000000083a00000, 0x0000000083a00000|100%| O|  |TAMS 0x0000000083a00000, 0x0000000083900000| Untracked 
|  38|0x0000000083a00000, 0x0000000083b00000, 0x0000000083b00000|100%| O|  |TAMS 0x0000000083b00000, 0x0000000083a00000| Untracked 
|  39|0x0000000083b00000, 0x0000000083c00000, 0x0000000083c00000|100%| O|  |TAMS 0x0000000083c00000, 0x0000000083b00000| Untracked 
|  40|0x0000000083c00000, 0x0000000083d00000, 0x0000000083d00000|100%| O|  |TAMS 0x0000000083d00000, 0x0000000083c00000| Untracked 
|  41|0x0000000083d00000, 0x0000000083e00000, 0x0000000083e00000|100%| O|  |TAMS 0x0000000083e00000, 0x0000000083d00000| Untracked 
|  42|0x0000000083e00000, 0x0000000083f00000, 0x0000000083f00000|100%| O|  |TAMS 0x0000000083f00000, 0x0000000083e00000| Untracked 
|  43|0x0000000083f00000, 0x0000000084000000, 0x0000000084000000|100%| O|  |TAMS 0x0000000084000000, 0x0000000083f00000| Untracked 
|  44|0x0000000084000000, 0x0000000084100000, 0x0000000084100000|100%| O|  |TAMS 0x0000000084100000, 0x0000000084000000| Untracked 
|  45|0x0000000084100000, 0x0000000084200000, 0x0000000084200000|100%| O|  |TAMS 0x0000000084200000, 0x0000000084100000| Untracked 
|  46|0x0000000084200000, 0x0000000084300000, 0x0000000084300000|100%| O|  |TAMS 0x0000000084300000, 0x0000000084200000| Untracked 
|  47|0x0000000084300000, 0x0000000084400000, 0x0000000084400000|100%| O|  |TAMS 0x0000000084400000, 0x0000000084300000| Untracked 
|  48|0x0000000084400000, 0x0000000084500000, 0x0000000084500000|100%| O|  |TAMS 0x0000000084480000, 0x0000000084400000| Untracked 
|  49|0x0000000084500000, 0x0000000084600000, 0x0000000084600000|100%|HS|  |TAMS 0x0000000084500000, 0x0000000084500000| Complete 
|  50|0x0000000084600000, 0x0000000084700000, 0x0000000084700000|100%|HC|  |TAMS 0x0000000084600000, 0x0000000084600000| Complete 
|  51|0x0000000084700000, 0x0000000084800000, 0x0000000084800000|100%| O|  |TAMS 0x0000000084700000, 0x0000000084700000| Untracked 
|  52|0x0000000084800000, 0x0000000084900000, 0x0000000084900000|100%| O|  |TAMS 0x0000000084800000, 0x0000000084800000| Untracked 
|  53|0x0000000084900000, 0x0000000084a00000, 0x0000000084a00000|100%| O|  |TAMS 0x0000000084900000, 0x0000000084900000| Untracked 
|  54|0x0000000084a00000, 0x0000000084b00000, 0x0000000084b00000|100%| O|  |TAMS 0x0000000084a00000, 0x0000000084a00000| Untracked 
|  55|0x0000000084b00000, 0x0000000084c00000, 0x0000000084c00000|100%| O|  |TAMS 0x0000000084b00000, 0x0000000084b00000| Untracked 
|  56|0x0000000084c00000, 0x0000000084d00000, 0x0000000084d00000|100%| O|  |TAMS 0x0000000084c00000, 0x0000000084c00000| Untracked 
|  57|0x0000000084d00000, 0x0000000084e00000, 0x0000000084e00000|100%| O|  |TAMS 0x0000000084d00000, 0x0000000084d00000| Untracked 
|  58|0x0000000084e00000, 0x0000000084f00000, 0x0000000084f00000|100%| O|  |TAMS 0x0000000084e00000, 0x0000000084e00000| Untracked 
|  59|0x0000000084f00000, 0x0000000085000000, 0x0000000085000000|100%| O|  |TAMS 0x0000000084f00000, 0x0000000084f00000| Untracked 
|  60|0x0000000085000000, 0x0000000085100000, 0x0000000085100000|100%| O|  |TAMS 0x0000000085000000, 0x0000000085000000| Untracked 
|  61|0x0000000085100000, 0x0000000085200000, 0x0000000085200000|100%| O|  |TAMS 0x0000000085100000, 0x0000000085100000| Untracked 
|  62|0x0000000085200000, 0x0000000085300000, 0x0000000085300000|100%| O|  |TAMS 0x0000000085200000, 0x0000000085200000| Untracked 
|  63|0x0000000085300000, 0x0000000085400000, 0x0000000085400000|100%| O|  |TAMS 0x0000000085300000, 0x0000000085300000| Untracked 
|  64|0x0000000085400000, 0x0000000085500000, 0x0000000085500000|100%| O|  |TAMS 0x0000000085400000, 0x0000000085400000| Untracked 
|  65|0x0000000085500000, 0x0000000085600000, 0x0000000085600000|100%| O|  |TAMS 0x0000000085500000, 0x0000000085500000| Untracked 
|  66|0x0000000085600000, 0x0000000085700000, 0x0000000085700000|100%| O|  |TAMS 0x0000000085600000, 0x0000000085600000| Untracked 
|  67|0x0000000085700000, 0x0000000085800000, 0x0000000085800000|100%| O|  |TAMS 0x0000000085700000, 0x0000000085700000| Untracked 
|  68|0x0000000085800000, 0x00000000858c2e00, 0x0000000085900000| 76%| O|  |TAMS 0x0000000085800000, 0x0000000085800000| Untracked 
|  69|0x0000000085900000, 0x0000000085900000, 0x0000000085a00000|  0%| F|  |TAMS 0x0000000085900000, 0x0000000085900000| Untracked 
|  70|0x0000000085a00000, 0x0000000085a00000, 0x0000000085b00000|  0%| F|  |TAMS 0x0000000085a00000, 0x0000000085a00000| Untracked 
|  71|0x0000000085b00000, 0x0000000085b00000, 0x0000000085c00000|  0%| F|  |TAMS 0x0000000085b00000, 0x0000000085b00000| Untracked 
|  72|0x0000000085c00000, 0x0000000085c00000, 0x0000000085d00000|  0%| F|  |TAMS 0x0000000085c00000, 0x0000000085c00000| Untracked 
|  73|0x0000000085d00000, 0x0000000085d00000, 0x0000000085e00000|  0%| F|  |TAMS 0x0000000085d00000, 0x0000000085d00000| Untracked 
|  74|0x0000000085e00000, 0x0000000085e00000, 0x0000000085f00000|  0%| F|  |TAMS 0x0000000085e00000, 0x0000000085e00000| Untracked 
|  75|0x0000000085f00000, 0x0000000085f00000, 0x0000000086000000|  0%| F|  |TAMS 0x0000000085f00000, 0x0000000085f00000| Untracked 
|  76|0x0000000086000000, 0x0000000086000000, 0x0000000086100000|  0%| F|  |TAMS 0x0000000086000000, 0x0000000086000000| Untracked 
|  77|0x0000000086100000, 0x0000000086100000, 0x0000000086200000|  0%| F|  |TAMS 0x0000000086100000, 0x0000000086100000| Untracked 
|  78|0x0000000086200000, 0x0000000086200000, 0x0000000086300000|  0%| F|  |TAMS 0x0000000086200000, 0x0000000086200000| Untracked 
|  79|0x0000000086300000, 0x0000000086300000, 0x0000000086400000|  0%| F|  |TAMS 0x0000000086300000, 0x0000000086300000| Untracked 
|  80|0x0000000086400000, 0x0000000086400000, 0x0000000086500000|  0%| F|  |TAMS 0x0000000086400000, 0x0000000086400000| Untracked 
|  81|0x0000000086500000, 0x0000000086500000, 0x0000000086600000|  0%| F|  |TAMS 0x0000000086500000, 0x0000000086500000| Untracked 
|  82|0x0000000086600000, 0x0000000086600000, 0x0000000086700000|  0%| F|  |TAMS 0x0000000086600000, 0x0000000086600000| Untracked 
|  83|0x0000000086700000, 0x0000000086700000, 0x0000000086800000|  0%| F|  |TAMS 0x0000000086700000, 0x0000000086700000| Untracked 
|  84|0x0000000086800000, 0x0000000086800000, 0x0000000086900000|  0%| F|  |TAMS 0x0000000086800000, 0x0000000086800000| Untracked 
|  85|0x0000000086900000, 0x0000000086900000, 0x0000000086a00000|  0%| F|  |TAMS 0x0000000086900000, 0x0000000086900000| Untracked 
|  86|0x0000000086a00000, 0x0000000086a00000, 0x0000000086b00000|  0%| F|  |TAMS 0x0000000086a00000, 0x0000000086a00000| Untracked 
|  87|0x0000000086b00000, 0x0000000086b00000, 0x0000000086c00000|  0%| F|  |TAMS 0x0000000086b00000, 0x0000000086b00000| Untracked 
|  88|0x0000000086c00000, 0x0000000086c00000, 0x0000000086d00000|  0%| F|  |TAMS 0x0000000086c00000, 0x0000000086c00000| Untracked 
|  89|0x0000000086d00000, 0x0000000086d00000, 0x0000000086e00000|  0%| F|  |TAMS 0x0000000086d00000, 0x0000000086d00000| Untracked 
|  90|0x0000000086e00000, 0x0000000086e00000, 0x0000000086f00000|  0%| F|  |TAMS 0x0000000086e00000, 0x0000000086e00000| Untracked 
|  91|0x0000000086f00000, 0x0000000086f00000, 0x0000000087000000|  0%| F|  |TAMS 0x0000000086f00000, 0x0000000086f00000| Untracked 
|  92|0x0000000087000000, 0x0000000087000000, 0x0000000087100000|  0%| F|  |TAMS 0x0000000087000000, 0x0000000087000000| Untracked 
|  93|0x0000000087100000, 0x0000000087100000, 0x0000000087200000|  0%| F|  |TAMS 0x0000000087100000, 0x0000000087100000| Untracked 
|  94|0x0000000087200000, 0x0000000087200000, 0x0000000087300000|  0%| F|  |TAMS 0x0000000087200000, 0x0000000087200000| Untracked 
|  95|0x0000000087300000, 0x0000000087300000, 0x0000000087400000|  0%| F|  |TAMS 0x0000000087300000, 0x0000000087300000| Untracked 
|  96|0x0000000087400000, 0x0000000087400000, 0x0000000087500000|  0%| F|  |TAMS 0x0000000087400000, 0x0000000087400000| Untracked 
|  97|0x0000000087500000, 0x0000000087500000, 0x0000000087600000|  0%| F|  |TAMS 0x0000000087500000, 0x0000000087500000| Untracked 
|  98|0x0000000087600000, 0x0000000087600000, 0x0000000087700000|  0%| F|  |TAMS 0x0000000087600000, 0x0000000087600000| Untracked 
|  99|0x0000000087700000, 0x0000000087700000, 0x0000000087800000|  0%| F|  |TAMS 0x0000000087700000, 0x0000000087700000| Untracked 
| 100|0x0000000087800000, 0x0000000087800000, 0x0000000087900000|  0%| F|  |TAMS 0x0000000087800000, 0x0000000087800000| Untracked 
| 101|0x0000000087900000, 0x0000000087900000, 0x0000000087a00000|  0%| F|  |TAMS 0x0000000087900000, 0x0000000087900000| Untracked 
| 102|0x0000000087a00000, 0x0000000087a00000, 0x0000000087b00000|  0%| F|  |TAMS 0x0000000087a00000, 0x0000000087a00000| Untracked 
| 103|0x0000000087b00000, 0x0000000087b00000, 0x0000000087c00000|  0%| F|  |TAMS 0x0000000087b00000, 0x0000000087b00000| Untracked 
| 104|0x0000000087c00000, 0x0000000087c00000, 0x0000000087d00000|  0%| F|  |TAMS 0x0000000087c00000, 0x0000000087c00000| Untracked 
| 105|0x0000000087d00000, 0x0000000087d00000, 0x0000000087e00000|  0%| F|  |TAMS 0x0000000087d00000, 0x0000000087d00000| Untracked 
| 106|0x0000000087e00000, 0x0000000087e00000, 0x0000000087f00000|  0%| F|  |TAMS 0x0000000087e00000, 0x0000000087e00000| Untracked 
| 107|0x0000000087f00000, 0x0000000087f00000, 0x0000000088000000|  0%| F|  |TAMS 0x0000000087f00000, 0x0000000087f00000| Untracked 
| 108|0x0000000088000000, 0x0000000088000000, 0x0000000088100000|  0%| F|  |TAMS 0x0000000088000000, 0x0000000088000000| Untracked 
| 109|0x0000000088100000, 0x0000000088100000, 0x0000000088200000|  0%| F|  |TAMS 0x0000000088100000, 0x0000000088100000| Untracked 
| 110|0x0000000088200000, 0x0000000088200000, 0x0000000088300000|  0%| F|  |TAMS 0x0000000088200000, 0x0000000088200000| Untracked 
| 111|0x0000000088300000, 0x0000000088300000, 0x0000000088400000|  0%| F|  |TAMS 0x0000000088300000, 0x0000000088300000| Untracked 
| 112|0x0000000088400000, 0x0000000088400000, 0x0000000088500000|  0%| F|  |TAMS 0x0000000088400000, 0x0000000088400000| Untracked 
| 113|0x0000000088500000, 0x0000000088500000, 0x0000000088600000|  0%| F|  |TAMS 0x0000000088500000, 0x0000000088500000| Untracked 
| 114|0x0000000088600000, 0x0000000088600000, 0x0000000088700000|  0%| F|  |TAMS 0x0000000088600000, 0x0000000088600000| Untracked 
| 115|0x0000000088700000, 0x0000000088700000, 0x0000000088800000|  0%| F|  |TAMS 0x0000000088700000, 0x0000000088700000| Untracked 
| 116|0x0000000088800000, 0x0000000088800000, 0x0000000088900000|  0%| F|  |TAMS 0x0000000088800000, 0x0000000088800000| Untracked 
| 117|0x0000000088900000, 0x0000000088900000, 0x0000000088a00000|  0%| F|  |TAMS 0x0000000088900000, 0x0000000088900000| Untracked 
| 118|0x0000000088a00000, 0x0000000088a00000, 0x0000000088b00000|  0%| F|  |TAMS 0x0000000088a00000, 0x0000000088a00000| Untracked 
| 119|0x0000000088b00000, 0x0000000088b5d860, 0x0000000088c00000| 36%| S|CS|TAMS 0x0000000088b00000, 0x0000000088b00000| Complete 
| 120|0x0000000088c00000, 0x0000000088d00000, 0x0000000088d00000|100%| S|CS|TAMS 0x0000000088c00000, 0x0000000088c00000| Complete 
| 121|0x0000000088d00000, 0x0000000088e00000, 0x0000000088e00000|100%| S|CS|TAMS 0x0000000088d00000, 0x0000000088d00000| Complete 
| 122|0x0000000088e00000, 0x0000000088f00000, 0x0000000088f00000|100%| S|CS|TAMS 0x0000000088e00000, 0x0000000088e00000| Complete 
| 123|0x0000000088f00000, 0x0000000089000000, 0x0000000089000000|100%| S|CS|TAMS 0x0000000088f00000, 0x0000000088f00000| Complete 
| 124|0x0000000089000000, 0x0000000089000000, 0x0000000089100000|  0%| F|  |TAMS 0x0000000089000000, 0x0000000089000000| Untracked 
| 125|0x0000000089100000, 0x0000000089100000, 0x0000000089200000|  0%| F|  |TAMS 0x0000000089100000, 0x0000000089100000| Untracked 
| 126|0x0000000089200000, 0x0000000089200000, 0x0000000089300000|  0%| F|  |TAMS 0x0000000089200000, 0x0000000089200000| Untracked 
| 127|0x0000000089300000, 0x0000000089300000, 0x0000000089400000|  0%| F|  |TAMS 0x0000000089300000, 0x0000000089300000| Untracked 
| 128|0x0000000089400000, 0x0000000089400000, 0x0000000089500000|  0%| F|  |TAMS 0x0000000089400000, 0x0000000089400000| Untracked 
| 129|0x0000000089500000, 0x0000000089500000, 0x0000000089600000|  0%| F|  |TAMS 0x0000000089500000, 0x0000000089500000| Untracked 
| 130|0x0000000089600000, 0x0000000089600000, 0x0000000089700000|  0%| F|  |TAMS 0x0000000089600000, 0x0000000089600000| Untracked 
| 131|0x0000000089700000, 0x0000000089700000, 0x0000000089800000|  0%| F|  |TAMS 0x0000000089700000, 0x0000000089700000| Untracked 
| 132|0x0000000089800000, 0x0000000089800000, 0x0000000089900000|  0%| F|  |TAMS 0x0000000089800000, 0x0000000089800000| Untracked 
| 133|0x0000000089900000, 0x0000000089900000, 0x0000000089a00000|  0%| F|  |TAMS 0x0000000089900000, 0x0000000089900000| Untracked 
| 134|0x0000000089a00000, 0x0000000089a00000, 0x0000000089b00000|  0%| F|  |TAMS 0x0000000089a00000, 0x0000000089a00000| Untracked 
| 135|0x0000000089b00000, 0x0000000089b00000, 0x0000000089c00000|  0%| F|  |TAMS 0x0000000089b00000, 0x0000000089b00000| Untracked 
| 136|0x0000000089c00000, 0x0000000089c00000, 0x0000000089d00000|  0%| F|  |TAMS 0x0000000089c00000, 0x0000000089c00000| Untracked 
| 137|0x0000000089d00000, 0x0000000089d00000, 0x0000000089e00000|  0%| F|  |TAMS 0x0000000089d00000, 0x0000000089d00000| Untracked 
| 138|0x0000000089e00000, 0x0000000089e00000, 0x0000000089f00000|  0%| F|  |TAMS 0x0000000089e00000, 0x0000000089e00000| Untracked 
| 139|0x0000000089f00000, 0x0000000089f00000, 0x000000008a000000|  0%| F|  |TAMS 0x0000000089f00000, 0x0000000089f00000| Untracked 
| 140|0x000000008a000000, 0x000000008a000000, 0x000000008a100000|  0%| F|  |TAMS 0x000000008a000000, 0x000000008a000000| Untracked 
| 141|0x000000008a100000, 0x000000008a100000, 0x000000008a200000|  0%| F|  |TAMS 0x000000008a100000, 0x000000008a100000| Untracked 
| 142|0x000000008a200000, 0x000000008a200000, 0x000000008a300000|  0%| F|  |TAMS 0x000000008a200000, 0x000000008a200000| Untracked 
| 143|0x000000008a300000, 0x000000008a300000, 0x000000008a400000|  0%| F|  |TAMS 0x000000008a300000, 0x000000008a300000| Untracked 
| 144|0x000000008a400000, 0x000000008a400000, 0x000000008a500000|  0%| F|  |TAMS 0x000000008a400000, 0x000000008a400000| Untracked 
| 145|0x000000008a500000, 0x000000008a500000, 0x000000008a600000|  0%| F|  |TAMS 0x000000008a500000, 0x000000008a500000| Untracked 
| 146|0x000000008a600000, 0x000000008a600000, 0x000000008a700000|  0%| F|  |TAMS 0x000000008a600000, 0x000000008a600000| Untracked 
| 147|0x000000008a700000, 0x000000008a700000, 0x000000008a800000|  0%| F|  |TAMS 0x000000008a700000, 0x000000008a700000| Untracked 
| 148|0x000000008a800000, 0x000000008a800000, 0x000000008a900000|  0%| F|  |TAMS 0x000000008a800000, 0x000000008a800000| Untracked 
| 149|0x000000008a900000, 0x000000008a900000, 0x000000008aa00000|  0%| F|  |TAMS 0x000000008a900000, 0x000000008a900000| Untracked 
| 150|0x000000008aa00000, 0x000000008aa00000, 0x000000008ab00000|  0%| F|  |TAMS 0x000000008aa00000, 0x000000008aa00000| Untracked 
| 151|0x000000008ab00000, 0x000000008ab00000, 0x000000008ac00000|  0%| F|  |TAMS 0x000000008ab00000, 0x000000008ab00000| Untracked 
| 152|0x000000008ac00000, 0x000000008ac00000, 0x000000008ad00000|  0%| F|  |TAMS 0x000000008ac00000, 0x000000008ac00000| Untracked 
| 153|0x000000008ad00000, 0x000000008ad00000, 0x000000008ae00000|  0%| F|  |TAMS 0x000000008ad00000, 0x000000008ad00000| Untracked 
| 154|0x000000008ae00000, 0x000000008ae00000, 0x000000008af00000|  0%| F|  |TAMS 0x000000008ae00000, 0x000000008ae00000| Untracked 
| 155|0x000000008af00000, 0x000000008af00000, 0x000000008b000000|  0%| F|  |TAMS 0x000000008af00000, 0x000000008af00000| Untracked 
| 156|0x000000008b000000, 0x000000008b000000, 0x000000008b100000|  0%| F|  |TAMS 0x000000008b000000, 0x000000008b000000| Untracked 
| 157|0x000000008b100000, 0x000000008b100000, 0x000000008b200000|  0%| F|  |TAMS 0x000000008b100000, 0x000000008b100000| Untracked 
| 158|0x000000008b200000, 0x000000008b200000, 0x000000008b300000|  0%| F|  |TAMS 0x000000008b200000, 0x000000008b200000| Untracked 
| 159|0x000000008b300000, 0x000000008b300000, 0x000000008b400000|  0%| F|  |TAMS 0x000000008b300000, 0x000000008b300000| Untracked 
| 160|0x000000008b400000, 0x000000008b400000, 0x000000008b500000|  0%| F|  |TAMS 0x000000008b400000, 0x000000008b400000| Untracked 
| 161|0x000000008b500000, 0x000000008b500000, 0x000000008b600000|  0%| F|  |TAMS 0x000000008b500000, 0x000000008b500000| Untracked 
| 162|0x000000008b600000, 0x000000008b600000, 0x000000008b700000|  0%| F|  |TAMS 0x000000008b600000, 0x000000008b600000| Untracked 
| 163|0x000000008b700000, 0x000000008b700000, 0x000000008b800000|  0%| F|  |TAMS 0x000000008b700000, 0x000000008b700000| Untracked 

Card table byte_map: [0x00000281f5060000,0x00000281f5460000] _byte_map_base: 0x00000281f4c56000

Marking Bits (Prev, Next): (CMBitMap*) 0x00000281dcadefb0, (CMBitMap*) 0x00000281dcadef78
 Prev Bits: [0x00000281f7810000, 0x00000281f97c0000)
 Next Bits: [0x00000281f5860000, 0x00000281f7810000)

Polling page: 0x00000281e51c0000

Metaspace:

Usage:
  Non-class:     16.18 MB capacity,    16.02 MB (>99%) used,   128.61 KB ( <1%) free+waste,    33.44 KB ( <1%) overhead. 
      Class:      1.74 MB capacity,     1.65 MB ( 94%) used,    87.02 KB (  5%) free+waste,    13.25 KB ( <1%) overhead. 
       Both:     17.92 MB capacity,    17.66 MB ( 99%) used,   215.63 KB (  1%) free+waste,    46.69 KB ( <1%) overhead. 

Virtual space:
  Non-class space:       18.00 MB reserved,      16.25 MB ( 90%) committed 
      Class space:        1.00 GB reserved,       1.75 MB ( <1%) committed 
             Both:        1.02 GB reserved,      18.00 MB (  2%) committed 

Chunk freelists:
   Non-Class:  12.00 KB
       Class:  7.00 KB
        Both:  19.00 KB

MaxMetaspaceSize: 17179869184.00 GB
CompressedClassSpaceSize: 1.00 GB
Initial GC threshold: 20.80 MB
Current GC threshold: 26.67 MB
CDS: off

CodeHeap 'non-profiled nmethods': size=120000Kb used=2414Kb max_used=2414Kb free=117585Kb
 bounds [0x00000281eccb0000, 0x00000281ecf20000, 0x00000281f41e0000]
CodeHeap 'profiled nmethods': size=120000Kb used=10994Kb max_used=10994Kb free=109006Kb
 bounds [0x00000281e5780000, 0x00000281e6240000, 0x00000281eccb0000]
CodeHeap 'non-nmethods': size=5760Kb used=1154Kb max_used=1209Kb free=4605Kb
 bounds [0x00000281e51e0000, 0x00000281e5450000, 0x00000281e5780000]
 total_blobs=4479 nmethods=4074 adapters=316
 compilation: enabled
              stopped_count=0, restarted_count=0
 full_count=0

Compilation events (20 events):
Event: 4.089 Thread 0x00000281fcd74800 nmethod 3960 0x00000281ecf01090 code [0x00000281ecf01620, 0x00000281ecf04db8]
Event: 4.090 Thread 0x00000281fcd74800 4060       4       com.sun.tools.javac.comp.Attr::checkId (59 bytes)
Event: 4.090 Thread 0x00000281fca53800 4148       2       com.sun.tools.javac.code.Types$Rewriter::visitCapturedType (10 bytes)
Event: 4.090 Thread 0x00000281fca53800 nmethod 4148 0x00000281e6237190 code [0x00000281e6237340, 0x00000281e6237488]
Event: 4.090 Thread 0x00000281fca53800 4154       2       com.sun.tools.javac.code.Type$CapturedType::accept (9 bytes)
Event: 4.090 Thread 0x00000281fca53800 nmethod 4154 0x00000281e6237590 code [0x00000281e6237740, 0x00000281e6237868]
Event: 4.090 Thread 0x00000281fca53800 4151       2       com.sun.tools.javac.code.Types::asSub (13 bytes)
Event: 4.091 Thread 0x00000281fca53800 nmethod 4151 0x00000281e6237910 code [0x00000281e6237ac0, 0x00000281e6237c28]
Event: 4.091 Thread 0x00000281fca53800 4152       2       com.sun.tools.javac.code.Types$2::visitClassType (10 bytes)
Event: 4.091 Thread 0x00000281fca53800 nmethod 4152 0x00000281e6237d10 code [0x00000281e6237ec0, 0x00000281e6238008]
Event: 4.091 Thread 0x00000281fca53800 4153   !   2       com.sun.tools.javac.code.Types$2::visitClassType (321 bytes)
Event: 4.093 Thread 0x00000281fcd74800 nmethod 4060 0x00000281ecf0b610 code [0x00000281ecf0b7c0, 0x00000281ecf0b978]
Event: 4.093 Thread 0x00000281fca53800 nmethod 4153 0x00000281e6238110 code [0x00000281e6238460, 0x00000281e62393d8]
Event: 4.093 Thread 0x00000281fcd74800 4141       4       com.sun.tools.javac.code.Types::isAssignable (164 bytes)
Event: 4.093 Thread 0x00000281fca53800 4149       2       com.sun.tools.javac.code.Types$Rewriter::visitCapturedType (65 bytes)
Event: 4.093 Thread 0x00000281fca53800 nmethod 4149 0x00000281e6239e90 code [0x00000281e623a0c0, 0x00000281e623a4a8]
Event: 4.093 Thread 0x00000281fca53800 4150       2       com.sun.tools.javac.code.Types::notSoftSubtype (83 bytes)
Event: 4.094 Thread 0x00000281fca53800 nmethod 4150 0x00000281e623a790 code [0x00000281e623aa00, 0x00000281e623b0d8]
Event: 4.094 Thread 0x00000281fca53800 4156       2       com.sun.tools.javac.comp.Resolve$AbstractMethodCheck::reportMC (174 bytes)
Event: 4.096 Thread 0x00000281fca53800 nmethod 4156 0x00000281e623b490 code [0x00000281e623b740, 0x00000281e623c178]

GC Heap History (20 events):
Event: 1.508 GC heap after
{Heap after GC invocations=32 (full 0):
 garbage-first heap   total 32768K, used 18086K [0x0000000081400000, 0x0000000100000000)
  region size 1024K, 1 young (1024K), 1 survivors (1024K)
 Metaspace       used 13772K, capacity 14068K, committed 14336K, reserved 1062912K
  class space    used 1434K, capacity 1503K, committed 1536K, reserved 1048576K
}
Event: 1.520 GC heap before
{Heap before GC invocations=32 (full 0):
 garbage-first heap   total 32768K, used 20134K [0x0000000081400000, 0x0000000100000000)
  region size 1024K, 4 young (4096K), 1 survivors (1024K)
 Metaspace       used 13772K, capacity 14068K, committed 14336K, reserved 1062912K
  class space    used 1434K, capacity 1503K, committed 1536K, reserved 1048576K
}
Event: 1.521 GC heap after
{Heap after GC invocations=33 (full 0):
 garbage-first heap   total 32768K, used 18244K [0x0000000081400000, 0x0000000100000000)
  region size 1024K, 1 young (1024K), 1 survivors (1024K)
 Metaspace       used 13772K, capacity 14068K, committed 14336K, reserved 1062912K
  class space    used 1434K, capacity 1503K, committed 1536K, reserved 1048576K
}
Event: 1.549 GC heap before
{Heap before GC invocations=34 (full 0):
 garbage-first heap   total 41984K, used 32580K [0x0000000081400000, 0x0000000100000000)
  region size 1024K, 2 young (2048K), 1 survivors (1024K)
 Metaspace       used 13772K, capacity 14068K, committed 14336K, reserved 1062912K
  class space    used 1434K, capacity 1503K, committed 1536K, reserved 1048576K
}
Event: 1.551 GC heap after
{Heap after GC invocations=35 (full 0):
 garbage-first heap   total 80896K, used 18429K [0x0000000081400000, 0x0000000100000000)
  region size 1024K, 1 young (1024K), 1 survivors (1024K)
 Metaspace       used 13772K, capacity 14068K, committed 14336K, reserved 1062912K
  class space    used 1434K, capacity 1503K, committed 1536K, reserved 1048576K
}
Event: 1.803 GC heap before
{Heap before GC invocations=36 (full 0):
 garbage-first heap   total 80896K, used 39933K [0x0000000081400000, 0x0000000100000000)
  region size 1024K, 18 young (18432K), 1 survivors (1024K)
 Metaspace       used 13898K, capacity 14197K, committed 14336K, reserved 1062912K
  class space    used 1434K, capacity 1503K, committed 1536K, reserved 1048576K
}
Event: 1.811 GC heap after
{Heap after GC invocations=37 (full 0):
 garbage-first heap   total 80896K, used 24921K [0x0000000081400000, 0x0000000100000000)
  region size 1024K, 3 young (3072K), 3 survivors (3072K)
 Metaspace       used 13898K, capacity 14197K, committed 14336K, reserved 1062912K
  class space    used 1434K, capacity 1503K, committed 1536K, reserved 1048576K
}
Event: 2.094 GC heap before
{Heap before GC invocations=37 (full 0):
 garbage-first heap   total 80896K, used 46425K [0x0000000081400000, 0x0000000100000000)
  region size 1024K, 22 young (22528K), 3 survivors (3072K)
 Metaspace       used 15080K, capacity 15337K, committed 15488K, reserved 1062912K
  class space    used 1522K, capacity 1605K, committed 1664K, reserved 1048576K
}
Event: 2.104 GC heap after
{Heap after GC invocations=38 (full 0):
 garbage-first heap   total 80896K, used 33223K [0x0000000081400000, 0x0000000100000000)
  region size 1024K, 3 young (3072K), 3 survivors (3072K)
 Metaspace       used 15080K, capacity 15337K, committed 15488K, reserved 1062912K
  class space    used 1522K, capacity 1605K, committed 1664K, reserved 1048576K
}
Event: 2.364 GC heap before
{Heap before GC invocations=38 (full 0):
 garbage-first heap   total 80896K, used 50631K [0x0000000081400000, 0x0000000100000000)
  region size 1024K, 20 young (20480K), 3 survivors (3072K)
 Metaspace       used 15812K, capacity 16120K, committed 16384K, reserved 1064960K
  class space    used 1578K, capacity 1692K, committed 1792K, reserved 1048576K
}
Event: 2.378 GC heap after
{Heap after GC invocations=39 (full 0):
 garbage-first heap   total 80896K, used 41584K [0x0000000081400000, 0x0000000100000000)
  region size 1024K, 3 young (3072K), 3 survivors (3072K)
 Metaspace       used 15812K, capacity 16120K, committed 16384K, reserved 1064960K
  class space    used 1578K, capacity 1692K, committed 1792K, reserved 1048576K
}
Event: 2.415 GC heap before
{Heap before GC invocations=39 (full 0):
 garbage-first heap   total 80896K, used 55920K [0x0000000081400000, 0x0000000100000000)
  region size 1024K, 17 young (17408K), 3 survivors (3072K)
 Metaspace       used 15853K, capacity 16130K, committed 16384K, reserved 1064960K
  class space    used 1581K, capacity 1695K, committed 1792K, reserved 1048576K
}
Event: 2.452 GC heap after
{Heap after GC invocations=40 (full 0):
 garbage-first heap   total 167936K, used 52736K [0x0000000081400000, 0x0000000100000000)
  region size 1024K, 3 young (3072K), 3 survivors (3072K)
 Metaspace       used 15853K, capacity 16130K, committed 16384K, reserved 1064960K
  class space    used 1581K, capacity 1695K, committed 1792K, reserved 1048576K
}
Event: 2.737 GC heap before
{Heap before GC invocations=41 (full 0):
 garbage-first heap   total 167936K, used 89600K [0x0000000081400000, 0x0000000100000000)
  region size 1024K, 37 young (37888K), 3 survivors (3072K)
 Metaspace       used 16177K, capacity 16530K, committed 16640K, reserved 1064960K
  class space    used 1586K, capacity 1696K, committed 1792K, reserved 1048576K
}
Event: 2.756 GC heap after
{Heap after GC invocations=42 (full 0):
 garbage-first heap   total 167936K, used 64000K [0x0000000081400000, 0x0000000100000000)
  region size 1024K, 5 young (5120K), 5 survivors (5120K)
 Metaspace       used 16177K, capacity 16530K, committed 16640K, reserved 1064960K
  class space    used 1586K, capacity 1696K, committed 1792K, reserved 1048576K
}
Event: 3.225 GC heap before
{Heap before GC invocations=42 (full 0):
 garbage-first heap   total 167936K, used 99840K [0x0000000081400000, 0x0000000100000000)
  region size 1024K, 40 young (40960K), 5 survivors (5120K)
 Metaspace       used 17403K, capacity 17702K, committed 17920K, reserved 1064960K
  class space    used 1683K, capacity 1785K, committed 1792K, reserved 1048576K
}
Event: 3.247 GC heap after
{Heap after GC invocations=43 (full 0):
 garbage-first heap   total 167936K, used 70144K [0x0000000081400000, 0x0000000100000000)
  region size 1024K, 5 young (5120K), 5 survivors (5120K)
 Metaspace       used 17403K, capacity 17702K, committed 17920K, reserved 1064960K
  class space    used 1683K, capacity 1785K, committed 1792K, reserved 1048576K
}
Event: 3.812 GC heap before
{Heap before GC invocations=43 (full 0):
 garbage-first heap   total 167936K, used 105984K [0x0000000081400000, 0x0000000100000000)
  region size 1024K, 40 young (40960K), 5 survivors (5120K)
 Metaspace       used 17921K, capacity 18220K, committed 18432K, reserved 1067008K
  class space    used 1684K, capacity 1785K, committed 1792K, reserved 1048576K
}
Event: 3.829 GC heap after
{Heap after GC invocations=44 (full 0):
 garbage-first heap   total 167936K, used 72780K [0x0000000081400000, 0x0000000100000000)
  region size 1024K, 3 young (3072K), 3 survivors (3072K)
 Metaspace       used 17921K, capacity 18220K, committed 18432K, reserved 1067008K
  class space    used 1684K, capacity 1785K, committed 1792K, reserved 1048576K
}
Event: 4.097 GC heap before
{Heap before GC invocations=44 (full 0):
 garbage-first heap   total 167936K, used 110668K [0x0000000081400000, 0x0000000100000000)
  region size 1024K, 40 young (40960K), 3 survivors (3072K)
 Metaspace       used 18086K, capacity 18349K, committed 18432K, reserved 1067008K
  class space    used 1684K, capacity 1785K, committed 1792K, reserved 1048576K
}

Deoptimization events (20 events):
Event: 3.728 Thread 0x00000281dca99800 DEOPT PACKING pc=0x00000281ecedbe30 sp=0x000000fa1a6feae0
Event: 3.728 Thread 0x00000281dca99800 DEOPT UNPACKING pc=0x00000281e522a1af sp=0x000000fa1a6fe978 mode 2
Event: 3.728 Thread 0x00000281dca99800 Uncommon trap: trap_request=0xffffffc6 fr.pc=0x00000281ecedc478 relative=0x0000000000000138
Event: 3.728 Thread 0x00000281dca99800 Uncommon trap: reason=bimorphic_or_optimized_type_check action=maybe_recompile pc=0x00000281ecedc478 method=com.sun.tools.javac.code.Scope$Entry.next(Lcom/sun/tools/javac/util/Filter;)Lcom/sun/tools/javac/code/Scope$Entry; @ 22 c2
Event: 3.728 Thread 0x00000281dca99800 DEOPT PACKING pc=0x00000281ecedc478 sp=0x000000fa1a6fea30
Event: 3.728 Thread 0x00000281dca99800 DEOPT UNPACKING pc=0x00000281e522a1af sp=0x000000fa1a6fe9c8 mode 2
Event: 3.878 Thread 0x00000281dca99800 Uncommon trap: trap_request=0xffffff4d fr.pc=0x00000281ecee8790 relative=0x00000000000007d0
Event: 3.878 Thread 0x00000281dca99800 Uncommon trap: reason=unstable_if action=reinterpret pc=0x00000281ecee8790 method=com.sun.tools.javac.code.Symbol$ClassSymbol.isSubClass(Lcom/sun/tools/javac/code/Symbol;Lcom/sun/tools/javac/code/Types;)Z @ 105 c2
Event: 3.878 Thread 0x00000281dca99800 DEOPT PACKING pc=0x00000281ecee8790 sp=0x000000fa1a6fe550
Event: 3.878 Thread 0x00000281dca99800 DEOPT UNPACKING pc=0x00000281e522a1af sp=0x000000fa1a6fe520 mode 2
Event: 3.969 Thread 0x00000281dca99800 Uncommon trap: trap_request=0xffffffde fr.pc=0x00000281ece649a0 relative=0x0000000000000200
Event: 3.969 Thread 0x00000281dca99800 Uncommon trap: reason=class_check action=maybe_recompile pc=0x00000281ece649a0 method=com.sun.tools.javac.comp.Check.checkDeprecated(Lcom/sun/tools/javac/util/JCDiagnostic$DiagnosticPosition;Lcom/sun/tools/javac/code/Symbol;Lcom/sun/tools/javac/code/Symbo
Event: 3.969 Thread 0x00000281dca99800 DEOPT PACKING pc=0x00000281ece649a0 sp=0x000000fa1a6fe060
Event: 3.969 Thread 0x00000281dca99800 DEOPT UNPACKING pc=0x00000281e522a1af sp=0x000000fa1a6fe000 mode 2
Event: 3.990 Thread 0x00000281dca99800 Uncommon trap: trap_request=0xffffffde fr.pc=0x00000281ece649a0 relative=0x0000000000000200
Event: 3.990 Thread 0x00000281dca99800 Uncommon trap: reason=class_check action=maybe_recompile pc=0x00000281ece649a0 method=com.sun.tools.javac.comp.Check.checkDeprecated(Lcom/sun/tools/javac/util/JCDiagnostic$DiagnosticPosition;Lcom/sun/tools/javac/code/Symbol;Lcom/sun/tools/javac/code/Symbo
Event: 3.990 Thread 0x00000281dca99800 DEOPT PACKING pc=0x00000281ece649a0 sp=0x000000fa1a6fe920
Event: 3.990 Thread 0x00000281dca99800 DEOPT UNPACKING pc=0x00000281e522a1af sp=0x000000fa1a6fe8c0 mode 2
Event: 4.002 Thread 0x00000281dca99800 DEOPT PACKING pc=0x00000281e57f6374 sp=0x000000fa1a6fed40
Event: 4.002 Thread 0x00000281dca99800 DEOPT UNPACKING pc=0x00000281e522a95e sp=0x000000fa1a6fe2e0 mode 0

Classes redefined (0 events):
No events

Internal exceptions (20 events):
Event: 3.979 Thread 0x00000281dca99800 Exception <a 'sun/nio/fs/WindowsException'{0x000000008a22fca8}> (0x000000008a22fca8) thrown at [./src/hotspot/share/prims/jni.cpp, line 615]
Event: 3.980 Thread 0x00000281dca99800 Exception <a 'sun/nio/fs/WindowsException'{0x000000008a23bcc8}> (0x000000008a23bcc8) thrown at [./src/hotspot/share/prims/jni.cpp, line 615]
Event: 3.988 Thread 0x00000281dca99800 Exception <a 'sun/nio/fs/WindowsException'{0x000000008a170308}> (0x000000008a170308) thrown at [./src/hotspot/share/prims/jni.cpp, line 615]
Event: 3.993 Thread 0x00000281dca99800 Exception <a 'sun/nio/fs/WindowsException'{0x000000008a1b00f8}> (0x000000008a1b00f8) thrown at [./src/hotspot/share/prims/jni.cpp, line 615]
Event: 4.003 Thread 0x00000281dca99800 Exception <a 'sun/nio/fs/WindowsException'{0x0000000089f10e38}> (0x0000000089f10e38) thrown at [./src/hotspot/share/prims/jni.cpp, line 615]
Event: 4.013 Thread 0x00000281dca99800 Exception <a 'sun/nio/fs/WindowsException'{0x0000000089ed98a0}> (0x0000000089ed98a0) thrown at [./src/hotspot/share/prims/jni.cpp, line 615]
Event: 4.016 Thread 0x00000281dca99800 Exception <a 'sun/nio/fs/WindowsException'{0x0000000089efc0a0}> (0x0000000089efc0a0) thrown at [./src/hotspot/share/prims/jni.cpp, line 615]
Event: 4.020 Thread 0x00000281dca99800 Exception <a 'sun/nio/fs/WindowsException'{0x0000000089d1e560}> (0x0000000089d1e560) thrown at [./src/hotspot/share/prims/jni.cpp, line 615]
Event: 4.026 Thread 0x00000281dca99800 Exception <a 'sun/nio/fs/WindowsException'{0x0000000089d684a8}> (0x0000000089d684a8) thrown at [./src/hotspot/share/prims/jni.cpp, line 615]
Event: 4.035 Thread 0x00000281dca99800 Exception <a 'sun/nio/fs/WindowsException'{0x0000000089ce82b8}> (0x0000000089ce82b8) thrown at [./src/hotspot/share/prims/jni.cpp, line 615]
Event: 4.038 Thread 0x00000281dca99800 Exception <a 'sun/nio/fs/WindowsException'{0x0000000089b0d448}> (0x0000000089b0d448) thrown at [./src/hotspot/share/prims/jni.cpp, line 615]
Event: 4.053 Thread 0x00000281dca99800 Exception <a 'sun/nio/fs/WindowsException'{0x000000008983d380}> (0x000000008983d380) thrown at [./src/hotspot/share/prims/jni.cpp, line 615]
Event: 4.055 Thread 0x00000281dca99800 Exception <a 'sun/nio/fs/WindowsException'{0x0000000089847c70}> (0x0000000089847c70) thrown at [./src/hotspot/share/prims/jni.cpp, line 615]
Event: 4.058 Thread 0x00000281dca99800 Exception <a 'sun/nio/fs/WindowsException'{0x0000000089874800}> (0x0000000089874800) thrown at [./src/hotspot/share/prims/jni.cpp, line 615]
Event: 4.062 Thread 0x00000281dca99800 Exception <a 'sun/nio/fs/WindowsException'{0x0000000089897118}> (0x0000000089897118) thrown at [./src/hotspot/share/prims/jni.cpp, line 615]
Event: 4.067 Thread 0x00000281dca99800 Exception <a 'sun/nio/fs/WindowsException'{0x000000008974e2f0}> (0x000000008974e2f0) thrown at [./src/hotspot/share/prims/jni.cpp, line 615]
Event: 4.071 Thread 0x00000281dca99800 Exception <a 'sun/nio/fs/WindowsException'{0x000000008976c6a0}> (0x000000008976c6a0) thrown at [./src/hotspot/share/prims/jni.cpp, line 615]
Event: 4.076 Thread 0x00000281dca99800 Exception <a 'sun/nio/fs/WindowsException'{0x00000000897bdab0}> (0x00000000897bdab0) thrown at [./src/hotspot/share/prims/jni.cpp, line 615]
Event: 4.077 Thread 0x00000281dca99800 Exception <a 'sun/nio/fs/WindowsException'{0x00000000897c5150}> (0x00000000897c5150) thrown at [./src/hotspot/share/prims/jni.cpp, line 615]
Event: 4.085 Thread 0x00000281dca99800 Exception <a 'sun/nio/fs/WindowsException'{0x0000000089574c90}> (0x0000000089574c90) thrown at [./src/hotspot/share/prims/jni.cpp, line 615]

Events (20 events):
Event: 3.042 loading class com/sun/tools/javac/util/ListBuffer done
Event: 3.097 Executing VM operation: ICBufferFull
Event: 3.098 Executing VM operation: ICBufferFull done
Event: 3.190 Executing VM operation: ICBufferFull
Event: 3.190 Executing VM operation: ICBufferFull done
Event: 3.225 Executing VM operation: G1CollectForAllocation
Event: 3.247 Executing VM operation: G1CollectForAllocation done
Event: 3.443 Executing VM operation: ICBufferFull
Event: 3.444 Executing VM operation: ICBufferFull done
Event: 3.658 Executing VM operation: ICBufferFull
Event: 3.658 Executing VM operation: ICBufferFull done
Event: 3.696 Executing VM operation: ICBufferFull
Event: 3.696 Executing VM operation: ICBufferFull done
Event: 3.737 Executing VM operation: ICBufferFull
Event: 3.738 Executing VM operation: ICBufferFull done
Event: 3.812 Executing VM operation: G1CollectForAllocation
Event: 3.829 Executing VM operation: G1CollectForAllocation done
Event: 3.958 Executing VM operation: ICBufferFull
Event: 3.958 Executing VM operation: ICBufferFull done
Event: 4.097 Executing VM operation: G1CollectForAllocation


Dynamic libraries:
0x00007ff631aa0000 - 0x00007ff631aa7000 	C:\Program Files\Microsoft\jdk-11.0.12.7-hotspot\bin\javac.exe
0x00007ffd50df0000 - 0x00007ffd50fe8000 	C:\Windows\SYSTEM32\ntdll.dll
0x00007ffd502d0000 - 0x00007ffd5038f000 	C:\Windows\System32\KERNEL32.DLL
0x00007ffd4eb60000 - 0x00007ffd4ee32000 	C:\Windows\System32\KERNELBASE.dll
0x00007ffd4e810000 - 0x00007ffd4e910000 	C:\Windows\System32\ucrtbase.dll
0x00007ffd47880000 - 0x00007ffd47897000 	C:\Program Files\Microsoft\jdk-11.0.12.7-hotspot\bin\jli.dll
0x00007ffd47810000 - 0x00007ffd47825000 	C:\Program Files\Microsoft\jdk-11.0.12.7-hotspot\bin\VCRUNTIME140.dll
0x00007ffd503b0000 - 0x00007ffd5054d000 	C:\Windows\System32\USER32.dll
0x00007ffd4e7e0000 - 0x00007ffd4e802000 	C:\Windows\System32\win32u.dll
0x00007ffd33c20000 - 0x00007ffd33eba000 	C:\Windows\WinSxS\amd64_microsoft.windows.common-controls_6595b64144ccf1df_6.0.19041.1110_none_60b5254171f9507e\COMCTL32.dll
0x00007ffd50d00000 - 0x00007ffd50d2b000 	C:\Windows\System32\GDI32.dll
0x00007ffd4f680000 - 0x00007ffd4f71e000 	C:\Windows\System32\msvcrt.dll
0x00007ffd4ea50000 - 0x00007ffd4eb5f000 	C:\Windows\System32\gdi32full.dll
0x00007ffd4e650000 - 0x00007ffd4e6ed000 	C:\Windows\System32\msvcp_win.dll
0x00007ffd4fee0000 - 0x00007ffd4ff12000 	C:\Windows\System32\IMM32.DLL
0x00007ffd22de0000 - 0x00007ffd22e7b000 	C:\Program Files\Microsoft\jdk-11.0.12.7-hotspot\bin\msvcp140.dll
0x00007ffd0bd70000 - 0x00007ffd0c8d1000 	C:\Program Files\Microsoft\jdk-11.0.12.7-hotspot\bin\server\jvm.dll
0x00007ffd50220000 - 0x00007ffd502ce000 	C:\Windows\System32\ADVAPI32.dll
0x00007ffd50170000 - 0x00007ffd5020c000 	C:\Windows\System32\sechost.dll
0x00007ffd4ff20000 - 0x00007ffd50045000 	C:\Windows\System32\RPCRT4.dll
0x00007ffd503a0000 - 0x00007ffd503a8000 	C:\Windows\System32\PSAPI.DLL
0x00007ffd48640000 - 0x00007ffd48649000 	C:\Windows\SYSTEM32\WSOCK32.dll
0x00007ffd48bc0000 - 0x00007ffd48bca000 	C:\Windows\SYSTEM32\VERSION.dll
0x00007ffd3f8e0000 - 0x00007ffd3f907000 	C:\Windows\SYSTEM32\WINMM.dll
0x00007ffd4f7d0000 - 0x00007ffd4f83b000 	C:\Windows\System32\WS2_32.dll
0x00007ffd4c3d0000 - 0x00007ffd4c3e2000 	C:\Windows\SYSTEM32\kernel.appcore.dll
0x00007ffd47a90000 - 0x00007ffd47aa0000 	C:\Program Files\Microsoft\jdk-11.0.12.7-hotspot\bin\verify.dll
0x00007ffd3f510000 - 0x00007ffd3f6f4000 	C:\Windows\SYSTEM32\DBGHELP.DLL
0x00007ffd3d1f0000 - 0x00007ffd3d21c000 	C:\Windows\SYSTEM32\dbgcore.DLL
0x00007ffd4e910000 - 0x00007ffd4e992000 	C:\Windows\System32\bcryptPrimitives.dll
0x00007ffd47730000 - 0x00007ffd47758000 	C:\Program Files\Microsoft\jdk-11.0.12.7-hotspot\bin\java.dll
0x00007ffd47870000 - 0x00007ffd4787a000 	C:\Program Files\Microsoft\jdk-11.0.12.7-hotspot\bin\jimage.dll
0x00007ffd476f0000 - 0x00007ffd47707000 	C:\Program Files\Microsoft\jdk-11.0.12.7-hotspot\bin\zip.dll
0x00007ffd505b0000 - 0x00007ffd50cf3000 	C:\Windows\System32\SHELL32.dll
0x00007ffd4c5d0000 - 0x00007ffd4cd62000 	C:\Windows\SYSTEM32\windows.storage.dll
0x00007ffd4f1f0000 - 0x00007ffd4f544000 	C:\Windows\System32\combase.dll
0x00007ffd4df50000 - 0x00007ffd4df80000 	C:\Windows\SYSTEM32\Wldp.dll
0x00007ffd4f720000 - 0x00007ffd4f7cd000 	C:\Windows\System32\SHCORE.dll
0x00007ffd50d30000 - 0x00007ffd50d85000 	C:\Windows\System32\shlwapi.dll
0x00007ffd4e430000 - 0x00007ffd4e44f000 	C:\Windows\SYSTEM32\profapi.dll
0x00007ffd39e80000 - 0x00007ffd39e99000 	C:\Program Files\Microsoft\jdk-11.0.12.7-hotspot\bin\net.dll
0x00007ffd418f0000 - 0x00007ffd419fc000 	C:\Windows\SYSTEM32\WINHTTP.dll
0x00007ffd4dcb0000 - 0x00007ffd4dd1a000 	C:\Windows\system32\mswsock.dll
0x00007ffd32ef0000 - 0x00007ffd32f02000 	C:\Program Files\Microsoft\jdk-11.0.12.7-hotspot\bin\nio.dll

dbghelp: loaded successfully - version: 4.0.5 - missing functions: none
symbol engine: initialized successfully - sym options: 0x614 - pdb path: .;C:\Program Files\Microsoft\jdk-11.0.12.7-hotspot\bin;C:\Windows\SYSTEM32;C:\Windows\WinSxS\amd64_microsoft.windows.common-controls_6595b64144ccf1df_6.0.19041.1110_none_60b5254171f9507e;C:\Program Files\Microsoft\jdk-11.0.12.7-hotspot\bin\server

VM Arguments:
jvm_args: -Dapplication.home=C:\Program Files\Microsoft\jdk-11.0.12.7-hotspot --add-modules=ALL-DEFAULT -Xms8m -Dfile.encoding=UTF8 -Djdk.module.main=jdk.compiler 
java_command: jdk.compiler/com.sun.tools.javac.Main @C:\Users\ADMIN\AppData\Local\Temp\tmp3D2E.tmp -target 1.8 -source 1.8
java_class_path (initial): <not set>
Launcher Type: SUN_STANDARD

[Global flags]
     intx CICompilerCount                          = 4                                         {product} {ergonomic}
     uint ConcGCThreads                            = 2                                         {product} {ergonomic}
     uint G1ConcRefinementThreads                  = 8                                         {product} {ergonomic}
   size_t G1HeapRegionSize                         = 1048576                                   {product} {ergonomic}
    uintx GCDrainStackTargetSize                   = 64                                        {product} {ergonomic}
   size_t InitialHeapSize                          = 8388608                                   {product} {command line}
   size_t MarkStackSize                            = 4194304                                   {product} {ergonomic}
   size_t MaxHeapSize                              = 2126512128                                {product} {ergonomic}
   size_t MaxNewSize                               = 1275068416                                {product} {ergonomic}
   size_t MinHeapDeltaBytes                        = 1048576                                   {product} {ergonomic}
    uintx NonNMethodCodeHeapSize                   = 5836300                                {pd product} {ergonomic}
    uintx NonProfiledCodeHeapSize                  = 122910970                              {pd product} {ergonomic}
    uintx ProfiledCodeHeapSize                     = 122910970                              {pd product} {ergonomic}
    uintx ReservedCodeCacheSize                    = 251658240                              {pd product} {ergonomic}
     bool SegmentedCodeCache                       = true                                      {product} {ergonomic}
     bool UseCompressedClassPointers               = true                                 {lp64_product} {ergonomic}
     bool UseCompressedOops                        = true                                 {lp64_product} {ergonomic}
     bool UseG1GC                                  = true                                      {product} {ergonomic}
     bool UseLargePagesIndividualAllocation        = false                                  {pd product} {ergonomic}

Logging:
Log output configuration:
 #0: stdout all=warning uptime,level,tags
 #1: stderr all=off uptime,level,tags

Environment Variables:
PATH=C:\Program Files\Microsoft\jdk-11.0.12.7-hotspot\bin;C:\Program Files (x86)\Common Files\Oracle\Java\javapath;C:\Windows\system32;C:\Windows;C:\Windows\System32\Wbem;C:\Windows\System32\WindowsPowerShell\v1.0\;C:\Windows\System32\OpenSSH\;C:\Program Files (x86)\NVIDIA Corporation\PhysX\Common;C:\Program Files\NVIDIA Corporation\NVIDIA NvDLISR;C:\Program Files\Git\cmd;C:\Program Files\nodejs\;C:\Program Files\dotnet\;C:\Users\ADMIN\AppData\Local\Programs\Python\Python39\Scripts\;C:\Users\ADMIN\AppData\Local\Programs\Python\Python39\;C:\Users\ADMIN\AppData\Local\Microsoft\WindowsApps;;C:\Users\ADMIN\AppData\Local\Programs\Microsoft VS Code\bin;C:\Users\ADMIN\AppData\Roaming\npm;C:\Users\ADMIN\.dotnet\tools
USERNAME=ADMIN
OS=Windows_NT
PROCESSOR_IDENTIFIER=Intel64 Family 6 Model 165 Stepping 5, GenuineIntel



---------------  S Y S T E M  ---------------

OS: Windows 10 , 64 bit Build 19041 (10.0.19041.2251)
OS uptime: 7 days 22:40 hours

CPU:total 8 (initial active 8) (6 cores per cpu, 2 threads per core) family 6 model 165 stepping 5 microcode 0xc8, cmov, cx8, fxsr, mmx, sse, sse2, sse3, ssse3, sse4.1, sse4.2, popcnt, avx, avx2, aes, clmul, erms, 3dnowpref, lzcnt, ht, tsc, tscinvbit, bmi1, bmi2, adx, fma

Memory: 4k page, system-wide physical 8104M (1033M free)
TotalPageFile size 28031M (AvailPageFile size 53M)
current process WorkingSet (physical memory assigned to process): 238M, peak: 244M
current process commit charge ("private bytes"): 314M, peak: 526M

vm_info: OpenJDK 64-Bit Server VM (11.0.12+7) for windows-amd64 JRE (11.0.12+7), built on Jul 21 2021 15:41:43 by "" with unknown MS VC++:1916

END.
