#
# There is insufficient memory for the Java Runtime Environment to continue.
# Native memory allocation (mmap) failed to map 134217728 bytes for Failed to commit area from 0x0000000089400000 to 0x0000000091400000 of length 134217728.
# Possible reasons:
#   The system is out of physical RAM or swap space
#   The process is running with CompressedOops enabled, and the Java Heap may be blocking the growth of the native heap
# Possible solutions:
#   Reduce memory load on the system
#   Increase physical memory or swap space
#   Check if swap backing store is full
#   Decrease Java heap size (-Xmx/-Xms)
#   Decrease number of Java threads
#   Decrease Java thread stack sizes (-Xss)
#   Set larger code cache with -XX:ReservedCodeCacheSize=
#   JVM is running with Unscaled Compressed Oops mode in which the Java heap is
#     placed in the first 4GB address space. The Java Heap base address is the
#     maximum limit for the native heap growth. Please use -XX:HeapBaseMinAddress
#     to set the Java Heap base and to place the Java Heap above 4GB virtual address.
# This output file may be truncated or incomplete.
#
#  Out of Memory Error (./src/hotspot/os/windows/os_windows.cpp:3380), pid=29420, tid=11428
#
# JRE version: OpenJDK Runtime Environment Microsoft-25199 (11.0.12+7) (build 11.0.12+7)
# Java VM: OpenJDK 64-Bit Server VM Microsoft-25199 (11.0.12+7, mixed mode, tiered, compressed oops, g1 gc, windows-amd64)
# No core dump will be written. Minidumps are not enabled by default on client versions of Windows
#

---------------  S U M M A R Y ------------

Command Line: com.xamarin.manifestmerger.Main obj\Debug\130\android\manifestmerger.rsp

Host: Intel(R) Core(TM) i5-10400F CPU @ 2.90GHz, 8 cores, 7G,  Windows 10 , 64 bit Build 19041 (10.0.19041.2251)
Time: Thu Dec 15 04:13:01 2022 Hora est. Pacífico, Sudamérica elapsed time: 1.041924 seconds (0d 0h 0m 1s)

---------------  T H R E A D  ---------------

Current thread (0x000001feffcf1000):  VMThread "VM Thread" [stack: 0x000000cd62800000,0x000000cd62900000] [id=11428]

Stack: [0x000000cd62800000,0x000000cd62900000]
[error occurred during error reporting (printing stack bounds), id 0xc0000005, EXCEPTION_ACCESS_VIOLATION (0xc0000005) at pc=0x000001fe8864112d]

Native frames: (J=compiled Java code, j=interpreted, Vv=VM code, C=native code)
V  [jvm.dll+0x6090fa]
V  [jvm.dll+0x79229e]
V  [jvm.dll+0x79396f]
V  [jvm.dll+0x793f95]
V  [jvm.dll+0x793f4b]
V  [jvm.dll+0x608487]
V  [jvm.dll+0x608b98]
C  [ntdll.dll+0xa241f]
C  [ntdll.dll+0x514a4]
C  [ntdll.dll+0xa0f4e]
C  0x000001fe8864112d

VM_Operation (0x000000cd622fbad0): G1CollectForAllocation, mode: safepoint, requested by thread 0x000001fefdb77000


---------------  P R O C E S S  ---------------

Threads class SMR info:
_java_thread_list=0x000001fe9df40d80, length=12, elements={
0x000001fefdb77000, 0x000001feffd17000, 0x000001feffd20800, 0x000001feffd31800,
0x000001feffd33800, 0x000001feffd34800, 0x000001feffd38800, 0x000001feffd44000,
0x000001fe9ddec000, 0x000001fe9df64800, 0x000001fe9df6b800, 0x000001fe9df5c000
}

Java Threads: ( => current thread )
  0x000001fefdb77000 JavaThread "main" [_thread_blocked, id=13844, stack(0x000000cd62200000,0x000000cd62300000)]
  0x000001feffd17000 JavaThread "Reference Handler" daemon [_thread_blocked, id=28660, stack(0x000000cd62900000,0x000000cd62a00000)]
  0x000001feffd20800 JavaThread "Finalizer" daemon [_thread_blocked, id=27612, stack(0x000000cd62a00000,0x000000cd62b00000)]
  0x000001feffd31800 JavaThread "Signal Dispatcher" daemon [_thread_blocked, id=4100, stack(0x000000cd62b00000,0x000000cd62c00000)]
  0x000001feffd33800 JavaThread "Attach Listener" daemon [_thread_blocked, id=22236, stack(0x000000cd62c00000,0x000000cd62d00000)]
  0x000001feffd34800 JavaThread "Service Thread" daemon [_thread_blocked, id=17916, stack(0x000000cd62d00000,0x000000cd62e00000)]
  0x000001feffd38800 JavaThread "C2 CompilerThread0" daemon [_thread_blocked, id=6312, stack(0x000000cd62e00000,0x000000cd62f00000)]
  0x000001feffd44000 JavaThread "C1 CompilerThread0" daemon [_thread_blocked, id=19268, stack(0x000000cd62f00000,0x000000cd63000000)]
  0x000001fe9ddec000 JavaThread "Sweeper thread" daemon [_thread_blocked, id=29664, stack(0x000000cd63000000,0x000000cd63100000)]
  0x000001fe9df64800 JavaThread "Common-Cleaner" daemon [_thread_blocked, id=18008, stack(0x000000cd63200000,0x000000cd63300000)]
  0x000001fe9df6b800 JavaThread "C2 CompilerThread1" daemon [_thread_blocked, id=15444, stack(0x000000cd63300000,0x000000cd63400000)]
  0x000001fe9df5c000 JavaThread "C2 CompilerThread2" daemon [_thread_blocked, id=16540, stack(0x000000cd63400000,0x000000cd63500000)]

Other Threads:
=>0x000001feffcf1000 VMThread "VM Thread" [stack: 0x000000cd62800000,0x000000cd62900000] [id=11428]
  0x000001fe9df5a800 WatcherThread [stack: 0x000000cd63100000,0x000000cd63200000] [id=12792]
  0x000001fefdb8d800 GCTaskThread "GC Thread#0" [stack: 0x000000cd62300000,0x000000cd62400000] [id=7560]
  0x000001fe9e565800 GCTaskThread "GC Thread#1" [stack: 0x000000cd63500000,0x000000cd63600000] [id=19888]
  0x000001fe9e19d800 GCTaskThread "GC Thread#2" [stack: 0x000000cd63600000,0x000000cd63700000] [id=14988]
  0x000001fefdbc0800 ConcurrentGCThread "G1 Main Marker" [stack: 0x000000cd62400000,0x000000cd62500000] [id=28076]
  0x000001fefdbc4000 ConcurrentGCThread "G1 Conc#0" [stack: 0x000000cd62500000,0x000000cd62600000] [id=19904]
  0x000001feffb60800 ConcurrentGCThread "G1 Refine#0" [stack: 0x000000cd62600000,0x000000cd62700000] [id=22360]
  0x000001fe9df5d000 ConcurrentGCThread "G1 Refine#1" [stack: 0x000000cd63700000,0x000000cd63800000] [id=7476]
  0x000001fe9e6dc800 ConcurrentGCThread "G1 Refine#2" [stack: 0x000000cd63800000,0x000000cd63900000] [id=17876]
  0x000001fe9e4e8000 ConcurrentGCThread "G1 Refine#3" [stack: 0x000000cd63900000,0x000000cd63a00000] [id=2864]
  0x000001fe9e6dd000 ConcurrentGCThread "G1 Refine#4" [stack: 0x000000cd63a00000,0x000000cd63b00000] [id=2404]
  0x000001fe9e504000 ConcurrentGCThread "G1 Refine#5" [stack: 0x000000cd63b00000,0x000000cd63c00000] [id=24172]
  0x000001feffb61800 ConcurrentGCThread "G1 Young RemSet Sampling" [stack: 0x000000cd62700000,0x000000cd62800000] [id=24076]

Threads with active compile tasks:
C2 CompilerThread0   1057  820 %     4       sun.security.util.ManifestDigester::<init> @ 220 (360 bytes)
C2 CompilerThread1   1057  829 %     4       java.util.jar.Manifest::read @ 42 (340 bytes)

VM state:at safepoint (normal execution)

VM Mutex/Monitor currently owned by a thread:  ([mutex/lock_event])
[0x000001fefdb72bc0] Threads_lock - owner thread: 0x000001feffcf1000
[0x000001fefdb72860] Heap_lock - owner thread: 0x000001fefdb77000

Heap address: 0x0000000081400000, size: 2028 MB, Compressed Oops mode: 32-bit
Narrow klass base: 0x0000000000000000, Narrow klass shift: 3
Compressed class space size: 1073741824 Address: 0x0000000100000000

Heap:
 garbage-first heap   total 262144K, used 65359K [0x0000000081400000, 0x0000000100000000)
  region size 1024K, 5 young (5120K), 5 survivors (5120K)
 Metaspace       used 9948K, capacity 10094K, committed 10240K, reserved 1058816K
  class space    used 937K, capacity 982K, committed 1024K, reserved 1048576K
Heap Regions: E=young(eden), S=young(survivor), O=old, HS=humongous(starts), HC=humongous(continues), CS=collection set, F=free, A=archive, TAMS=top-at-mark-start (previous, next)
|   0|0x0000000081400000, 0x0000000081500000, 0x0000000081500000|100%|HS|  |TAMS 0x0000000081400000, 0x0000000081400000| Complete 
|   1|0x0000000081500000, 0x0000000081600000, 0x0000000081600000|100%|HC|  |TAMS 0x0000000081500000, 0x0000000081500000| Complete 
|   2|0x0000000081600000, 0x0000000081700000, 0x0000000081700000|100%|HC|  |TAMS 0x0000000081600000, 0x0000000081600000| Complete 
|   3|0x0000000081700000, 0x0000000081800000, 0x0000000081800000|100%| O|  |TAMS 0x0000000081700000, 0x0000000081700000| Untracked 
|   4|0x0000000081800000, 0x0000000081900000, 0x0000000081900000|100%| O|  |TAMS 0x0000000081800000, 0x0000000081800000| Untracked 
|   5|0x0000000081900000, 0x0000000081a00000, 0x0000000081a00000|100%| O|  |TAMS 0x0000000081900000, 0x0000000081900000| Untracked 
|   6|0x0000000081a00000, 0x0000000081b00000, 0x0000000081b00000|100%|HS|  |TAMS 0x0000000081a00000, 0x0000000081a00000| Complete 
|   7|0x0000000081b00000, 0x0000000081c00000, 0x0000000081c00000|100%|HC|  |TAMS 0x0000000081b00000, 0x0000000081b00000| Complete 
|   8|0x0000000081c00000, 0x0000000081d00000, 0x0000000081d00000|100%|HC|  |TAMS 0x0000000081c00000, 0x0000000081c00000| Complete 
|   9|0x0000000081d00000, 0x0000000081e00000, 0x0000000081e00000|100%|HS|  |TAMS 0x0000000081d00000, 0x0000000081d00000| Complete 
|  10|0x0000000081e00000, 0x0000000081f00000, 0x0000000081f00000|100%|HC|  |TAMS 0x0000000081e00000, 0x0000000081e00000| Complete 
|  11|0x0000000081f00000, 0x0000000082000000, 0x0000000082000000|100%|HC|  |TAMS 0x0000000081f00000, 0x0000000081f00000| Complete 
|  12|0x0000000082000000, 0x0000000082100000, 0x0000000082100000|100%| O|  |TAMS 0x0000000082000000, 0x0000000082000000| Untracked 
|  13|0x0000000082100000, 0x0000000082200000, 0x0000000082200000|100%| O|  |TAMS 0x0000000082100000, 0x0000000082100000| Untracked 
|  14|0x0000000082200000, 0x0000000082300000, 0x0000000082300000|100%| O|  |TAMS 0x0000000082200000, 0x0000000082200000| Untracked 
|  15|0x0000000082300000, 0x0000000082400000, 0x0000000082400000|100%| O|  |TAMS 0x0000000082300000, 0x0000000082300000| Untracked 
|  16|0x0000000082400000, 0x0000000082500000, 0x0000000082500000|100%| O|  |TAMS 0x0000000082400000, 0x0000000082400000| Untracked 
|  17|0x0000000082500000, 0x0000000082600000, 0x0000000082600000|100%| O|  |TAMS 0x0000000082500000, 0x0000000082500000| Untracked 
|  18|0x0000000082600000, 0x0000000082700000, 0x0000000082700000|100%| O|  |TAMS 0x0000000082600000, 0x0000000082600000| Untracked 
|  19|0x0000000082700000, 0x0000000082800000, 0x0000000082800000|100%| O|  |TAMS 0x0000000082700000, 0x0000000082700000| Untracked 
|  20|0x0000000082800000, 0x0000000082900000, 0x0000000082900000|100%| O|  |TAMS 0x0000000082800000, 0x0000000082800000| Untracked 
|  21|0x0000000082900000, 0x0000000082a00000, 0x0000000082a00000|100%|HS|  |TAMS 0x0000000082900000, 0x0000000082900000| Complete 
|  22|0x0000000082a00000, 0x0000000082b00000, 0x0000000082b00000|100%|HC|  |TAMS 0x0000000082a00000, 0x0000000082a00000| Complete 
|  23|0x0000000082b00000, 0x0000000082c00000, 0x0000000082c00000|100%|HC|  |TAMS 0x0000000082b00000, 0x0000000082b00000| Complete 
|  24|0x0000000082c00000, 0x0000000082d00000, 0x0000000082d00000|100%| O|  |TAMS 0x0000000082c00000, 0x0000000082c00000| Untracked 
|  25|0x0000000082d00000, 0x0000000082e00000, 0x0000000082e00000|100%| O|  |TAMS 0x0000000082d00000, 0x0000000082d00000| Untracked 
|  26|0x0000000082e00000, 0x0000000082f00000, 0x0000000082f00000|100%| O|  |TAMS 0x0000000082e00000, 0x0000000082e00000| Untracked 
|  27|0x0000000082f00000, 0x0000000083000000, 0x0000000083000000|100%| O|  |TAMS 0x0000000082f00000, 0x0000000082f00000| Untracked 
|  28|0x0000000083000000, 0x0000000083100000, 0x0000000083100000|100%| O|  |TAMS 0x0000000083000000, 0x0000000083000000| Untracked 
|  29|0x0000000083100000, 0x0000000083100000, 0x0000000083200000|  0%| F|  |TAMS 0x0000000083100000, 0x0000000083100000| Untracked 
|  30|0x0000000083200000, 0x0000000083200000, 0x0000000083300000|  0%| F|  |TAMS 0x0000000083200000, 0x0000000083200000| Untracked 
|  31|0x0000000083300000, 0x0000000083300000, 0x0000000083400000|  0%| F|  |TAMS 0x0000000083300000, 0x0000000083300000| Untracked 
|  32|0x0000000083400000, 0x0000000083500000, 0x0000000083500000|100%|HS|  |TAMS 0x0000000083400000, 0x0000000083400000| Complete 
|  33|0x0000000083500000, 0x0000000083600000, 0x0000000083600000|100%|HC|  |TAMS 0x0000000083500000, 0x0000000083500000| Complete 
|  34|0x0000000083600000, 0x0000000083700000, 0x0000000083700000|100%|HC|  |TAMS 0x0000000083600000, 0x0000000083600000| Complete 
|  35|0x0000000083700000, 0x0000000083800000, 0x0000000083800000|100%| O|  |TAMS 0x0000000083700000, 0x0000000083700000| Untracked 
|  36|0x0000000083800000, 0x0000000083900000, 0x0000000083900000|100%| O|  |TAMS 0x0000000083800000, 0x0000000083800000| Untracked 
|  37|0x0000000083900000, 0x0000000083a00000, 0x0000000083a00000|100%| O|  |TAMS 0x0000000083900000, 0x0000000083900000| Untracked 
|  38|0x0000000083a00000, 0x0000000083b00000, 0x0000000083b00000|100%| O|  |TAMS 0x0000000083a00000, 0x0000000083a00000| Untracked 
|  39|0x0000000083b00000, 0x0000000083c00000, 0x0000000083c00000|100%| O|  |TAMS 0x0000000083b00000, 0x0000000083b00000| Untracked 
|  40|0x0000000083c00000, 0x0000000083d00000, 0x0000000083d00000|100%| O|  |TAMS 0x0000000083c00000, 0x0000000083c00000| Untracked 
|  41|0x0000000083d00000, 0x0000000083e00000, 0x0000000083e00000|100%| O|  |TAMS 0x0000000083d00000, 0x0000000083d00000| Untracked 
|  42|0x0000000083e00000, 0x0000000083e00000, 0x0000000083f00000|  0%| F|  |TAMS 0x0000000083e00000, 0x0000000083e00000| Untracked 
|  43|0x0000000083f00000, 0x0000000083f00000, 0x0000000084000000|  0%| F|  |TAMS 0x0000000083f00000, 0x0000000083f00000| Untracked 
|  44|0x0000000084000000, 0x0000000084000000, 0x0000000084100000|  0%| F|  |TAMS 0x0000000084000000, 0x0000000084000000| Untracked 
|  45|0x0000000084100000, 0x0000000084200000, 0x0000000084200000|100%|HS|  |TAMS 0x0000000084100000, 0x0000000084100000| Complete 
|  46|0x0000000084200000, 0x0000000084300000, 0x0000000084300000|100%|HC|  |TAMS 0x0000000084200000, 0x0000000084200000| Complete 
|  47|0x0000000084300000, 0x0000000084400000, 0x0000000084400000|100%|HC|  |TAMS 0x0000000084300000, 0x0000000084300000| Complete 
|  48|0x0000000084400000, 0x0000000084500000, 0x0000000084500000|100%|HS|  |TAMS 0x0000000084400000, 0x0000000084400000| Complete 
|  49|0x0000000084500000, 0x0000000084600000, 0x0000000084600000|100%|HC|  |TAMS 0x0000000084500000, 0x0000000084500000| Complete 
|  50|0x0000000084600000, 0x0000000084700000, 0x0000000084700000|100%|HC|  |TAMS 0x0000000084600000, 0x0000000084600000| Complete 
|  51|0x0000000084700000, 0x0000000084800000, 0x0000000084800000|100%| O|  |TAMS 0x0000000084700000, 0x0000000084700000| Untracked 
|  52|0x0000000084800000, 0x0000000084900000, 0x0000000084900000|100%| O|  |TAMS 0x0000000084800000, 0x0000000084800000| Untracked 
|  53|0x0000000084900000, 0x0000000084a00000, 0x0000000084a00000|100%| O|  |TAMS 0x0000000084900000, 0x0000000084900000| Untracked 
|  54|0x0000000084a00000, 0x0000000084b00000, 0x0000000084b00000|100%| O|  |TAMS 0x0000000084a00000, 0x0000000084a00000| Untracked 
|  55|0x0000000084b00000, 0x0000000084c00000, 0x0000000084c00000|100%| O|  |TAMS 0x0000000084b00000, 0x0000000084b00000| Untracked 
|  56|0x0000000084c00000, 0x0000000084d00000, 0x0000000084d00000|100%| O|  |TAMS 0x0000000084c00000, 0x0000000084c00000| Untracked 
|  57|0x0000000084d00000, 0x0000000084e00000, 0x0000000084e00000|100%| O|  |TAMS 0x0000000084d00000, 0x0000000084d00000| Untracked 
|  58|0x0000000084e00000, 0x0000000084f00000, 0x0000000084f00000|100%| O|  |TAMS 0x0000000084e00000, 0x0000000084e00000| Untracked 
|  59|0x0000000084f00000, 0x0000000085000000, 0x0000000085000000|100%| O|  |TAMS 0x0000000084f00000, 0x0000000084f00000| Untracked 
|  60|0x0000000085000000, 0x0000000085100000, 0x0000000085100000|100%| O|  |TAMS 0x0000000085000000, 0x0000000085000000| Untracked 
|  61|0x0000000085100000, 0x0000000085200000, 0x0000000085200000|100%| O|  |TAMS 0x0000000085100000, 0x0000000085100000| Untracked 
|  62|0x0000000085200000, 0x0000000085300000, 0x0000000085300000|100%| O|  |TAMS 0x0000000085200000, 0x0000000085200000| Untracked 
|  63|0x0000000085300000, 0x0000000085400000, 0x0000000085400000|100%| O|  |TAMS 0x0000000085300000, 0x0000000085300000| Untracked 
|  64|0x0000000085400000, 0x00000000854d3c00, 0x0000000085500000| 82%| O|  |TAMS 0x0000000085400000, 0x0000000085400000| Untracked 
|  65|0x0000000085500000, 0x0000000085500000, 0x0000000085600000|  0%| F|  |TAMS 0x0000000085500000, 0x0000000085500000| Untracked 
|  66|0x0000000085600000, 0x0000000085600000, 0x0000000085700000|  0%| F|  |TAMS 0x0000000085600000, 0x0000000085600000| Untracked 
|  67|0x0000000085700000, 0x0000000085700000, 0x0000000085800000|  0%| F|  |TAMS 0x0000000085700000, 0x0000000085700000| Untracked 
|  68|0x0000000085800000, 0x0000000085800000, 0x0000000085900000|  0%| F|  |TAMS 0x0000000085800000, 0x0000000085800000| Untracked 
|  69|0x0000000085900000, 0x0000000085900000, 0x0000000085a00000|  0%| F|  |TAMS 0x0000000085900000, 0x0000000085900000| Untracked 
|  70|0x0000000085a00000, 0x0000000085a00000, 0x0000000085b00000|  0%| F|  |TAMS 0x0000000085a00000, 0x0000000085a00000| Untracked 
|  71|0x0000000085b00000, 0x0000000085b00000, 0x0000000085c00000|  0%| F|  |TAMS 0x0000000085b00000, 0x0000000085b00000| Untracked 
|  72|0x0000000085c00000, 0x0000000085c00000, 0x0000000085d00000|  0%| F|  |TAMS 0x0000000085c00000, 0x0000000085c00000| Untracked 
|  73|0x0000000085d00000, 0x0000000085d00000, 0x0000000085e00000|  0%| F|  |TAMS 0x0000000085d00000, 0x0000000085d00000| Untracked 
|  74|0x0000000085e00000, 0x0000000085e00000, 0x0000000085f00000|  0%| F|  |TAMS 0x0000000085e00000, 0x0000000085e00000| Untracked 
|  75|0x0000000085f00000, 0x0000000085f00000, 0x0000000086000000|  0%| F|  |TAMS 0x0000000085f00000, 0x0000000085f00000| Untracked 
|  76|0x0000000086000000, 0x0000000086000000, 0x0000000086100000|  0%| F|  |TAMS 0x0000000086000000, 0x0000000086000000| Untracked 
|  77|0x0000000086100000, 0x0000000086100000, 0x0000000086200000|  0%| F|  |TAMS 0x0000000086100000, 0x0000000086100000| Untracked 
|  78|0x0000000086200000, 0x0000000086200000, 0x0000000086300000|  0%| F|  |TAMS 0x0000000086200000, 0x0000000086200000| Untracked 
|  79|0x0000000086300000, 0x0000000086300000, 0x0000000086400000|  0%| F|  |TAMS 0x0000000086300000, 0x0000000086300000| Untracked 
|  80|0x0000000086400000, 0x0000000086400000, 0x0000000086500000|  0%| F|  |TAMS 0x0000000086400000, 0x0000000086400000| Untracked 
|  81|0x0000000086500000, 0x0000000086500000, 0x0000000086600000|  0%| F|  |TAMS 0x0000000086500000, 0x0000000086500000| Untracked 
|  82|0x0000000086600000, 0x0000000086600000, 0x0000000086700000|  0%| F|  |TAMS 0x0000000086600000, 0x0000000086600000| Untracked 
|  83|0x0000000086700000, 0x0000000086700000, 0x0000000086800000|  0%| F|  |TAMS 0x0000000086700000, 0x0000000086700000| Untracked 
|  84|0x0000000086800000, 0x0000000086900000, 0x0000000086900000|100%| S|CS|TAMS 0x0000000086800000, 0x0000000086800000| Complete 
|  85|0x0000000086900000, 0x0000000086a00000, 0x0000000086a00000|100%| S|CS|TAMS 0x0000000086900000, 0x0000000086900000| Complete 
|  86|0x0000000086a00000, 0x0000000086b00000, 0x0000000086b00000|100%| S|CS|TAMS 0x0000000086a00000, 0x0000000086a00000| Complete 
|  87|0x0000000086b00000, 0x0000000086c00000, 0x0000000086c00000|100%| S|CS|TAMS 0x0000000086b00000, 0x0000000086b00000| Complete 
|  88|0x0000000086c00000, 0x0000000086d00000, 0x0000000086d00000|100%| S|CS|TAMS 0x0000000086c00000, 0x0000000086c00000| Complete 
|  89|0x0000000086d00000, 0x0000000086d00000, 0x0000000086e00000|  0%| F|  |TAMS 0x0000000086d00000, 0x0000000086d00000| Untracked 
|  90|0x0000000086e00000, 0x0000000086e00000, 0x0000000086f00000|  0%| F|  |TAMS 0x0000000086e00000, 0x0000000086e00000| Untracked 
|  91|0x0000000086f00000, 0x0000000086f00000, 0x0000000087000000|  0%| F|  |TAMS 0x0000000086f00000, 0x0000000086f00000| Untracked 
|  92|0x0000000087000000, 0x0000000087000000, 0x0000000087100000|  0%| F|  |TAMS 0x0000000087000000, 0x0000000087000000| Untracked 
|  93|0x0000000087100000, 0x0000000087100000, 0x0000000087200000|  0%| F|  |TAMS 0x0000000087100000, 0x0000000087100000| Untracked 
|  94|0x0000000087200000, 0x0000000087200000, 0x0000000087300000|  0%| F|  |TAMS 0x0000000087200000, 0x0000000087200000| Untracked 
|  95|0x0000000087300000, 0x0000000087300000, 0x0000000087400000|  0%| F|  |TAMS 0x0000000087300000, 0x0000000087300000| Untracked 
|  96|0x0000000087400000, 0x0000000087400000, 0x0000000087500000|  0%| F|  |TAMS 0x0000000087400000, 0x0000000087400000| Untracked 
|  97|0x0000000087500000, 0x0000000087500000, 0x0000000087600000|  0%| F|  |TAMS 0x0000000087500000, 0x0000000087500000| Untracked 
|  98|0x0000000087600000, 0x0000000087600000, 0x0000000087700000|  0%| F|  |TAMS 0x0000000087600000, 0x0000000087600000| Untracked 
|  99|0x0000000087700000, 0x0000000087700000, 0x0000000087800000|  0%| F|  |TAMS 0x0000000087700000, 0x0000000087700000| Untracked 
| 100|0x0000000087800000, 0x0000000087800000, 0x0000000087900000|  0%| F|  |TAMS 0x0000000087800000, 0x0000000087800000| Untracked 
| 101|0x0000000087900000, 0x0000000087900000, 0x0000000087a00000|  0%| F|  |TAMS 0x0000000087900000, 0x0000000087900000| Untracked 
| 102|0x0000000087a00000, 0x0000000087a00000, 0x0000000087b00000|  0%| F|  |TAMS 0x0000000087a00000, 0x0000000087a00000| Untracked 
| 103|0x0000000087b00000, 0x0000000087b00000, 0x0000000087c00000|  0%| F|  |TAMS 0x0000000087b00000, 0x0000000087b00000| Untracked 
| 104|0x0000000087c00000, 0x0000000087c00000, 0x0000000087d00000|  0%| F|  |TAMS 0x0000000087c00000, 0x0000000087c00000| Untracked 
| 105|0x0000000087d00000, 0x0000000087d00000, 0x0000000087e00000|  0%| F|  |TAMS 0x0000000087d00000, 0x0000000087d00000| Untracked 
| 106|0x0000000087e00000, 0x0000000087e00000, 0x0000000087f00000|  0%| F|  |TAMS 0x0000000087e00000, 0x0000000087e00000| Untracked 
| 107|0x0000000087f00000, 0x0000000087f00000, 0x0000000088000000|  0%| F|  |TAMS 0x0000000087f00000, 0x0000000087f00000| Untracked 
| 108|0x0000000088000000, 0x0000000088000000, 0x0000000088100000|  0%| F|  |TAMS 0x0000000088000000, 0x0000000088000000| Untracked 
| 109|0x0000000088100000, 0x0000000088100000, 0x0000000088200000|  0%| F|  |TAMS 0x0000000088100000, 0x0000000088100000| Untracked 
| 110|0x0000000088200000, 0x0000000088200000, 0x0000000088300000|  0%| F|  |TAMS 0x0000000088200000, 0x0000000088200000| Untracked 
| 111|0x0000000088300000, 0x0000000088300000, 0x0000000088400000|  0%| F|  |TAMS 0x0000000088300000, 0x0000000088300000| Untracked 
| 112|0x0000000088400000, 0x0000000088400000, 0x0000000088500000|  0%| F|  |TAMS 0x0000000088400000, 0x0000000088400000| Untracked 
| 113|0x0000000088500000, 0x0000000088500000, 0x0000000088600000|  0%| F|  |TAMS 0x0000000088500000, 0x0000000088500000| Untracked 
| 114|0x0000000088600000, 0x0000000088600000, 0x0000000088700000|  0%| F|  |TAMS 0x0000000088600000, 0x0000000088600000| Untracked 
| 115|0x0000000088700000, 0x0000000088700000, 0x0000000088800000|  0%| F|  |TAMS 0x0000000088700000, 0x0000000088700000| Untracked 
| 116|0x0000000088800000, 0x0000000088800000, 0x0000000088900000|  0%| F|  |TAMS 0x0000000088800000, 0x0000000088800000| Untracked 
| 117|0x0000000088900000, 0x0000000088900000, 0x0000000088a00000|  0%| F|  |TAMS 0x0000000088900000, 0x0000000088900000| Untracked 
| 118|0x0000000088a00000, 0x0000000088a00000, 0x0000000088b00000|  0%| F|  |TAMS 0x0000000088a00000, 0x0000000088a00000| Untracked 
| 119|0x0000000088b00000, 0x0000000088b00000, 0x0000000088c00000|  0%| F|  |TAMS 0x0000000088b00000, 0x0000000088b00000| Untracked 
| 120|0x0000000088c00000, 0x0000000088c00000, 0x0000000088d00000|  0%| F|  |TAMS 0x0000000088c00000, 0x0000000088c00000| Untracked 
| 121|0x0000000088d00000, 0x0000000088d00000, 0x0000000088e00000|  0%| F|  |TAMS 0x0000000088d00000, 0x0000000088d00000| Untracked 
| 122|0x0000000088e00000, 0x0000000088e00000, 0x0000000088f00000|  0%| F|  |TAMS 0x0000000088e00000, 0x0000000088e00000| Untracked 
| 123|0x0000000088f00000, 0x0000000088f00000, 0x0000000089000000|  0%| F|  |TAMS 0x0000000088f00000, 0x0000000088f00000| Untracked 
| 124|0x0000000089000000, 0x0000000089000000, 0x0000000089100000|  0%| F|  |TAMS 0x0000000089000000, 0x0000000089000000| Untracked 
| 125|0x0000000089100000, 0x0000000089100000, 0x0000000089200000|  0%| F|  |TAMS 0x0000000089100000, 0x0000000089100000| Untracked 
| 126|0x0000000089200000, 0x0000000089200000, 0x0000000089300000|  0%| F|  |TAMS 0x0000000089200000, 0x0000000089200000| Untracked 
| 127|0x0000000089300000, 0x0000000089300000, 0x0000000089400000|  0%| F|  |TAMS 0x0000000089300000, 0x0000000089300000| Untracked 

Card table byte_map: [0x000001fefeac0000,0x000001fefeec0000] _byte_map_base: 0x000001fefe6b6000

Marking Bits (Prev, Next): (CMBitMap*) 0x000001fefdbb7a98, (CMBitMap*) 0x000001fefdbb7ad0
 Prev Bits: [0x000001fe97640000, 0x000001fe995f0000)
 Next Bits: [0x000001fe995f0000, 0x000001fe9b5a0000)

Polling page: 0x000001fefc2c0000

Metaspace:

Usage:
  Non-class:      8.90 MB capacity,     8.80 MB ( 99%) used,    88.08 KB ( <1%) free+waste,    12.63 KB ( <1%) overhead. 
      Class:    982.00 KB capacity,   937.69 KB ( 95%) used,    38.38 KB (  4%) free+waste,     5.94 KB ( <1%) overhead. 
       Both:      9.86 MB capacity,     9.72 MB ( 99%) used,   126.45 KB (  1%) free+waste,    18.56 KB ( <1%) overhead. 

Virtual space:
  Non-class space:       10.00 MB reserved,       9.00 MB ( 90%) committed 
      Class space:        1.00 GB reserved,       1.00 MB ( <1%) committed 
             Both:        1.01 GB reserved,      10.00 MB ( <1%) committed 

Chunk freelists:
   Non-Class:  40.00 KB
       Class:  0 bytes
        Both:  40.00 KB

MaxMetaspaceSize: 17179869184.00 GB
CompressedClassSpaceSize: 1.00 GB
Initial GC threshold: 20.80 MB
Current GC threshold: 20.80 MB
CDS: off

CodeHeap 'non-profiled nmethods': size=120000Kb used=452Kb max_used=452Kb free=119547Kb
 bounds [0x000001fe90110000, 0x000001fe90380000, 0x000001fe97640000]
CodeHeap 'profiled nmethods': size=120000Kb used=1219Kb max_used=1219Kb free=118780Kb
 bounds [0x000001fe88be0000, 0x000001fe88e50000, 0x000001fe90110000]
CodeHeap 'non-nmethods': size=5760Kb used=1130Kb max_used=1147Kb free=4629Kb
 bounds [0x000001fe88640000, 0x000001fe888b0000, 0x000001fe88be0000]
 total_blobs=1202 nmethods=827 adapters=288
 compilation: enabled
              stopped_count=0, restarted_count=0
 full_count=0

Compilation events (20 events):
Event: 0.964 Thread 0x000001feffd38800  820 %     4       sun.security.util.ManifestDigester::<init> @ 220 (360 bytes)
Event: 0.964 Thread 0x000001feffd44000 nmethod 819 0x000001fe88d0bd90 code [0x000001fe88d0bf60, 0x000001fe88d0c3f8]
Event: 0.964 Thread 0x000001fe9df5c000  821       4       sun.security.util.ManifestDigester::findSection (180 bytes)
Event: 0.965 Thread 0x000001fe9df6b800 nmethod 818 0x000001fe9017d410 code [0x000001fe9017d620, 0x000001fe9017dec0]
Event: 0.968 Thread 0x000001fe9df5c000 nmethod 821 0x000001fe9017e710 code [0x000001fe9017e8c0, 0x000001fe9017eb58]
Event: 0.972 Thread 0x000001fe9df6b800  822       4       java.util.LinkedHashMap$Entry::<init> (10 bytes)
Event: 0.975 Thread 0x000001fe9df6b800 nmethod 822 0x000001fe9017ed90 code [0x000001fe9017ef20, 0x000001fe9017f1f8]
Event: 0.988 Thread 0x000001feffd44000  824       3       jdk.internal.misc.Unsafe::getLongUnaligned (173 bytes)
Event: 0.989 Thread 0x000001feffd44000 nmethod 824 0x000001fe88d0c590 code [0x000001fe88d0c780, 0x000001fe88d0cd38]
Event: 0.989 Thread 0x000001feffd44000  825  s    3       java.io.ByteArrayInputStream::reset (9 bytes)
Event: 0.989 Thread 0x000001feffd44000 nmethod 825 0x000001fe88d0cf10 code [0x000001fe88d0d0c0, 0x000001fe88d0d318]
Event: 0.989 Thread 0x000001feffd44000  826       3       sun.security.util.DerValue::init (206 bytes)
Event: 0.990 Thread 0x000001feffd44000 nmethod 826 0x000001fe88d0d390 code [0x000001fe88d0d760, 0x000001fe88d0f5e8]
Event: 0.990 Thread 0x000001feffd44000  827       3       java.util.jar.Manifest$FastInputStream::readLine (296 bytes)
Event: 0.990 Thread 0x000001feffd44000 nmethod 827 0x000001fe88d10010 code [0x000001fe88d10240, 0x000001fe88d10b28]
Event: 0.991 Thread 0x000001fe9df5c000  828 %     4       java.util.jar.Manifest$FastInputStream::readLine @ 86 (296 bytes)
Event: 1.000 Thread 0x000001fe9df6b800  829 %     4       java.util.jar.Manifest::read @ 42 (340 bytes)
Event: 1.001 Thread 0x000001fe9df5c000 nmethod 828% 0x000001fe9017f710 code [0x000001fe9017f8e0, 0x000001fe90180108]
Event: 1.001 Thread 0x000001fe9df5c000  830       4       java.util.jar.Manifest$FastInputStream::readLine (296 bytes)
Event: 1.012 Thread 0x000001fe9df5c000 nmethod 830 0x000001fe90180610 code [0x000001fe901807e0, 0x000001fe90180f28]

GC Heap History (9 events):
Event: 0.275 GC heap before
{Heap before GC invocations=0 (full 0):
 garbage-first heap   total 131072K, used 36864K [0x0000000081400000, 0x0000000100000000)
  region size 1024K, 24 young (24576K), 0 survivors (0K)
 Metaspace       used 4657K, capacity 4728K, committed 4864K, reserved 1056768K
  class space    used 398K, capacity 424K, committed 512K, reserved 1048576K
}
Event: 0.339 GC heap after
{Heap after GC invocations=1 (full 0):
 garbage-first heap   total 131072K, used 18053K [0x0000000081400000, 0x0000000100000000)
  region size 1024K, 3 young (3072K), 3 survivors (3072K)
 Metaspace       used 4657K, capacity 4728K, committed 4864K, reserved 1056768K
  class space    used 398K, capacity 424K, committed 512K, reserved 1048576K
}
Event: 0.428 GC heap before
{Heap before GC invocations=1 (full 0):
 garbage-first heap   total 131072K, used 30341K [0x0000000081400000, 0x0000000100000000)
  region size 1024K, 6 young (6144K), 3 survivors (3072K)
 Metaspace       used 5482K, capacity 5534K, committed 5632K, reserved 1056768K
  class space    used 447K, capacity 458K, committed 512K, reserved 1048576K
}
Event: 0.433 GC heap after
{Heap after GC invocations=2 (full 0):
 garbage-first heap   total 131072K, used 24576K [0x0000000081400000, 0x0000000100000000)
  region size 1024K, 1 young (1024K), 1 survivors (1024K)
 Metaspace       used 5482K, capacity 5534K, committed 5632K, reserved 1056768K
  class space    used 447K, capacity 458K, committed 512K, reserved 1048576K
}
Event: 0.572 GC heap before
{Heap before GC invocations=2 (full 0):
 garbage-first heap   total 131072K, used 35840K [0x0000000081400000, 0x0000000100000000)
  region size 1024K, 13 young (13312K), 1 survivors (1024K)
 Metaspace       used 7060K, capacity 7105K, committed 7296K, reserved 1056768K
  class space    used 595K, capacity 619K, committed 640K, reserved 1048576K
}
Event: 0.580 GC heap after
{Heap after GC invocations=3 (full 0):
 garbage-first heap   total 131072K, used 30939K [0x0000000081400000, 0x0000000100000000)
  region size 1024K, 2 young (2048K), 2 survivors (2048K)
 Metaspace       used 7060K, capacity 7105K, committed 7296K, reserved 1056768K
  class space    used 595K, capacity 619K, committed 640K, reserved 1048576K
}
Event: 0.909 GC heap before
{Heap before GC invocations=3 (full 0):
 garbage-first heap   total 131072K, used 67803K [0x0000000081400000, 0x0000000100000000)
  region size 1024K, 32 young (32768K), 2 survivors (2048K)
 Metaspace       used 9934K, capacity 10094K, committed 10240K, reserved 1058816K
  class space    used 937K, capacity 982K, committed 1024K, reserved 1048576K
}
Event: 0.919 GC heap after
{Heap after GC invocations=4 (full 0):
 garbage-first heap   total 131072K, used 43323K [0x0000000081400000, 0x0000000100000000)
  region size 1024K, 4 young (4096K), 4 survivors (4096K)
 Metaspace       used 9934K, capacity 10094K, committed 10240K, reserved 1058816K
  class space    used 937K, capacity 982K, committed 1024K, reserved 1048576K
}
Event: 1.014 GC heap before
{Heap before GC invocations=4 (full 0):
 garbage-first heap   total 131072K, used 91451K [0x0000000081400000, 0x0000000100000000)
  region size 1024K, 39 young (39936K), 4 survivors (4096K)
 Metaspace       used 9948K, capacity 10094K, committed 10240K, reserved 1058816K
  class space    used 937K, capacity 982K, committed 1024K, reserved 1048576K
}

Deoptimization events (20 events):
Event: 1.011 Thread 0x000001fefdb77000 DEOPT PACKING pc=0x000001fe88d109e2 sp=0x000000cd622fc2d0
Event: 1.011 Thread 0x000001fefdb77000 DEOPT UNPACKING pc=0x000001fe8868a95e sp=0x000000cd622fb760 mode 0
Event: 1.011 Thread 0x000001fefdb77000 DEOPT PACKING pc=0x000001fe88d109e2 sp=0x000000cd622fc2d0
Event: 1.011 Thread 0x000001fefdb77000 DEOPT UNPACKING pc=0x000001fe8868a95e sp=0x000000cd622fb760 mode 0
Event: 1.011 Thread 0x000001fefdb77000 DEOPT PACKING pc=0x000001fe88d109e2 sp=0x000000cd622fc2d0
Event: 1.011 Thread 0x000001fefdb77000 DEOPT UNPACKING pc=0x000001fe8868a95e sp=0x000000cd622fb760 mode 0
Event: 1.011 Thread 0x000001fefdb77000 DEOPT PACKING pc=0x000001fe88d109e2 sp=0x000000cd622fc2d0
Event: 1.011 Thread 0x000001fefdb77000 DEOPT UNPACKING pc=0x000001fe8868a95e sp=0x000000cd622fb760 mode 0
Event: 1.011 Thread 0x000001fefdb77000 DEOPT PACKING pc=0x000001fe88d109e2 sp=0x000000cd622fc2d0
Event: 1.011 Thread 0x000001fefdb77000 DEOPT UNPACKING pc=0x000001fe8868a95e sp=0x000000cd622fb760 mode 0
Event: 1.011 Thread 0x000001fefdb77000 DEOPT PACKING pc=0x000001fe88d109e2 sp=0x000000cd622fc2d0
Event: 1.011 Thread 0x000001fefdb77000 DEOPT UNPACKING pc=0x000001fe8868a95e sp=0x000000cd622fb760 mode 0
Event: 1.012 Thread 0x000001fefdb77000 DEOPT PACKING pc=0x000001fe88d109e2 sp=0x000000cd622fc2d0
Event: 1.012 Thread 0x000001fefdb77000 DEOPT UNPACKING pc=0x000001fe8868a95e sp=0x000000cd622fb760 mode 0
Event: 1.012 Thread 0x000001fefdb77000 DEOPT PACKING pc=0x000001fe88d109e2 sp=0x000000cd622fc2d0
Event: 1.012 Thread 0x000001fefdb77000 DEOPT UNPACKING pc=0x000001fe8868a95e sp=0x000000cd622fb760 mode 0
Event: 1.012 Thread 0x000001fefdb77000 DEOPT PACKING pc=0x000001fe88d109e2 sp=0x000000cd622fc2d0
Event: 1.012 Thread 0x000001fefdb77000 DEOPT UNPACKING pc=0x000001fe8868a95e sp=0x000000cd622fb760 mode 0
Event: 1.012 Thread 0x000001fefdb77000 DEOPT PACKING pc=0x000001fe88d109e2 sp=0x000000cd622fc2d0
Event: 1.012 Thread 0x000001fefdb77000 DEOPT UNPACKING pc=0x000001fe8868a95e sp=0x000000cd622fb760 mode 0

Classes redefined (0 events):
No events

Internal exceptions (7 events):
Event: 0.563 Thread 0x000001fefdb77000 Implicit null exception at 0x000001fe901211ef to 0x000001fe901212c4
Event: 0.826 Thread 0x000001fefdb77000 Exception <a 'java/lang/NoSuchMethodError'{0x00000000884b94c0}: 'int java.lang.invoke.DirectMethodHandle$Holder.invokeSpecialIFC(java.lang.Object, java.lang.Object, int)'> (0x00000000884b94c0) thrown at [./src/hotspot/share/interpreter/linkResolver.cpp, line 773]
Event: 0.840 Thread 0x000001fefdb77000 Exception <a 'java/lang/NoSuchMethodError'{0x0000000088326dd8}: 'java.lang.Object java.lang.invoke.DirectMethodHandle$Holder.invokeStatic(java.lang.Object, java.lang.Object, java.lang.Object, java.lang.Object, java.lang.Object, java.lang.Object, java.lang.Object, java.lang.Object, java.lang.Object, java.lang.Object, java.lang.Object, java.lang.Object, java.lang.Object, java.lang.Object, java.lang.Object)'> (0x0000000088326dd8) thrown at [./src/hotspot/share/interpreter/linkResolver.cpp, line 773]
Event: 0.841 Thread 0x000001fefdb77000 Exception <a 'java/lang/NoSuchMethodError'{0x0000000088334b38}: 'java.lang.Object java.lang.invoke.DirectMethodHandle$Holder.invokeStatic(java.lang.Object, java.lang.Object, java.lang.Object, java.lang.Object, java.lang.Object, java.lang.Object, java.lang.Object, java.lang.Object, java.lang.Object, java.lang.Object, java.lang.Object, java.lang.Object, java.lang.Object, java.lang.Object, java.lang.Object, java.lang.Object)'> (0x0000000088334b38) thrown at [./src/hotspot/share/interpreter/linkResolver.cpp, l
Event: 0.842 Thread 0x000001fefdb77000 Exception <a 'java/lang/NoSuchMethodError'{0x00000000883427a8}: 'java.lang.Object java.lang.invoke.DirectMethodHandle$Holder.invokeSpecial(java.lang.Object, java.lang.Object, int, int, java.lang.Object, java.lang.Object, java.lang.Object)'> (0x00000000883427a8) thrown at [./src/hotspot/share/interpreter/linkResolver.cpp, line 773]
Event: 0.842 Thread 0x000001fefdb77000 Exception <a 'java/lang/NoSuchMethodError'{0x0000000088345d38}: 'java.lang.Object java.lang.invoke.DelegatingMethodHandle$Holder.reinvoke_L(java.lang.Object, int, int, java.lang.Object, java.lang.Object, java.lang.Object)'> (0x0000000088345d38) thrown at [./src/hotspot/share/interpreter/linkResolver.cpp, line 773]
Event: 0.843 Thread 0x000001fefdb77000 Exception <a 'java/lang/NoSuchMethodError'{0x000000008834a0c0}: 'java.lang.Object java.lang.invoke.DirectMethodHandle$Holder.invokeStatic(java.lang.Object, java.lang.Object, java.lang.Object, java.lang.Object, int)'> (0x000000008834a0c0) thrown at [./src/hotspot/share/interpreter/linkResolver.cpp, line 773]

Events (20 events):
Event: 0.854 loading class sun/net/www/protocol/file/FileURLConnection done
Event: 0.854 loading class sun/net/www/MessageHeader
Event: 0.855 loading class sun/net/www/MessageHeader done
Event: 0.855 loading class sun/net/www/protocol/jar/URLJarFile
Event: 0.855 loading class sun/net/www/protocol/jar/URLJarFile done
Event: 0.855 loading class sun/net/www/protocol/jar/URLJarFileCallBack
Event: 0.855 loading class sun/net/www/protocol/jar/URLJarFileCallBack done
Event: 0.855 loading class java/util/zip/ZipFile$CleanableResource$FinalizableResource
Event: 0.855 loading class java/util/zip/ZipFile$CleanableResource$FinalizableResource done
Event: 0.855 Executing VM operation: Deoptimize
Event: 0.856 Executing VM operation: Deoptimize done
Event: 0.876 loading class sun/net/www/protocol/jar/URLJarFile$URLJarFileEntry
Event: 0.876 loading class sun/net/www/protocol/jar/URLJarFile$URLJarFileEntry done
Event: 0.876 loading class sun/net/www/protocol/jar/JarURLConnection$JarURLInputStream
Event: 0.876 loading class sun/net/www/protocol/jar/JarURLConnection$JarURLInputStream done
Event: 0.908 Executing VM operation: G1CollectForAllocation
Event: 0.919 Executing VM operation: G1CollectForAllocation done
Event: 0.988 Executing VM operation: RevokeBias
Event: 0.988 Executing VM operation: RevokeBias done
Event: 1.014 Executing VM operation: G1CollectForAllocation


Dynamic libraries:
0x00007ff67c8e0000 - 0x00007ff67c8ed000 	C:\Program Files\Microsoft\jdk-11.0.12.7-hotspot\bin\java.exe
0x00007ffd50df0000 - 0x00007ffd50fe8000 	C:\Windows\SYSTEM32\ntdll.dll
0x00007ffd502d0000 - 0x00007ffd5038f000 	C:\Windows\System32\KERNEL32.DLL
0x00007ffd4eb60000 - 0x00007ffd4ee32000 	C:\Windows\System32\KERNELBASE.dll
0x00007ffd4e810000 - 0x00007ffd4e910000 	C:\Windows\System32\ucrtbase.dll
0x00007ffd47960000 - 0x00007ffd47977000 	C:\Program Files\Microsoft\jdk-11.0.12.7-hotspot\bin\jli.dll
0x00007ffd478a0000 - 0x00007ffd478b5000 	C:\Program Files\Microsoft\jdk-11.0.12.7-hotspot\bin\VCRUNTIME140.dll
0x00007ffd503b0000 - 0x00007ffd5054d000 	C:\Windows\System32\USER32.dll
0x00007ffd33c20000 - 0x00007ffd33eba000 	C:\Windows\WinSxS\amd64_microsoft.windows.common-controls_6595b64144ccf1df_6.0.19041.1110_none_60b5254171f9507e\COMCTL32.dll
0x00007ffd4e7e0000 - 0x00007ffd4e802000 	C:\Windows\System32\win32u.dll
0x00007ffd4f680000 - 0x00007ffd4f71e000 	C:\Windows\System32\msvcrt.dll
0x00007ffd50d00000 - 0x00007ffd50d2b000 	C:\Windows\System32\GDI32.dll
0x00007ffd4ea50000 - 0x00007ffd4eb5f000 	C:\Windows\System32\gdi32full.dll
0x00007ffd4e650000 - 0x00007ffd4e6ed000 	C:\Windows\System32\msvcp_win.dll
0x00007ffd4fee0000 - 0x00007ffd4ff12000 	C:\Windows\System32\IMM32.DLL
0x00007ffd39e90000 - 0x00007ffd39f2b000 	C:\Program Files\Microsoft\jdk-11.0.12.7-hotspot\bin\msvcp140.dll
0x00007ffcd4f90000 - 0x00007ffcd5af1000 	C:\Program Files\Microsoft\jdk-11.0.12.7-hotspot\bin\server\jvm.dll
0x00007ffd50220000 - 0x00007ffd502ce000 	C:\Windows\System32\ADVAPI32.dll
0x00007ffd50170000 - 0x00007ffd5020c000 	C:\Windows\System32\sechost.dll
0x00007ffd4ff20000 - 0x00007ffd50045000 	C:\Windows\System32\RPCRT4.dll
0x00007ffd503a0000 - 0x00007ffd503a8000 	C:\Windows\System32\PSAPI.DLL
0x00007ffd48640000 - 0x00007ffd48649000 	C:\Windows\SYSTEM32\WSOCK32.dll
0x00007ffd3f8e0000 - 0x00007ffd3f907000 	C:\Windows\SYSTEM32\WINMM.dll
0x00007ffd48bc0000 - 0x00007ffd48bca000 	C:\Windows\SYSTEM32\VERSION.dll
0x00007ffd4f7d0000 - 0x00007ffd4f83b000 	C:\Windows\System32\WS2_32.dll
0x00007ffd4c3d0000 - 0x00007ffd4c3e2000 	C:\Windows\SYSTEM32\kernel.appcore.dll
0x00007ffd49500000 - 0x00007ffd49510000 	C:\Program Files\Microsoft\jdk-11.0.12.7-hotspot\bin\verify.dll
0x00007ffd3f510000 - 0x00007ffd3f6f4000 	C:\Windows\SYSTEM32\DBGHELP.DLL
0x00007ffd3d1f0000 - 0x00007ffd3d21c000 	C:\Windows\SYSTEM32\dbgcore.DLL
0x00007ffd4e910000 - 0x00007ffd4e992000 	C:\Windows\System32\bcryptPrimitives.dll
0x00007ffd47730000 - 0x00007ffd47758000 	C:\Program Files\Microsoft\jdk-11.0.12.7-hotspot\bin\java.dll
0x00007ffd47950000 - 0x00007ffd4795a000 	C:\Program Files\Microsoft\jdk-11.0.12.7-hotspot\bin\jimage.dll
0x00007ffd47810000 - 0x00007ffd47827000 	C:\Program Files\Microsoft\jdk-11.0.12.7-hotspot\bin\zip.dll
0x00007ffd505b0000 - 0x00007ffd50cf3000 	C:\Windows\System32\SHELL32.dll
0x00007ffd4c5d0000 - 0x00007ffd4cd62000 	C:\Windows\SYSTEM32\windows.storage.dll
0x00007ffd4f1f0000 - 0x00007ffd4f544000 	C:\Windows\System32\combase.dll
0x00007ffd4df50000 - 0x00007ffd4df80000 	C:\Windows\SYSTEM32\Wldp.dll
0x00007ffd4f720000 - 0x00007ffd4f7cd000 	C:\Windows\System32\SHCORE.dll
0x00007ffd50d30000 - 0x00007ffd50d85000 	C:\Windows\System32\shlwapi.dll
0x00007ffd4e430000 - 0x00007ffd4e44f000 	C:\Windows\SYSTEM32\profapi.dll
0x00007ffd476d0000 - 0x00007ffd476e9000 	C:\Program Files\Microsoft\jdk-11.0.12.7-hotspot\bin\net.dll
0x00007ffd418f0000 - 0x00007ffd419fc000 	C:\Windows\SYSTEM32\WINHTTP.dll
0x00007ffd4dcb0000 - 0x00007ffd4dd1a000 	C:\Windows\system32\mswsock.dll
0x00007ffd32cd0000 - 0x00007ffd32ce2000 	C:\Program Files\Microsoft\jdk-11.0.12.7-hotspot\bin\nio.dll

dbghelp: loaded successfully - version: 4.0.5 - missing functions: none
symbol engine: initialized successfully - sym options: 0x614 - pdb path: .;C:\Program Files\Microsoft\jdk-11.0.12.7-hotspot\bin;C:\Windows\SYSTEM32;C:\Windows\WinSxS\amd64_microsoft.windows.common-controls_6595b64144ccf1df_6.0.19041.1110_none_60b5254171f9507e;C:\Program Files\Microsoft\jdk-11.0.12.7-hotspot\bin\server

VM Arguments:
java_command: com.xamarin.manifestmerger.Main obj\Debug\130\android\manifestmerger.rsp
java_class_path (initial): E:\vs\ide\MSBuild\Xamarin\Android\manifestmerger.jar
Launcher Type: SUN_STANDARD

[Global flags]
     intx CICompilerCount                          = 4                                         {product} {ergonomic}
     uint ConcGCThreads                            = 2                                         {product} {ergonomic}
     uint G1ConcRefinementThreads                  = 8                                         {product} {ergonomic}
   size_t G1HeapRegionSize                         = 1048576                                   {product} {ergonomic}
    uintx GCDrainStackTargetSize                   = 64                                        {product} {ergonomic}
   size_t InitialHeapSize                          = 134217728                                 {product} {ergonomic}
   size_t MarkStackSize                            = 4194304                                   {product} {ergonomic}
   size_t MaxHeapSize                              = 2126512128                                {product} {ergonomic}
   size_t MaxNewSize                               = 1275068416                                {product} {ergonomic}
   size_t MinHeapDeltaBytes                        = 1048576                                   {product} {ergonomic}
    uintx NonNMethodCodeHeapSize                   = 5836300                                {pd product} {ergonomic}
    uintx NonProfiledCodeHeapSize                  = 122910970                              {pd product} {ergonomic}
    uintx ProfiledCodeHeapSize                     = 122910970                              {pd product} {ergonomic}
    uintx ReservedCodeCacheSize                    = 251658240                              {pd product} {ergonomic}
     bool SegmentedCodeCache                       = true                                      {product} {ergonomic}
     bool UseCompressedClassPointers               = true                                 {lp64_product} {ergonomic}
     bool UseCompressedOops                        = true                                 {lp64_product} {ergonomic}
     bool UseG1GC                                  = true                                      {product} {ergonomic}
     bool UseLargePagesIndividualAllocation        = false                                  {pd product} {ergonomic}

Logging:
Log output configuration:
 #0: stdout all=warning uptime,level,tags
 #1: stderr all=off uptime,level,tags

Environment Variables:
PATH=C:\Program Files\Microsoft\jdk-11.0.12.7-hotspot\bin;C:\Program Files (x86)\Common Files\Oracle\Java\javapath;C:\Windows\system32;C:\Windows;C:\Windows\System32\Wbem;C:\Windows\System32\WindowsPowerShell\v1.0\;C:\Windows\System32\OpenSSH\;C:\Program Files (x86)\NVIDIA Corporation\PhysX\Common;C:\Program Files\NVIDIA Corporation\NVIDIA NvDLISR;C:\Program Files\Git\cmd;C:\Program Files\nodejs\;C:\Program Files\dotnet\;C:\Users\ADMIN\AppData\Local\Programs\Python\Python39\Scripts\;C:\Users\ADMIN\AppData\Local\Programs\Python\Python39\;C:\Users\ADMIN\AppData\Local\Microsoft\WindowsApps;;C:\Users\ADMIN\AppData\Local\Programs\Microsoft VS Code\bin;C:\Users\ADMIN\AppData\Roaming\npm;C:\Users\ADMIN\.dotnet\tools
USERNAME=ADMIN
OS=Windows_NT
PROCESSOR_IDENTIFIER=Intel64 Family 6 Model 165 Stepping 5, GenuineIntel



---------------  S Y S T E M  ---------------

OS: Windows 10 , 64 bit Build 19041 (10.0.19041.2251)
OS uptime: 7 days 22:43 hours

CPU:total 8 (initial active 8) (6 cores per cpu, 2 threads per core) family 6 model 165 stepping 5 microcode 0xc8, cmov, cx8, fxsr, mmx, sse, sse2, sse3, ssse3, sse4.1, sse4.2, popcnt, avx, avx2, aes, clmul, erms, 3dnowpref, lzcnt, ht, tsc, tscinvbit, bmi1, bmi2, adx, fma

Memory: 4k page, system-wide physical 8104M (548M free)
TotalPageFile size 28031M (AvailPageFile size 66M)
current process WorkingSet (physical memory assigned to process): 157M, peak: 157M
current process commit charge ("private bytes"): 223M, peak: 350M

vm_info: OpenJDK 64-Bit Server VM (11.0.12+7) for windows-amd64 JRE (11.0.12+7), built on Jul 21 2021 15:41:43 by "" with unknown MS VC++:1916

END.
