#
# There is insufficient memory for the Java Runtime Environment to continue.
# Native memory allocation (mmap) failed to map 136314880 bytes for Failed to commit area from 0x000000008e300000 to 0x0000000096500000 of length 136314880.
# Possible reasons:
#   The system is out of physical RAM or swap space
#   The process is running with CompressedOops enabled, and the Java Heap may be blocking the growth of the native heap
# Possible solutions:
#   Reduce memory load on the system
#   Increase physical memory or swap space
#   Check if swap backing store is full
#   Decrease Java heap size (-Xmx/-Xms)
#   Decrease number of Java threads
#   Decrease Java thread stack sizes (-Xss)
#   Set larger code cache with -XX:ReservedCodeCacheSize=
#   JVM is running with Unscaled Compressed Oops mode in which the Java heap is
#     placed in the first 4GB address space. The Java Heap base address is the
#     maximum limit for the native heap growth. Please use -XX:HeapBaseMinAddress
#     to set the Java Heap base and to place the Java Heap above 4GB virtual address.
# This output file may be truncated or incomplete.
#
#  Out of Memory Error (./src/hotspot/os/windows/os_windows.cpp:3380), pid=8816, tid=10444
#
# JRE version: OpenJDK Runtime Environment Microsoft-25199 (11.0.12+7) (build 11.0.12+7)
# Java VM: OpenJDK 64-Bit Server VM Microsoft-25199 (11.0.12+7, mixed mode, tiered, compressed oops, g1 gc, windows-amd64)
# No core dump will be written. Minidumps are not enabled by default on client versions of Windows
#

---------------  S U M M A R Y ------------

Command Line: com.xamarin.manifestmerger.Main obj\Debug\130\android\manifestmerger.rsp

Host: Intel(R) Core(TM) i5-10400F CPU @ 2.90GHz, 8 cores, 7G,  Windows 10 , 64 bit Build 19041 (10.0.19041.2251)
Time: Thu Dec 15 04:09:24 2022 Hora est. Pacífico, Sudamérica elapsed time: 1.993259 seconds (0d 0h 0m 1s)

---------------  T H R E A D  ---------------

Current thread (0x0000019bcf9a6000):  VMThread "VM Thread" [stack: 0x0000003ffad00000,0x0000003ffae00000] [id=10444]

Stack: [0x0000003ffad00000,0x0000003ffae00000]
[error occurred during error reporting (printing stack bounds), id 0xc0000005, EXCEPTION_ACCESS_VIOLATION (0xc0000005) at pc=0x0000019bb90d112d]

Native frames: (J=compiled Java code, j=interpreted, Vv=VM code, C=native code)
V  [jvm.dll+0x6090fa]
V  [jvm.dll+0x79229e]
V  [jvm.dll+0x79396f]
V  [jvm.dll+0x793f95]
V  [jvm.dll+0x793f4b]
V  [jvm.dll+0x608487]
V  [jvm.dll+0x608b98]
C  [ntdll.dll+0xa241f]
C  [ntdll.dll+0x514a4]
C  [ntdll.dll+0xa0f4e]
C  0x0000019bb90d112d

VM_Operation (0x0000003ffa7fbc70): G1CollectForAllocation, mode: safepoint, requested by thread 0x0000019bb09af000


---------------  P R O C E S S  ---------------

Threads class SMR info:
_java_thread_list=0x0000019bd04c2030, length=11, elements={
0x0000019bb09af000, 0x0000019bcf9a7800, 0x0000019bcf9b3800, 0x0000019bcf9c4000,
0x0000019bcf9c6000, 0x0000019bcf9c7000, 0x0000019bcf9cd000, 0x0000019bcf9d1800,
0x0000019bcf9db000, 0x0000019bd04b2800, 0x0000019bd075a800
}

Java Threads: ( => current thread )
  0x0000019bb09af000 JavaThread "main" [_thread_blocked, id=13528, stack(0x0000003ffa700000,0x0000003ffa800000)]
  0x0000019bcf9a7800 JavaThread "Reference Handler" daemon [_thread_blocked, id=28320, stack(0x0000003ffae00000,0x0000003ffaf00000)]
  0x0000019bcf9b3800 JavaThread "Finalizer" daemon [_thread_blocked, id=15256, stack(0x0000003ffaf00000,0x0000003ffb000000)]
  0x0000019bcf9c4000 JavaThread "Signal Dispatcher" daemon [_thread_blocked, id=22680, stack(0x0000003ffb000000,0x0000003ffb100000)]
  0x0000019bcf9c6000 JavaThread "Attach Listener" daemon [_thread_blocked, id=24280, stack(0x0000003ffb100000,0x0000003ffb200000)]
  0x0000019bcf9c7000 JavaThread "Service Thread" daemon [_thread_blocked, id=25372, stack(0x0000003ffb200000,0x0000003ffb300000)]
  0x0000019bcf9cd000 JavaThread "C2 CompilerThread0" daemon [_thread_blocked, id=15268, stack(0x0000003ffb300000,0x0000003ffb400000)]
  0x0000019bcf9d1800 JavaThread "C1 CompilerThread0" daemon [_thread_blocked, id=4172, stack(0x0000003ffb400000,0x0000003ffb500000)]
  0x0000019bcf9db000 JavaThread "Sweeper thread" daemon [_thread_blocked, id=2904, stack(0x0000003ffb500000,0x0000003ffb600000)]
  0x0000019bd04b2800 JavaThread "Common-Cleaner" daemon [_thread_blocked, id=3872, stack(0x0000003ffb700000,0x0000003ffb800000)]
  0x0000019bd075a800 JavaThread "C2 CompilerThread1" daemon [_thread_in_native, id=26912, stack(0x0000003ffc000000,0x0000003ffc100000)]

Other Threads:
=>0x0000019bcf9a6000 VMThread "VM Thread" [stack: 0x0000003ffad00000,0x0000003ffae00000] [id=10444]
  0x0000019bd04a8000 WatcherThread [stack: 0x0000003ffb600000,0x0000003ffb700000] [id=20492]
  0x0000019bb09c2000 GCTaskThread "GC Thread#0" [stack: 0x0000003ffa800000,0x0000003ffa900000] [id=20332]
  0x0000019bd06fe800 GCTaskThread "GC Thread#1" [stack: 0x0000003ffb800000,0x0000003ffb900000] [id=18032]
  0x0000019bd04fe000 GCTaskThread "GC Thread#2" [stack: 0x0000003ffb900000,0x0000003ffba00000] [id=28356]
  0x0000019bd08d8000 GCTaskThread "GC Thread#3" [stack: 0x0000003ffc200000,0x0000003ffc300000] [id=26704]
  0x0000019bb09f4000 ConcurrentGCThread "G1 Main Marker" [stack: 0x0000003ffa900000,0x0000003ffaa00000] [id=10128]
  0x0000019bb09f5800 ConcurrentGCThread "G1 Conc#0" [stack: 0x0000003ffaa00000,0x0000003ffab00000] [id=1628]
  0x0000019bd0bdd800 ConcurrentGCThread "G1 Conc#1" [stack: 0x0000003ffc300000,0x0000003ffc400000] [id=26416]
  0x0000019bb0a86800 ConcurrentGCThread "G1 Refine#0" [stack: 0x0000003ffab00000,0x0000003ffac00000] [id=1000]
  0x0000019bd06d2000 ConcurrentGCThread "G1 Refine#1" [stack: 0x0000003ffba00000,0x0000003ffbb00000] [id=22988]
  0x0000019bd06d3000 ConcurrentGCThread "G1 Refine#2" [stack: 0x0000003ffbb00000,0x0000003ffbc00000] [id=22432]
  0x0000019bd083b000 ConcurrentGCThread "G1 Refine#3" [stack: 0x0000003ffbc00000,0x0000003ffbd00000] [id=9184]
  0x0000019bd083c000 ConcurrentGCThread "G1 Refine#4" [stack: 0x0000003ffbd00000,0x0000003ffbe00000] [id=20764]
  0x0000019bd083c800 ConcurrentGCThread "G1 Refine#5" [stack: 0x0000003ffbe00000,0x0000003ffbf00000] [id=15260]
  0x0000019bd07c0000 ConcurrentGCThread "G1 Refine#6" [stack: 0x0000003ffbf00000,0x0000003ffc000000] [id=5568]
  0x0000019bd08b3000 ConcurrentGCThread "G1 Refine#7" [stack: 0x0000003ffc100000,0x0000003ffc200000] [id=28588]
  0x0000019bcf7f0800 ConcurrentGCThread "G1 Young RemSet Sampling" [stack: 0x0000003ffac00000,0x0000003ffad00000] [id=18164]

Threads with active compile tasks:
C2 CompilerThread0   2019 1029   !   4       java.util.jar.Attributes::read (390 bytes)
C2 CompilerThread1   2019 1027       4       sun.security.util.ManifestDigester::<init> (360 bytes)

VM state:at safepoint (normal execution)

VM Mutex/Monitor currently owned by a thread:  ([mutex/lock_event])
[0x0000019bb09ab000] Threads_lock - owner thread: 0x0000019bcf9a6000
[0x0000019bb09ab5a0] Heap_lock - owner thread: 0x0000019bb09af000

Heap address: 0x0000000081400000, size: 2028 MB, Compressed Oops mode: 32-bit
Narrow klass base: 0x0000000000000000, Narrow klass shift: 3
Compressed class space size: 1073741824 Address: 0x0000000100000000

Heap:
 garbage-first heap   total 345088K, used 80384K [0x0000000081400000, 0x0000000100000000)
  region size 1024K, 2 young (2048K), 2 survivors (2048K)
 Metaspace       used 11029K, capacity 11182K, committed 11392K, reserved 1058816K
  class space    used 1055K, capacity 1110K, committed 1152K, reserved 1048576K
Heap Regions: E=young(eden), S=young(survivor), O=old, HS=humongous(starts), HC=humongous(continues), CS=collection set, F=free, A=archive, TAMS=top-at-mark-start (previous, next)
|   0|0x0000000081400000, 0x0000000081500000, 0x0000000081500000|100%|HS|  |TAMS 0x0000000081500000, 0x0000000081400000| Complete 
|   1|0x0000000081500000, 0x0000000081600000, 0x0000000081600000|100%|HC|  |TAMS 0x0000000081600000, 0x0000000081500000| Complete 
|   2|0x0000000081600000, 0x0000000081700000, 0x0000000081700000|100%|HC|  |TAMS 0x0000000081700000, 0x0000000081600000| Complete 
|   3|0x0000000081700000, 0x0000000081700000, 0x0000000081800000|  0%| F|  |TAMS 0x0000000081700000, 0x0000000081700000| Untracked 
|   4|0x0000000081800000, 0x0000000081900000, 0x0000000081900000|100%| O|  |TAMS 0x0000000081900000, 0x0000000081800000| Complete 
|   5|0x0000000081900000, 0x0000000081900000, 0x0000000081a00000|  0%| F|  |TAMS 0x0000000081900000, 0x0000000081900000| Untracked 
|   6|0x0000000081a00000, 0x0000000081b00000, 0x0000000081b00000|100%|HS|  |TAMS 0x0000000081a00000, 0x0000000081a00000| Complete 
|   7|0x0000000081b00000, 0x0000000081c00000, 0x0000000081c00000|100%|HC|  |TAMS 0x0000000081b00000, 0x0000000081b00000| Complete 
|   8|0x0000000081c00000, 0x0000000081d00000, 0x0000000081d00000|100%|HC|  |TAMS 0x0000000081c00000, 0x0000000081c00000| Complete 
|   9|0x0000000081d00000, 0x0000000081e00000, 0x0000000081e00000|100%| O|  |TAMS 0x0000000081d00000, 0x0000000081d00000| Untracked 
|  10|0x0000000081e00000, 0x0000000081f00000, 0x0000000081f00000|100%| O|  |TAMS 0x0000000081e00000, 0x0000000081e00000| Untracked 
|  11|0x0000000081f00000, 0x0000000082000000, 0x0000000082000000|100%| O|  |TAMS 0x0000000081f00000, 0x0000000081f00000| Untracked 
|  12|0x0000000082000000, 0x0000000082000000, 0x0000000082100000|  0%| F|  |TAMS 0x0000000082000000, 0x0000000082000000| Untracked 
|  13|0x0000000082100000, 0x0000000082200000, 0x0000000082200000|100%| O|  |TAMS 0x0000000082200000, 0x0000000082100000| Untracked 
|  14|0x0000000082200000, 0x0000000082300000, 0x0000000082300000|100%| O|  |TAMS 0x0000000082300000, 0x0000000082200000| Untracked 
|  15|0x0000000082300000, 0x0000000082400000, 0x0000000082400000|100%| O|  |TAMS 0x0000000082400000, 0x0000000082300000| Untracked 
|  16|0x0000000082400000, 0x0000000082500000, 0x0000000082500000|100%| O|  |TAMS 0x0000000082500000, 0x0000000082400000| Untracked 
|  17|0x0000000082500000, 0x0000000082600000, 0x0000000082600000|100%| O|  |TAMS 0x0000000082600000, 0x0000000082500000| Untracked 
|  18|0x0000000082600000, 0x0000000082700000, 0x0000000082700000|100%| O|  |TAMS 0x0000000082700000, 0x0000000082600000| Untracked 
|  19|0x0000000082700000, 0x0000000082800000, 0x0000000082800000|100%| O|  |TAMS 0x0000000082800000, 0x0000000082700000| Untracked 
|  20|0x0000000082800000, 0x0000000082900000, 0x0000000082900000|100%| O|  |TAMS 0x0000000082900000, 0x0000000082800000| Untracked 
|  21|0x0000000082900000, 0x0000000082a00000, 0x0000000082a00000|100%| O|  |TAMS 0x0000000082900000, 0x0000000082900000| Untracked 
|  22|0x0000000082a00000, 0x0000000082b00000, 0x0000000082b00000|100%| O|  |TAMS 0x0000000082a00000, 0x0000000082a00000| Untracked 
|  23|0x0000000082b00000, 0x0000000082c00000, 0x0000000082c00000|100%| O|  |TAMS 0x0000000082b00000, 0x0000000082b00000| Untracked 
|  24|0x0000000082c00000, 0x0000000082d00000, 0x0000000082d00000|100%| O|  |TAMS 0x0000000082d00000, 0x0000000082c00000| Complete 
|  25|0x0000000082d00000, 0x0000000082d00000, 0x0000000082e00000|  0%| F|  |TAMS 0x0000000082d00000, 0x0000000082d00000| Untracked 
|  26|0x0000000082e00000, 0x0000000082e00000, 0x0000000082f00000|  0%| F|  |TAMS 0x0000000082e00000, 0x0000000082e00000| Untracked 
|  27|0x0000000082f00000, 0x0000000083000000, 0x0000000083000000|100%| O|  |TAMS 0x0000000082f00000, 0x0000000082f00000| Untracked 
|  28|0x0000000083000000, 0x0000000083100000, 0x0000000083100000|100%| O|  |TAMS 0x0000000083000000, 0x0000000083000000| Untracked 
|  29|0x0000000083100000, 0x0000000083200000, 0x0000000083200000|100%| O|  |TAMS 0x0000000083200000, 0x0000000083100000| Complete 
|  30|0x0000000083200000, 0x0000000083200000, 0x0000000083300000|  0%| F|  |TAMS 0x0000000083200000, 0x0000000083200000| Untracked 
|  31|0x0000000083300000, 0x0000000083400000, 0x0000000083400000|100%| O|  |TAMS 0x0000000083300000, 0x0000000083300000| Untracked 
|  32|0x0000000083400000, 0x0000000083400000, 0x0000000083500000|  0%| F|  |TAMS 0x0000000083400000, 0x0000000083400000| Untracked 
|  33|0x0000000083500000, 0x0000000083500000, 0x0000000083600000|  0%| F|  |TAMS 0x0000000083500000, 0x0000000083500000| Untracked 
|  34|0x0000000083600000, 0x0000000083700000, 0x0000000083700000|100%| O|  |TAMS 0x0000000083700000, 0x0000000083600000| Complete 
|  35|0x0000000083700000, 0x0000000083700000, 0x0000000083800000|  0%| F|  |TAMS 0x0000000083700000, 0x0000000083700000| Untracked 
|  36|0x0000000083800000, 0x0000000083900000, 0x0000000083900000|100%| O|  |TAMS 0x0000000083900000, 0x0000000083800000| Untracked 
|  37|0x0000000083900000, 0x0000000083a00000, 0x0000000083a00000|100%| O|  |TAMS 0x0000000083a00000, 0x0000000083900000| Untracked 
|  38|0x0000000083a00000, 0x0000000083a00000, 0x0000000083b00000|  0%| F|  |TAMS 0x0000000083a00000, 0x0000000083a00000| Untracked 
|  39|0x0000000083b00000, 0x0000000083c00000, 0x0000000083c00000|100%|HS|  |TAMS 0x0000000083b00000, 0x0000000083b00000| Complete 
|  40|0x0000000083c00000, 0x0000000083d00000, 0x0000000083d00000|100%|HC|  |TAMS 0x0000000083c00000, 0x0000000083c00000| Complete 
|  41|0x0000000083d00000, 0x0000000083e00000, 0x0000000083e00000|100%|HC|  |TAMS 0x0000000083d00000, 0x0000000083d00000| Complete 
|  42|0x0000000083e00000, 0x0000000083f00000, 0x0000000083f00000|100%|HS|  |TAMS 0x0000000083e00000, 0x0000000083e00000| Complete 
|  43|0x0000000083f00000, 0x0000000084000000, 0x0000000084000000|100%|HC|  |TAMS 0x0000000083f00000, 0x0000000083f00000| Complete 
|  44|0x0000000084000000, 0x0000000084100000, 0x0000000084100000|100%|HC|  |TAMS 0x0000000084000000, 0x0000000084000000| Complete 
|  45|0x0000000084100000, 0x0000000084200000, 0x0000000084200000|100%| O|  |TAMS 0x0000000084200000, 0x0000000084100000| Untracked 
|  46|0x0000000084200000, 0x0000000084300000, 0x0000000084300000|100%| O|  |TAMS 0x0000000084300000, 0x0000000084200000| Untracked 
|  47|0x0000000084300000, 0x0000000084400000, 0x0000000084400000|100%| O|  |TAMS 0x0000000084400000, 0x0000000084300000| Untracked 
|  48|0x0000000084400000, 0x0000000084500000, 0x0000000084500000|100%| O|  |TAMS 0x0000000084500000, 0x0000000084400000| Untracked 
|  49|0x0000000084500000, 0x0000000084600000, 0x0000000084600000|100%| O|  |TAMS 0x0000000084600000, 0x0000000084500000| Untracked 
|  50|0x0000000084600000, 0x0000000084700000, 0x0000000084700000|100%| O|  |TAMS 0x0000000084700000, 0x0000000084600000| Untracked 
|  51|0x0000000084700000, 0x0000000084800000, 0x0000000084800000|100%| O|  |TAMS 0x0000000084800000, 0x0000000084700000| Untracked 
|  52|0x0000000084800000, 0x0000000084900000, 0x0000000084900000|100%| O|  |TAMS 0x0000000084900000, 0x0000000084800000| Complete 
|  53|0x0000000084900000, 0x0000000084a00000, 0x0000000084a00000|100%| O|  |TAMS 0x0000000084900000, 0x0000000084900000| Untracked 
|  54|0x0000000084a00000, 0x0000000084b00000, 0x0000000084b00000|100%| O|  |TAMS 0x0000000084a00000, 0x0000000084a00000| Untracked 
|  55|0x0000000084b00000, 0x0000000084c00000, 0x0000000084c00000|100%| O|  |TAMS 0x0000000084b00000, 0x0000000084b00000| Untracked 
|  56|0x0000000084c00000, 0x0000000084d00000, 0x0000000084d00000|100%| O|  |TAMS 0x0000000084d00000, 0x0000000084c00000| Complete 
|  57|0x0000000084d00000, 0x0000000084e00000, 0x0000000084e00000|100%| O|  |TAMS 0x0000000084e00000, 0x0000000084d00000| Untracked 
|  58|0x0000000084e00000, 0x0000000084f00000, 0x0000000084f00000|100%| O|  |TAMS 0x0000000084f00000, 0x0000000084e00000| Complete 
|  59|0x0000000084f00000, 0x0000000085000000, 0x0000000085000000|100%| O|  |TAMS 0x0000000085000000, 0x0000000084f00000| Complete 
|  60|0x0000000085000000, 0x0000000085100000, 0x0000000085100000|100%| O|  |TAMS 0x0000000085100000, 0x0000000085000000| Complete 
|  61|0x0000000085100000, 0x0000000085200000, 0x0000000085200000|100%| O|  |TAMS 0x0000000085200000, 0x0000000085100000| Complete 
|  62|0x0000000085200000, 0x0000000085200000, 0x0000000085300000|  0%| F|  |TAMS 0x0000000085200000, 0x0000000085200000| Untracked 
|  63|0x0000000085300000, 0x0000000085300000, 0x0000000085400000|  0%| F|  |TAMS 0x0000000085300000, 0x0000000085300000| Untracked 
|  64|0x0000000085400000, 0x0000000085400000, 0x0000000085500000|  0%| F|  |TAMS 0x0000000085400000, 0x0000000085400000| Untracked 
|  65|0x0000000085500000, 0x0000000085500000, 0x0000000085600000|  0%| F|  |TAMS 0x0000000085500000, 0x0000000085500000| Untracked 
|  66|0x0000000085600000, 0x0000000085700000, 0x0000000085700000|100%| O|  |TAMS 0x0000000085600000, 0x0000000085600000| Untracked 
|  67|0x0000000085700000, 0x0000000085800000, 0x0000000085800000|100%| O|  |TAMS 0x0000000085700000, 0x0000000085700000| Untracked 
|  68|0x0000000085800000, 0x0000000085900000, 0x0000000085900000|100%| O|  |TAMS 0x0000000085800000, 0x0000000085800000| Untracked 
|  69|0x0000000085900000, 0x0000000085900000, 0x0000000085a00000|  0%| F|  |TAMS 0x0000000085900000, 0x0000000085900000| Untracked 
|  70|0x0000000085a00000, 0x0000000085a00000, 0x0000000085b00000|  0%| F|  |TAMS 0x0000000085a00000, 0x0000000085a00000| Untracked 
|  71|0x0000000085b00000, 0x0000000085c00000, 0x0000000085c00000|100%| O|  |TAMS 0x0000000085b00000, 0x0000000085b00000| Untracked 
|  72|0x0000000085c00000, 0x0000000085d00000, 0x0000000085d00000|100%| O|  |TAMS 0x0000000085c00000, 0x0000000085c00000| Untracked 
|  73|0x0000000085d00000, 0x0000000085e00000, 0x0000000085e00000|100%| O|  |TAMS 0x0000000085d00000, 0x0000000085d00000| Untracked 
|  74|0x0000000085e00000, 0x0000000085f00000, 0x0000000085f00000|100%| O|  |TAMS 0x0000000085e80000, 0x0000000085e00000| Untracked 
|  75|0x0000000085f00000, 0x0000000086000000, 0x0000000086000000|100%| O|  |TAMS 0x0000000085f00000, 0x0000000085f00000| Untracked 
|  76|0x0000000086000000, 0x0000000086100000, 0x0000000086100000|100%| O|  |TAMS 0x0000000086000000, 0x0000000086000000| Untracked 
|  77|0x0000000086100000, 0x0000000086200000, 0x0000000086200000|100%| O|  |TAMS 0x0000000086100000, 0x0000000086100000| Untracked 
|  78|0x0000000086200000, 0x0000000086300000, 0x0000000086300000|100%| O|  |TAMS 0x0000000086200000, 0x0000000086200000| Untracked 
|  79|0x0000000086300000, 0x0000000086400000, 0x0000000086400000|100%| O|  |TAMS 0x0000000086300000, 0x0000000086300000| Untracked 
|  80|0x0000000086400000, 0x0000000086480000, 0x0000000086500000| 50%| O|  |TAMS 0x0000000086400000, 0x0000000086400000| Untracked 
|  81|0x0000000086500000, 0x0000000086500000, 0x0000000086600000|  0%| F|  |TAMS 0x0000000086500000, 0x0000000086500000| Untracked 
|  82|0x0000000086600000, 0x0000000086600000, 0x0000000086700000|  0%| F|  |TAMS 0x0000000086600000, 0x0000000086600000| Untracked 
|  83|0x0000000086700000, 0x0000000086700000, 0x0000000086800000|  0%| F|  |TAMS 0x0000000086700000, 0x0000000086700000| Untracked 
|  84|0x0000000086800000, 0x0000000086800000, 0x0000000086900000|  0%| F|  |TAMS 0x0000000086800000, 0x0000000086800000| Untracked 
|  85|0x0000000086900000, 0x0000000086900000, 0x0000000086a00000|  0%| F|  |TAMS 0x0000000086900000, 0x0000000086900000| Untracked 
|  86|0x0000000086a00000, 0x0000000086b00000, 0x0000000086b00000|100%| O|  |TAMS 0x0000000086b00000, 0x0000000086a00000| Complete 
|  87|0x0000000086b00000, 0x0000000086c00000, 0x0000000086c00000|100%| O|  |TAMS 0x0000000086c00000, 0x0000000086b00000| Complete 
|  88|0x0000000086c00000, 0x0000000086d00000, 0x0000000086d00000|100%| O|  |TAMS 0x0000000086d00000, 0x0000000086c00000| Complete 
|  89|0x0000000086d00000, 0x0000000086e00000, 0x0000000086e00000|100%| O|  |TAMS 0x0000000086e00000, 0x0000000086d00000| Complete 
|  90|0x0000000086e00000, 0x0000000086f00000, 0x0000000086f00000|100%| O|  |TAMS 0x0000000086f00000, 0x0000000086e00000| Complete 
|  91|0x0000000086f00000, 0x0000000087000000, 0x0000000087000000|100%| O|  |TAMS 0x0000000087000000, 0x0000000086f00000| Complete 
|  92|0x0000000087000000, 0x0000000087100000, 0x0000000087100000|100%| O|  |TAMS 0x0000000087100000, 0x0000000087000000| Complete 
|  93|0x0000000087100000, 0x0000000087100000, 0x0000000087200000|  0%| F|  |TAMS 0x0000000087100000, 0x0000000087100000| Untracked 
|  94|0x0000000087200000, 0x0000000087300000, 0x0000000087300000|100%| O|  |TAMS 0x0000000087300000, 0x0000000087200000| Complete 
|  95|0x0000000087300000, 0x0000000087400000, 0x0000000087400000|100%| O|  |TAMS 0x0000000087400000, 0x0000000087300000| Complete 
|  96|0x0000000087400000, 0x0000000087500000, 0x0000000087500000|100%| O|  |TAMS 0x0000000087500000, 0x0000000087400000| Complete 
|  97|0x0000000087500000, 0x0000000087500000, 0x0000000087600000|  0%| F|  |TAMS 0x0000000087500000, 0x0000000087500000| Untracked 
|  98|0x0000000087600000, 0x0000000087600000, 0x0000000087700000|  0%| F|  |TAMS 0x0000000087600000, 0x0000000087600000| Untracked 
|  99|0x0000000087700000, 0x0000000087700000, 0x0000000087800000|  0%| F|  |TAMS 0x0000000087700000, 0x0000000087700000| Untracked 
| 100|0x0000000087800000, 0x0000000087800000, 0x0000000087900000|  0%| F|  |TAMS 0x0000000087800000, 0x0000000087800000| Untracked 
| 101|0x0000000087900000, 0x0000000087a00000, 0x0000000087a00000|100%| O|  |TAMS 0x0000000087a00000, 0x0000000087900000| Untracked 
| 102|0x0000000087a00000, 0x0000000087b00000, 0x0000000087b00000|100%| O|  |TAMS 0x0000000087b00000, 0x0000000087a00000| Untracked 
| 103|0x0000000087b00000, 0x0000000087b00000, 0x0000000087c00000|  0%| F|  |TAMS 0x0000000087b00000, 0x0000000087b00000| Untracked 
| 104|0x0000000087c00000, 0x0000000087c00000, 0x0000000087d00000|  0%| F|  |TAMS 0x0000000087c00000, 0x0000000087c00000| Untracked 
| 105|0x0000000087d00000, 0x0000000087d00000, 0x0000000087e00000|  0%| F|  |TAMS 0x0000000087d00000, 0x0000000087d00000| Untracked 
| 106|0x0000000087e00000, 0x0000000087e00000, 0x0000000087f00000|  0%| F|  |TAMS 0x0000000087e00000, 0x0000000087e00000| Untracked 
| 107|0x0000000087f00000, 0x0000000087f00000, 0x0000000088000000|  0%| F|  |TAMS 0x0000000087f00000, 0x0000000087f00000| Untracked 
| 108|0x0000000088000000, 0x0000000088000000, 0x0000000088100000|  0%| F|  |TAMS 0x0000000088000000, 0x0000000088000000| Untracked 
| 109|0x0000000088100000, 0x0000000088100000, 0x0000000088200000|  0%| F|  |TAMS 0x0000000088100000, 0x0000000088100000| Untracked 
| 110|0x0000000088200000, 0x0000000088200000, 0x0000000088300000|  0%| F|  |TAMS 0x0000000088200000, 0x0000000088200000| Untracked 
| 111|0x0000000088300000, 0x0000000088300000, 0x0000000088400000|  0%| F|  |TAMS 0x0000000088300000, 0x0000000088300000| Untracked 
| 112|0x0000000088400000, 0x0000000088400000, 0x0000000088500000|  0%| F|  |TAMS 0x0000000088400000, 0x0000000088400000| Untracked 
| 113|0x0000000088500000, 0x0000000088500000, 0x0000000088600000|  0%| F|  |TAMS 0x0000000088500000, 0x0000000088500000| Untracked 
| 114|0x0000000088600000, 0x0000000088600000, 0x0000000088700000|  0%| F|  |TAMS 0x0000000088600000, 0x0000000088600000| Untracked 
| 115|0x0000000088700000, 0x0000000088700000, 0x0000000088800000|  0%| F|  |TAMS 0x0000000088700000, 0x0000000088700000| Untracked 
| 116|0x0000000088800000, 0x0000000088800000, 0x0000000088900000|  0%| F|  |TAMS 0x0000000088800000, 0x0000000088800000| Untracked 
| 117|0x0000000088900000, 0x0000000088900000, 0x0000000088a00000|  0%| F|  |TAMS 0x0000000088900000, 0x0000000088900000| Untracked 
| 118|0x0000000088a00000, 0x0000000088a00000, 0x0000000088b00000|  0%| F|  |TAMS 0x0000000088a00000, 0x0000000088a00000| Untracked 
| 119|0x0000000088b00000, 0x0000000088b00000, 0x0000000088c00000|  0%| F|  |TAMS 0x0000000088b00000, 0x0000000088b00000| Untracked 
| 120|0x0000000088c00000, 0x0000000088c00000, 0x0000000088d00000|  0%| F|  |TAMS 0x0000000088c00000, 0x0000000088c00000| Untracked 
| 121|0x0000000088d00000, 0x0000000088d00000, 0x0000000088e00000|  0%| F|  |TAMS 0x0000000088d00000, 0x0000000088d00000| Untracked 
| 122|0x0000000088e00000, 0x0000000088e00000, 0x0000000088f00000|  0%| F|  |TAMS 0x0000000088e00000, 0x0000000088e00000| Untracked 
| 123|0x0000000088f00000, 0x0000000088f00000, 0x0000000089000000|  0%| F|  |TAMS 0x0000000088f00000, 0x0000000088f00000| Untracked 
| 124|0x0000000089000000, 0x0000000089000000, 0x0000000089100000|  0%| F|  |TAMS 0x0000000089000000, 0x0000000089000000| Untracked 
| 125|0x0000000089100000, 0x0000000089100000, 0x0000000089200000|  0%| F|  |TAMS 0x0000000089100000, 0x0000000089100000| Untracked 
| 126|0x0000000089200000, 0x0000000089200000, 0x0000000089300000|  0%| F|  |TAMS 0x0000000089200000, 0x0000000089200000| Untracked 
| 127|0x0000000089300000, 0x0000000089300000, 0x0000000089400000|  0%| F|  |TAMS 0x0000000089300000, 0x0000000089300000| Untracked 
| 128|0x0000000089400000, 0x0000000089400000, 0x0000000089500000|  0%| F|  |TAMS 0x0000000089400000, 0x0000000089400000| Untracked 
| 129|0x0000000089500000, 0x0000000089500000, 0x0000000089600000|  0%| F|  |TAMS 0x0000000089500000, 0x0000000089500000| Untracked 
| 130|0x0000000089600000, 0x0000000089600000, 0x0000000089700000|  0%| F|  |TAMS 0x0000000089600000, 0x0000000089600000| Untracked 
| 131|0x0000000089700000, 0x0000000089700000, 0x0000000089800000|  0%| F|  |TAMS 0x0000000089700000, 0x0000000089700000| Untracked 
| 132|0x0000000089800000, 0x0000000089800000, 0x0000000089900000|  0%| F|  |TAMS 0x0000000089800000, 0x0000000089800000| Untracked 
| 133|0x0000000089900000, 0x0000000089900000, 0x0000000089a00000|  0%| F|  |TAMS 0x0000000089900000, 0x0000000089900000| Untracked 
| 134|0x0000000089a00000, 0x0000000089a00000, 0x0000000089b00000|  0%| F|  |TAMS 0x0000000089a00000, 0x0000000089a00000| Untracked 
| 135|0x0000000089b00000, 0x0000000089b00000, 0x0000000089c00000|  0%| F|  |TAMS 0x0000000089b00000, 0x0000000089b00000| Untracked 
| 136|0x0000000089c00000, 0x0000000089c00000, 0x0000000089d00000|  0%| F|  |TAMS 0x0000000089c00000, 0x0000000089c00000| Untracked 
| 137|0x0000000089d00000, 0x0000000089d00000, 0x0000000089e00000|  0%| F|  |TAMS 0x0000000089d00000, 0x0000000089d00000| Untracked 
| 138|0x0000000089e00000, 0x0000000089e00000, 0x0000000089f00000|  0%| F|  |TAMS 0x0000000089e00000, 0x0000000089e00000| Untracked 
| 139|0x0000000089f00000, 0x0000000089f00000, 0x000000008a000000|  0%| F|  |TAMS 0x0000000089f00000, 0x0000000089f00000| Untracked 
| 140|0x000000008a000000, 0x000000008a000000, 0x000000008a100000|  0%| F|  |TAMS 0x000000008a000000, 0x000000008a000000| Untracked 
| 141|0x000000008a100000, 0x000000008a100000, 0x000000008a200000|  0%| F|  |TAMS 0x000000008a100000, 0x000000008a100000| Untracked 
| 142|0x000000008a200000, 0x000000008a200000, 0x000000008a300000|  0%| F|  |TAMS 0x000000008a200000, 0x000000008a200000| Untracked 
| 143|0x000000008a300000, 0x000000008a300000, 0x000000008a400000|  0%| F|  |TAMS 0x000000008a300000, 0x000000008a300000| Untracked 
| 144|0x000000008a400000, 0x000000008a400000, 0x000000008a500000|  0%| F|  |TAMS 0x000000008a400000, 0x000000008a400000| Untracked 
| 145|0x000000008a500000, 0x000000008a500000, 0x000000008a600000|  0%| F|  |TAMS 0x000000008a500000, 0x000000008a500000| Untracked 
| 146|0x000000008a600000, 0x000000008a600000, 0x000000008a700000|  0%| F|  |TAMS 0x000000008a600000, 0x000000008a600000| Untracked 
| 147|0x000000008a700000, 0x000000008a700000, 0x000000008a800000|  0%| F|  |TAMS 0x000000008a700000, 0x000000008a700000| Untracked 
| 148|0x000000008a800000, 0x000000008a800000, 0x000000008a900000|  0%| F|  |TAMS 0x000000008a800000, 0x000000008a800000| Untracked 
| 149|0x000000008a900000, 0x000000008a900000, 0x000000008aa00000|  0%| F|  |TAMS 0x000000008a900000, 0x000000008a900000| Untracked 
| 150|0x000000008aa00000, 0x000000008aa00000, 0x000000008ab00000|  0%| F|  |TAMS 0x000000008aa00000, 0x000000008aa00000| Untracked 
| 151|0x000000008ab00000, 0x000000008ab00000, 0x000000008ac00000|  0%| F|  |TAMS 0x000000008ab00000, 0x000000008ab00000| Untracked 
| 152|0x000000008ac00000, 0x000000008ac00000, 0x000000008ad00000|  0%| F|  |TAMS 0x000000008ac00000, 0x000000008ac00000| Untracked 
| 153|0x000000008ad00000, 0x000000008ad00000, 0x000000008ae00000|  0%| F|  |TAMS 0x000000008ad00000, 0x000000008ad00000| Untracked 
| 154|0x000000008ae00000, 0x000000008ae00000, 0x000000008af00000|  0%| F|  |TAMS 0x000000008ae00000, 0x000000008ae00000| Untracked 
| 155|0x000000008af00000, 0x000000008af00000, 0x000000008b000000|  0%| F|  |TAMS 0x000000008af00000, 0x000000008af00000| Untracked 
| 156|0x000000008b000000, 0x000000008b000000, 0x000000008b100000|  0%| F|  |TAMS 0x000000008b000000, 0x000000008b000000| Untracked 
| 157|0x000000008b100000, 0x000000008b100000, 0x000000008b200000|  0%| F|  |TAMS 0x000000008b100000, 0x000000008b100000| Untracked 
| 158|0x000000008b200000, 0x000000008b200000, 0x000000008b300000|  0%| F|  |TAMS 0x000000008b200000, 0x000000008b200000| Untracked 
| 159|0x000000008b300000, 0x000000008b300000, 0x000000008b400000|  0%| F|  |TAMS 0x000000008b300000, 0x000000008b300000| Untracked 
| 160|0x000000008b400000, 0x000000008b400000, 0x000000008b500000|  0%| F|  |TAMS 0x000000008b400000, 0x000000008b400000| Untracked 
| 161|0x000000008b500000, 0x000000008b500000, 0x000000008b600000|  0%| F|  |TAMS 0x000000008b500000, 0x000000008b500000| Untracked 
| 162|0x000000008b600000, 0x000000008b600000, 0x000000008b700000|  0%| F|  |TAMS 0x000000008b600000, 0x000000008b600000| Untracked 
| 163|0x000000008b700000, 0x000000008b700000, 0x000000008b800000|  0%| F|  |TAMS 0x000000008b700000, 0x000000008b700000| Untracked 
| 164|0x000000008b800000, 0x000000008b800000, 0x000000008b900000|  0%| F|  |TAMS 0x000000008b800000, 0x000000008b800000| Untracked 
| 165|0x000000008b900000, 0x000000008b900000, 0x000000008ba00000|  0%| F|  |TAMS 0x000000008b900000, 0x000000008b900000| Untracked 
| 166|0x000000008ba00000, 0x000000008ba00000, 0x000000008bb00000|  0%| F|  |TAMS 0x000000008ba00000, 0x000000008ba00000| Untracked 
| 167|0x000000008bb00000, 0x000000008bb00000, 0x000000008bc00000|  0%| F|  |TAMS 0x000000008bb00000, 0x000000008bb00000| Untracked 
| 168|0x000000008bc00000, 0x000000008bc00000, 0x000000008bd00000|  0%| F|  |TAMS 0x000000008bc00000, 0x000000008bc00000| Untracked 
| 169|0x000000008bd00000, 0x000000008bd00000, 0x000000008be00000|  0%| F|  |TAMS 0x000000008bd00000, 0x000000008bd00000| Untracked 
| 170|0x000000008be00000, 0x000000008be00000, 0x000000008bf00000|  0%| F|  |TAMS 0x000000008be00000, 0x000000008be00000| Untracked 
| 171|0x000000008bf00000, 0x000000008bf00000, 0x000000008c000000|  0%| F|  |TAMS 0x000000008bf00000, 0x000000008bf00000| Untracked 
| 172|0x000000008c000000, 0x000000008c000000, 0x000000008c100000|  0%| F|  |TAMS 0x000000008c000000, 0x000000008c000000| Untracked 
| 173|0x000000008c100000, 0x000000008c100000, 0x000000008c200000|  0%| F|  |TAMS 0x000000008c100000, 0x000000008c100000| Untracked 
| 174|0x000000008c200000, 0x000000008c200000, 0x000000008c300000|  0%| F|  |TAMS 0x000000008c200000, 0x000000008c200000| Untracked 
| 175|0x000000008c300000, 0x000000008c300000, 0x000000008c400000|  0%| F|  |TAMS 0x000000008c300000, 0x000000008c300000| Untracked 
| 176|0x000000008c400000, 0x000000008c400000, 0x000000008c500000|  0%| F|  |TAMS 0x000000008c400000, 0x000000008c400000| Untracked 
| 177|0x000000008c500000, 0x000000008c500000, 0x000000008c600000|  0%| F|  |TAMS 0x000000008c500000, 0x000000008c500000| Untracked 
| 178|0x000000008c600000, 0x000000008c600000, 0x000000008c700000|  0%| F|  |TAMS 0x000000008c600000, 0x000000008c600000| Untracked 
| 179|0x000000008c700000, 0x000000008c700000, 0x000000008c800000|  0%| F|  |TAMS 0x000000008c700000, 0x000000008c700000| Untracked 
| 180|0x000000008c800000, 0x000000008c800000, 0x000000008c900000|  0%| F|  |TAMS 0x000000008c800000, 0x000000008c800000| Untracked 
| 181|0x000000008c900000, 0x000000008c900000, 0x000000008ca00000|  0%| F|  |TAMS 0x000000008c900000, 0x000000008c900000| Untracked 
| 182|0x000000008ca00000, 0x000000008ca00000, 0x000000008cb00000|  0%| F|  |TAMS 0x000000008ca00000, 0x000000008ca00000| Untracked 
| 183|0x000000008cb00000, 0x000000008cb00000, 0x000000008cc00000|  0%| F|  |TAMS 0x000000008cb00000, 0x000000008cb00000| Untracked 
| 184|0x000000008cc00000, 0x000000008cc00000, 0x000000008cd00000|  0%| F|  |TAMS 0x000000008cc00000, 0x000000008cc00000| Untracked 
| 185|0x000000008cd00000, 0x000000008cd00000, 0x000000008ce00000|  0%| F|  |TAMS 0x000000008cd00000, 0x000000008cd00000| Untracked 
| 186|0x000000008ce00000, 0x000000008ce00000, 0x000000008cf00000|  0%| F|  |TAMS 0x000000008ce00000, 0x000000008ce00000| Untracked 
| 187|0x000000008cf00000, 0x000000008cf00000, 0x000000008d000000|  0%| F|  |TAMS 0x000000008cf00000, 0x000000008cf00000| Untracked 
| 188|0x000000008d000000, 0x000000008d000000, 0x000000008d100000|  0%| F|  |TAMS 0x000000008d000000, 0x000000008d000000| Untracked 
| 189|0x000000008d100000, 0x000000008d100000, 0x000000008d200000|  0%| F|  |TAMS 0x000000008d100000, 0x000000008d100000| Untracked 
| 190|0x000000008d200000, 0x000000008d200000, 0x000000008d300000|  0%| F|  |TAMS 0x000000008d200000, 0x000000008d200000| Untracked 
| 191|0x000000008d300000, 0x000000008d300000, 0x000000008d400000|  0%| F|  |TAMS 0x000000008d300000, 0x000000008d300000| Untracked 
| 192|0x000000008d400000, 0x000000008d400000, 0x000000008d500000|  0%| F|  |TAMS 0x000000008d400000, 0x000000008d400000| Untracked 
| 193|0x000000008d500000, 0x000000008d500000, 0x000000008d600000|  0%| F|  |TAMS 0x000000008d500000, 0x000000008d500000| Untracked 
| 194|0x000000008d600000, 0x000000008d600000, 0x000000008d700000|  0%| F|  |TAMS 0x000000008d600000, 0x000000008d600000| Untracked 
| 195|0x000000008d700000, 0x000000008d700000, 0x000000008d800000|  0%| F|  |TAMS 0x000000008d700000, 0x000000008d700000| Untracked 
| 196|0x000000008d800000, 0x000000008d800000, 0x000000008d900000|  0%| F|  |TAMS 0x000000008d800000, 0x000000008d800000| Untracked 
| 197|0x000000008d900000, 0x000000008d900000, 0x000000008da00000|  0%| F|  |TAMS 0x000000008d900000, 0x000000008d900000| Untracked 
| 198|0x000000008da00000, 0x000000008da00000, 0x000000008db00000|  0%| F|  |TAMS 0x000000008da00000, 0x000000008da00000| Untracked 
| 199|0x000000008db00000, 0x000000008db00000, 0x000000008dc00000|  0%| F|  |TAMS 0x000000008db00000, 0x000000008db00000| Untracked 
| 200|0x000000008dc00000, 0x000000008dc00000, 0x000000008dd00000|  0%| F|  |TAMS 0x000000008dc00000, 0x000000008dc00000| Untracked 
| 201|0x000000008dd00000, 0x000000008de00000, 0x000000008de00000|100%| S|CS|TAMS 0x000000008dd00000, 0x000000008dd00000| Complete 
| 202|0x000000008de00000, 0x000000008df00000, 0x000000008df00000|100%| S|CS|TAMS 0x000000008de00000, 0x000000008de00000| Complete 
| 203|0x000000008df00000, 0x000000008df00000, 0x000000008e000000|  0%| F|  |TAMS 0x000000008df00000, 0x000000008df00000| Untracked 
| 204|0x000000008e000000, 0x000000008e000000, 0x000000008e100000|  0%| F|  |TAMS 0x000000008e000000, 0x000000008e000000| Untracked 
| 205|0x000000008e100000, 0x000000008e100000, 0x000000008e200000|  0%| F|  |TAMS 0x000000008e100000, 0x000000008e100000| Untracked 
| 206|0x000000008e200000, 0x000000008e200000, 0x000000008e300000|  0%| F|  |TAMS 0x000000008e200000, 0x000000008e200000| Untracked 

Card table byte_map: [0x0000019bc8800000,0x0000019bc8c00000] _byte_map_base: 0x0000019bc83f6000

Marking Bits (Prev, Next): (CMBitMap*) 0x0000019bb09e97f0, (CMBitMap*) 0x0000019bb09e97b8
 Prev Bits: [0x0000019bcafb0000, 0x0000019bccf60000)
 Next Bits: [0x0000019bc9000000, 0x0000019bcafb0000)

Polling page: 0x0000019bae990000

Metaspace:

Usage:
  Non-class:      9.84 MB capacity,     9.74 MB (>99%) used,    84.06 KB ( <1%) free+waste,    13.56 KB ( <1%) overhead. 
      Class:      1.08 MB capacity,     1.03 MB ( 95%) used,    48.68 KB (  4%) free+waste,     6.19 KB ( <1%) overhead. 
       Both:     10.92 MB capacity,    10.77 MB ( 99%) used,   132.74 KB (  1%) free+waste,    19.75 KB ( <1%) overhead. 

Virtual space:
  Non-class space:       10.00 MB reserved,      10.00 MB (100%) committed 
      Class space:        1.00 GB reserved,       1.13 MB ( <1%) committed 
             Both:        1.01 GB reserved,      11.13 MB (  1%) committed 

Chunk freelists:
   Non-Class:  40.00 KB
       Class:  10.00 KB
        Both:  50.00 KB

MaxMetaspaceSize: 17179869184.00 GB
CompressedClassSpaceSize: 1.00 GB
Initial GC threshold: 20.80 MB
Current GC threshold: 20.80 MB
CDS: off

CodeHeap 'non-profiled nmethods': size=120000Kb used=592Kb max_used=592Kb free=119407Kb
 bounds [0x0000019bc0ba0000, 0x0000019bc0e10000, 0x0000019bc80d0000]
CodeHeap 'profiled nmethods': size=120000Kb used=1616Kb max_used=1616Kb free=118384Kb
 bounds [0x0000019bb9670000, 0x0000019bb98e0000, 0x0000019bc0ba0000]
CodeHeap 'non-nmethods': size=5760Kb used=1134Kb max_used=1166Kb free=4625Kb
 bounds [0x0000019bb90d0000, 0x0000019bb9340000, 0x0000019bb9670000]
 total_blobs=1392 nmethods=1013 adapters=292
 compilation: enabled
              stopped_count=0, restarted_count=0
 full_count=0

Compilation events (20 events):
Event: 1.868 Thread 0x0000019bcf9cd000 nmethod 1018 0x0000019bc0c2e990 code [0x0000019bc0c2eb20, 0x0000019bc0c2ec38]
Event: 1.905 Thread 0x0000019bcf9d1800 1020 %     3       sun.net.www.protocol.jar.URLJarFile::getManifest @ 64 (124 bytes)
Event: 1.906 Thread 0x0000019bcf9d1800 nmethod 1020% 0x0000019bb97fc990 code [0x0000019bb97fcd40, 0x0000019bb97fe708]
Event: 1.906 Thread 0x0000019bcf9d1800 1021       3       sun.net.www.protocol.jar.URLJarFile::getManifest (124 bytes)
Event: 1.906 Thread 0x0000019bcf9cd000 1022       4       java.util.HashMap::putMapEntries (154 bytes)
Event: 1.907 Thread 0x0000019bcf9d1800 nmethod 1021 0x0000019bb97fef90 code [0x0000019bb97ff340, 0x0000019bb9800c28]
Event: 1.916 Thread 0x0000019bd075a800 nmethod 1019% 0x0000019bc0c2ed90 code [0x0000019bc0c2f040, 0x0000019bc0c31080]
Event: 1.920 Thread 0x0000019bcf9d1800 1023       3       java.util.zip.ZipCoder$UTF8::getBytes (10 bytes)
Event: 1.920 Thread 0x0000019bcf9d1800 nmethod 1023 0x0000019bb9801490 code [0x0000019bb9801660, 0x0000019bb9801928]
Event: 1.920 Thread 0x0000019bcf9d1800 1024       3       java.lang.System$2::getBytesUTF8NoRepl (5 bytes)
Event: 1.921 Thread 0x0000019bcf9d1800 nmethod 1024 0x0000019bb9801a90 code [0x0000019bb9801c60, 0x0000019bb9801ea8]
Event: 1.934 Thread 0x0000019bcf9cd000 nmethod 1022 0x0000019bc0c32510 code [0x0000019bc0c327a0, 0x0000019bc0c33978]
Event: 1.934 Thread 0x0000019bcf9d1800 1025       3       java.util.Collections$SetFromMap::add (22 bytes)
Event: 1.934 Thread 0x0000019bd075a800 1027       4       sun.security.util.ManifestDigester::<init> (360 bytes)
Event: 1.934 Thread 0x0000019bcf9d1800 nmethod 1025 0x0000019bb9802010 code [0x0000019bb98021e0, 0x0000019bb9802408]
Event: 1.934 Thread 0x0000019bcf9d1800 1026       3       java.util.WeakHashMap::put (162 bytes)
Event: 1.935 Thread 0x0000019bcf9d1800 nmethod 1026 0x0000019bb9802510 code [0x0000019bb98027a0, 0x0000019bb98036f8]
Event: 1.945 Thread 0x0000019bcf9d1800 1028       3       sun.security.util.DerOutputStream::<init> (5 bytes)
Event: 1.946 Thread 0x0000019bcf9d1800 nmethod 1028 0x0000019bb9803c10 code [0x0000019bb9803de0, 0x0000019bb9803f68]
Event: 1.946 Thread 0x0000019bcf9cd000 1029   !   4       java.util.jar.Attributes::read (390 bytes)

GC Heap History (17 events):
Event: 0.386 GC heap before
{Heap before GC invocations=0 (full 0):
 garbage-first heap   total 131072K, used 36864K [0x0000000081400000, 0x0000000100000000)
  region size 1024K, 24 young (24576K), 0 survivors (0K)
 Metaspace       used 4657K, capacity 4728K, committed 4864K, reserved 1056768K
  class space    used 398K, capacity 424K, committed 512K, reserved 1048576K
}
Event: 0.404 GC heap after
{Heap after GC invocations=1 (full 0):
 garbage-first heap   total 131072K, used 18047K [0x0000000081400000, 0x0000000100000000)
  region size 1024K, 3 young (3072K), 3 survivors (3072K)
 Metaspace       used 4657K, capacity 4728K, committed 4864K, reserved 1056768K
  class space    used 398K, capacity 424K, committed 512K, reserved 1048576K
}
Event: 0.694 GC heap before
{Heap before GC invocations=1 (full 0):
 garbage-first heap   total 131072K, used 40575K [0x0000000081400000, 0x0000000100000000)
  region size 1024K, 16 young (16384K), 3 survivors (3072K)
 Metaspace       used 6988K, capacity 7041K, committed 7296K, reserved 1056768K
  class space    used 588K, capacity 619K, committed 640K, reserved 1048576K
}
Event: 0.704 GC heap after
{Heap after GC invocations=2 (full 0):
 garbage-first heap   total 131072K, used 29184K [0x0000000081400000, 0x0000000100000000)
  region size 1024K, 2 young (2048K), 2 survivors (2048K)
 Metaspace       used 6988K, capacity 7041K, committed 7296K, reserved 1056768K
  class space    used 588K, capacity 619K, committed 640K, reserved 1048576K
}
Event: 0.965 GC heap before
{Heap before GC invocations=2 (full 0):
 garbage-first heap   total 131072K, used 42496K [0x0000000081400000, 0x0000000100000000)
  region size 1024K, 15 young (15360K), 2 survivors (2048K)
 Metaspace       used 7748K, capacity 7812K, committed 7936K, reserved 1056768K
  class space    used 663K, capacity 684K, committed 768K, reserved 1048576K
}
Event: 0.976 GC heap after
{Heap after GC invocations=3 (full 0):
 garbage-first heap   total 131072K, used 38912K [0x0000000081400000, 0x0000000100000000)
  region size 1024K, 2 young (2048K), 2 survivors (2048K)
 Metaspace       used 7748K, capacity 7812K, committed 7936K, reserved 1056768K
  class space    used 663K, capacity 684K, committed 768K, reserved 1048576K
}
Event: 1.344 GC heap before
{Heap before GC invocations=3 (full 0):
 garbage-first heap   total 131072K, used 77824K [0x0000000081400000, 0x0000000100000000)
  region size 1024K, 31 young (31744K), 2 survivors (2048K)
 Metaspace       used 9926K, capacity 10094K, committed 10240K, reserved 1058816K
  class space    used 937K, capacity 982K, committed 1024K, reserved 1048576K
}
Event: 1.360 GC heap after
{Heap after GC invocations=4 (full 0):
 garbage-first heap   total 131072K, used 52224K [0x0000000081400000, 0x0000000100000000)
  region size 1024K, 4 young (4096K), 4 survivors (4096K)
 Metaspace       used 9926K, capacity 10094K, committed 10240K, reserved 1058816K
  class space    used 937K, capacity 982K, committed 1024K, reserved 1048576K
}
Event: 1.479 GC heap before
{Heap before GC invocations=4 (full 0):
 garbage-first heap   total 131072K, used 89088K [0x0000000081400000, 0x0000000100000000)
  region size 1024K, 31 young (31744K), 4 survivors (4096K)
 Metaspace       used 9938K, capacity 10094K, committed 10240K, reserved 1058816K
  class space    used 937K, capacity 982K, committed 1024K, reserved 1048576K
}
Event: 1.502 GC heap after
{Heap after GC invocations=5 (full 0):
 garbage-first heap   total 211968K, used 73728K [0x0000000081400000, 0x0000000100000000)
  region size 1024K, 4 young (4096K), 4 survivors (4096K)
 Metaspace       used 9938K, capacity 10094K, committed 10240K, reserved 1058816K
  class space    used 937K, capacity 982K, committed 1024K, reserved 1048576K
}
Event: 1.667 GC heap before
{Heap before GC invocations=5 (full 0):
 garbage-first heap   total 211968K, used 136192K [0x0000000081400000, 0x0000000100000000)
  region size 1024K, 47 young (48128K), 4 survivors (4096K)
 Metaspace       used 9994K, capacity 10190K, committed 10240K, reserved 1058816K
  class space    used 943K, capacity 1014K, committed 1024K, reserved 1048576K
}
Event: 1.688 GC heap after
{Heap after GC invocations=6 (full 0):
 garbage-first heap   total 211968K, used 100352K [0x0000000081400000, 0x0000000100000000)
  region size 1024K, 6 young (6144K), 6 survivors (6144K)
 Metaspace       used 9994K, capacity 10190K, committed 10240K, reserved 1058816K
  class space    used 943K, capacity 1014K, committed 1024K, reserved 1048576K
}
Event: 1.830 GC heap before
{Heap before GC invocations=6 (full 0):
 garbage-first heap   total 211968K, used 114688K [0x0000000081400000, 0x0000000100000000)
  region size 1024K, 21 young (21504K), 6 survivors (6144K)
 Metaspace       used 11029K, capacity 11182K, committed 11392K, reserved 1058816K
  class space    used 1055K, capacity 1110K, committed 1152K, reserved 1048576K
}
Event: 1.835 GC heap after
{Heap after GC invocations=7 (full 0):
 garbage-first heap   total 211968K, used 97792K [0x0000000081400000, 0x0000000100000000)
  region size 1024K, 6 young (6144K), 6 survivors (6144K)
 Metaspace       used 11029K, capacity 11182K, committed 11392K, reserved 1058816K
  class space    used 1055K, capacity 1110K, committed 1152K, reserved 1048576K
}
Event: 1.951 GC heap before
{Heap before GC invocations=8 (full 0):
 garbage-first heap   total 211968K, used 127488K [0x0000000081400000, 0x0000000100000000)
  region size 1024K, 44 young (45056K), 6 survivors (6144K)
 Metaspace       used 11029K, capacity 11182K, committed 11392K, reserved 1058816K
  class space    used 1055K, capacity 1110K, committed 1152K, reserved 1048576K
}
Event: 1.964 GC heap after
{Heap after GC invocations=9 (full 0):
 garbage-first heap   total 211968K, used 92160K [0x0000000081400000, 0x0000000100000000)
  region size 1024K, 6 young (6144K), 6 survivors (6144K)
 Metaspace       used 11029K, capacity 11182K, committed 11392K, reserved 1058816K
  class space    used 1055K, capacity 1110K, committed 1152K, reserved 1048576K
}
Event: 1.978 GC heap before
{Heap before GC invocations=9 (full 0):
 garbage-first heap   total 211968K, used 96256K [0x0000000081400000, 0x0000000100000000)
  region size 1024K, 10 young (10240K), 6 survivors (6144K)
 Metaspace       used 11029K, capacity 11182K, committed 11392K, reserved 1058816K
  class space    used 1055K, capacity 1110K, committed 1152K, reserved 1048576K
}

Deoptimization events (20 events):
Event: 1.700 Thread 0x0000019bb09af000 Uncommon trap: trap_request=0xffffffde fr.pc=0x0000019bc0c01fa0 relative=0x0000000000000380
Event: 1.700 Thread 0x0000019bb09af000 Uncommon trap: reason=class_check action=maybe_recompile pc=0x0000019bc0c01fa0 method=java.util.HashMap.putMapEntries(Ljava/util/Map;Z)V @ 1 c2
Event: 1.700 Thread 0x0000019bb09af000 DEOPT PACKING pc=0x0000019bc0c01fa0 sp=0x0000003ffa7fc010
Event: 1.700 Thread 0x0000019bb09af000 DEOPT UNPACKING pc=0x0000019bb911a1af sp=0x0000003ffa7fbfd8 mode 2
Event: 1.713 Thread 0x0000019bb09af000 Uncommon trap: trap_request=0xffffffde fr.pc=0x0000019bc0c01fa0 relative=0x0000000000000380
Event: 1.714 Thread 0x0000019bb09af000 Uncommon trap: reason=class_check action=maybe_recompile pc=0x0000019bc0c01fa0 method=java.util.HashMap.putMapEntries(Ljava/util/Map;Z)V @ 1 c2
Event: 1.714 Thread 0x0000019bb09af000 DEOPT PACKING pc=0x0000019bc0c01fa0 sp=0x0000003ffa7fc1d0
Event: 1.714 Thread 0x0000019bb09af000 DEOPT UNPACKING pc=0x0000019bb911a1af sp=0x0000003ffa7fc198 mode 2
Event: 1.725 Thread 0x0000019bb09af000 DEOPT PACKING pc=0x0000019bb97127e5 sp=0x0000003ffa7fc1d0
Event: 1.725 Thread 0x0000019bb09af000 DEOPT UNPACKING pc=0x0000019bb911a95e sp=0x0000003ffa7fb650 mode 0
Event: 1.726 Thread 0x0000019bb09af000 DEOPT PACKING pc=0x0000019bb97127e5 sp=0x0000003ffa7fc1d0
Event: 1.726 Thread 0x0000019bb09af000 DEOPT UNPACKING pc=0x0000019bb911a95e sp=0x0000003ffa7fb650 mode 0
Event: 1.726 Thread 0x0000019bb09af000 DEOPT PACKING pc=0x0000019bb9711c16 sp=0x0000003ffa7fc1a0
Event: 1.726 Thread 0x0000019bb09af000 DEOPT UNPACKING pc=0x0000019bb911a95e sp=0x0000003ffa7fb650 mode 0
Event: 1.731 Thread 0x0000019bb09af000 DEOPT PACKING pc=0x0000019bb97127e5 sp=0x0000003ffa7fc1d0
Event: 1.731 Thread 0x0000019bb09af000 DEOPT UNPACKING pc=0x0000019bb911a95e sp=0x0000003ffa7fb650 mode 0
Event: 1.733 Thread 0x0000019bb09af000 Uncommon trap: trap_request=0xffffff4d fr.pc=0x0000019bc0c018a4 relative=0x0000000000000164
Event: 1.733 Thread 0x0000019bb09af000 Uncommon trap: reason=unstable_if action=reinterpret pc=0x0000019bc0c018a4 method=java.util.LinkedHashMap.entrySet()Ljava/util/Set; @ 6 c2
Event: 1.733 Thread 0x0000019bb09af000 DEOPT PACKING pc=0x0000019bc0c018a4 sp=0x0000003ffa7fc420
Event: 1.733 Thread 0x0000019bb09af000 DEOPT UNPACKING pc=0x0000019bb911a1af sp=0x0000003ffa7fc3d8 mode 2

Classes redefined (0 events):
No events

Internal exceptions (7 events):
Event: 0.734 Thread 0x0000019bb09af000 Implicit null exception at 0x0000019bc0bbc2ef to 0x0000019bc0bbc3c4
Event: 1.205 Thread 0x0000019bb09af000 Exception <a 'java/lang/NoSuchMethodError'{0x00000000891dd490}: 'int java.lang.invoke.DirectMethodHandle$Holder.invokeSpecialIFC(java.lang.Object, java.lang.Object, int)'> (0x00000000891dd490) thrown at [./src/hotspot/share/interpreter/linkResolver.cpp, line 773]
Event: 1.222 Thread 0x0000019bb09af000 Exception <a 'java/lang/NoSuchMethodError'{0x000000008904ada0}: 'java.lang.Object java.lang.invoke.DirectMethodHandle$Holder.invokeStatic(java.lang.Object, java.lang.Object, java.lang.Object, java.lang.Object, java.lang.Object, java.lang.Object, java.lang.Object, java.lang.Object, java.lang.Object, java.lang.Object, java.lang.Object, java.lang.Object, java.lang.Object, java.lang.Object, java.lang.Object)'> (0x000000008904ada0) thrown at [./src/hotspot/share/interpreter/linkResolver.cpp, line 773]
Event: 1.223 Thread 0x0000019bb09af000 Exception <a 'java/lang/NoSuchMethodError'{0x0000000089058b00}: 'java.lang.Object java.lang.invoke.DirectMethodHandle$Holder.invokeStatic(java.lang.Object, java.lang.Object, java.lang.Object, java.lang.Object, java.lang.Object, java.lang.Object, java.lang.Object, java.lang.Object, java.lang.Object, java.lang.Object, java.lang.Object, java.lang.Object, java.lang.Object, java.lang.Object, java.lang.Object, java.lang.Object)'> (0x0000000089058b00) thrown at [./src/hotspot/share/interpreter/linkResolver.cpp, l
Event: 1.224 Thread 0x0000019bb09af000 Exception <a 'java/lang/NoSuchMethodError'{0x0000000089066770}: 'java.lang.Object java.lang.invoke.DirectMethodHandle$Holder.invokeSpecial(java.lang.Object, java.lang.Object, int, int, java.lang.Object, java.lang.Object, java.lang.Object)'> (0x0000000089066770) thrown at [./src/hotspot/share/interpreter/linkResolver.cpp, line 773]
Event: 1.225 Thread 0x0000019bb09af000 Exception <a 'java/lang/NoSuchMethodError'{0x0000000089069d00}: 'java.lang.Object java.lang.invoke.DelegatingMethodHandle$Holder.reinvoke_L(java.lang.Object, int, int, java.lang.Object, java.lang.Object, java.lang.Object)'> (0x0000000089069d00) thrown at [./src/hotspot/share/interpreter/linkResolver.cpp, line 773]
Event: 1.226 Thread 0x0000019bb09af000 Exception <a 'java/lang/NoSuchMethodError'{0x000000008906e088}: 'java.lang.Object java.lang.invoke.DirectMethodHandle$Holder.invokeStatic(java.lang.Object, java.lang.Object, java.lang.Object, java.lang.Object, int)'> (0x000000008906e088) thrown at [./src/hotspot/share/interpreter/linkResolver.cpp, line 773]

Events (20 events):
Event: 1.815 loading class org/apache/xerces/impl/msg/XMLMessageFormatter done
Event: 1.815 loading class java/util/MissingResourceException
Event: 1.816 loading class java/util/MissingResourceException done
Event: 1.816 loading class org/apache/xerces/parsers/AbstractSAXParser$AttributesProxy
Event: 1.816 loading class org/apache/xerces/parsers/AbstractSAXParser$AttributesProxy done
Event: 1.816 loading class org/xml/sax/ext/Attributes2
Event: 1.816 loading class org/xml/sax/ext/Attributes2 done
Event: 1.816 loading class java/util/Hashtable$EntrySet
Event: 1.817 loading class java/util/Hashtable$EntrySet done
Event: 1.830 Executing VM operation: G1CollectForAllocation
Event: 1.835 Executing VM operation: G1CollectForAllocation done
Event: 1.849 Executing VM operation: CGC_Operation
Event: 1.861 Executing VM operation: CGC_Operation done
Event: 1.861 Executing VM operation: RevokeBias
Event: 1.861 Executing VM operation: RevokeBias done
Event: 1.880 Executing VM operation: CGC_Operation
Event: 1.880 Executing VM operation: CGC_Operation done
Event: 1.951 Executing VM operation: G1CollectForAllocation
Event: 1.964 Executing VM operation: G1CollectForAllocation done
Event: 1.978 Executing VM operation: G1CollectForAllocation


Dynamic libraries:
0x00007ff7b2a40000 - 0x00007ff7b2a4d000 	C:\Program Files\Microsoft\jdk-11.0.12.7-hotspot\bin\java.exe
0x00007ffd50df0000 - 0x00007ffd50fe8000 	C:\Windows\SYSTEM32\ntdll.dll
0x00007ffd502d0000 - 0x00007ffd5038f000 	C:\Windows\System32\KERNEL32.DLL
0x00007ffd4eb60000 - 0x00007ffd4ee32000 	C:\Windows\System32\KERNELBASE.dll
0x00007ffd4e810000 - 0x00007ffd4e910000 	C:\Windows\System32\ucrtbase.dll
0x00007ffd494f0000 - 0x00007ffd49507000 	C:\Program Files\Microsoft\jdk-11.0.12.7-hotspot\bin\jli.dll
0x00007ffd478a0000 - 0x00007ffd478b5000 	C:\Program Files\Microsoft\jdk-11.0.12.7-hotspot\bin\VCRUNTIME140.dll
0x00007ffd503b0000 - 0x00007ffd5054d000 	C:\Windows\System32\USER32.dll
0x00007ffd4e7e0000 - 0x00007ffd4e802000 	C:\Windows\System32\win32u.dll
0x00007ffd33c20000 - 0x00007ffd33eba000 	C:\Windows\WinSxS\amd64_microsoft.windows.common-controls_6595b64144ccf1df_6.0.19041.1110_none_60b5254171f9507e\COMCTL32.dll
0x00007ffd50d00000 - 0x00007ffd50d2b000 	C:\Windows\System32\GDI32.dll
0x00007ffd4f680000 - 0x00007ffd4f71e000 	C:\Windows\System32\msvcrt.dll
0x00007ffd4ea50000 - 0x00007ffd4eb5f000 	C:\Windows\System32\gdi32full.dll
0x00007ffd4e650000 - 0x00007ffd4e6ed000 	C:\Windows\System32\msvcp_win.dll
0x00007ffd4fee0000 - 0x00007ffd4ff12000 	C:\Windows\System32\IMM32.DLL
0x00007ffd39e90000 - 0x00007ffd39f2b000 	C:\Program Files\Microsoft\jdk-11.0.12.7-hotspot\bin\msvcp140.dll
0x00007ffd0bd70000 - 0x00007ffd0c8d1000 	C:\Program Files\Microsoft\jdk-11.0.12.7-hotspot\bin\server\jvm.dll
0x00007ffd50220000 - 0x00007ffd502ce000 	C:\Windows\System32\ADVAPI32.dll
0x00007ffd50170000 - 0x00007ffd5020c000 	C:\Windows\System32\sechost.dll
0x00007ffd4ff20000 - 0x00007ffd50045000 	C:\Windows\System32\RPCRT4.dll
0x00007ffd503a0000 - 0x00007ffd503a8000 	C:\Windows\System32\PSAPI.DLL
0x00007ffd48640000 - 0x00007ffd48649000 	C:\Windows\SYSTEM32\WSOCK32.dll
0x00007ffd3f8e0000 - 0x00007ffd3f907000 	C:\Windows\SYSTEM32\WINMM.dll
0x00007ffd48bc0000 - 0x00007ffd48bca000 	C:\Windows\SYSTEM32\VERSION.dll
0x00007ffd4f7d0000 - 0x00007ffd4f83b000 	C:\Windows\System32\WS2_32.dll
0x00007ffd4c3d0000 - 0x00007ffd4c3e2000 	C:\Windows\SYSTEM32\kernel.appcore.dll
0x00007ffd47ad0000 - 0x00007ffd47ae0000 	C:\Program Files\Microsoft\jdk-11.0.12.7-hotspot\bin\verify.dll
0x00007ffd3f510000 - 0x00007ffd3f6f4000 	C:\Windows\SYSTEM32\DBGHELP.DLL
0x00007ffd3d1f0000 - 0x00007ffd3d21c000 	C:\Windows\SYSTEM32\dbgcore.DLL
0x00007ffd4e910000 - 0x00007ffd4e992000 	C:\Windows\System32\bcryptPrimitives.dll
0x00007ffd47870000 - 0x00007ffd47898000 	C:\Program Files\Microsoft\jdk-11.0.12.7-hotspot\bin\java.dll
0x00007ffd47a90000 - 0x00007ffd47a9a000 	C:\Program Files\Microsoft\jdk-11.0.12.7-hotspot\bin\jimage.dll
0x00007ffd47810000 - 0x00007ffd47827000 	C:\Program Files\Microsoft\jdk-11.0.12.7-hotspot\bin\zip.dll
0x00007ffd505b0000 - 0x00007ffd50cf3000 	C:\Windows\System32\SHELL32.dll
0x00007ffd4c5d0000 - 0x00007ffd4cd62000 	C:\Windows\SYSTEM32\windows.storage.dll
0x00007ffd4f1f0000 - 0x00007ffd4f544000 	C:\Windows\System32\combase.dll
0x00007ffd4df50000 - 0x00007ffd4df80000 	C:\Windows\SYSTEM32\Wldp.dll
0x00007ffd4f720000 - 0x00007ffd4f7cd000 	C:\Windows\System32\SHCORE.dll
0x00007ffd50d30000 - 0x00007ffd50d85000 	C:\Windows\System32\shlwapi.dll
0x00007ffd4e430000 - 0x00007ffd4e44f000 	C:\Windows\SYSTEM32\profapi.dll
0x00007ffd47740000 - 0x00007ffd47759000 	C:\Program Files\Microsoft\jdk-11.0.12.7-hotspot\bin\net.dll
0x00007ffd418f0000 - 0x00007ffd419fc000 	C:\Windows\SYSTEM32\WINHTTP.dll
0x00007ffd4dcb0000 - 0x00007ffd4dd1a000 	C:\Windows\system32\mswsock.dll
0x00007ffd476f0000 - 0x00007ffd47702000 	C:\Program Files\Microsoft\jdk-11.0.12.7-hotspot\bin\nio.dll

dbghelp: loaded successfully - version: 4.0.5 - missing functions: none
symbol engine: initialized successfully - sym options: 0x614 - pdb path: .;C:\Program Files\Microsoft\jdk-11.0.12.7-hotspot\bin;C:\Windows\SYSTEM32;C:\Windows\WinSxS\amd64_microsoft.windows.common-controls_6595b64144ccf1df_6.0.19041.1110_none_60b5254171f9507e;C:\Program Files\Microsoft\jdk-11.0.12.7-hotspot\bin\server

VM Arguments:
java_command: com.xamarin.manifestmerger.Main obj\Debug\130\android\manifestmerger.rsp
java_class_path (initial): E:\vs\ide\MSBuild\Xamarin\Android\manifestmerger.jar
Launcher Type: SUN_STANDARD

[Global flags]
     intx CICompilerCount                          = 4                                         {product} {ergonomic}
     uint ConcGCThreads                            = 2                                         {product} {ergonomic}
     uint G1ConcRefinementThreads                  = 8                                         {product} {ergonomic}
   size_t G1HeapRegionSize                         = 1048576                                   {product} {ergonomic}
    uintx GCDrainStackTargetSize                   = 64                                        {product} {ergonomic}
   size_t InitialHeapSize                          = 134217728                                 {product} {ergonomic}
   size_t MarkStackSize                            = 4194304                                   {product} {ergonomic}
   size_t MaxHeapSize                              = 2126512128                                {product} {ergonomic}
   size_t MaxNewSize                               = 1275068416                                {product} {ergonomic}
   size_t MinHeapDeltaBytes                        = 1048576                                   {product} {ergonomic}
    uintx NonNMethodCodeHeapSize                   = 5836300                                {pd product} {ergonomic}
    uintx NonProfiledCodeHeapSize                  = 122910970                              {pd product} {ergonomic}
    uintx ProfiledCodeHeapSize                     = 122910970                              {pd product} {ergonomic}
    uintx ReservedCodeCacheSize                    = 251658240                              {pd product} {ergonomic}
     bool SegmentedCodeCache                       = true                                      {product} {ergonomic}
     bool UseCompressedClassPointers               = true                                 {lp64_product} {ergonomic}
     bool UseCompressedOops                        = true                                 {lp64_product} {ergonomic}
     bool UseG1GC                                  = true                                      {product} {ergonomic}
     bool UseLargePagesIndividualAllocation        = false                                  {pd product} {ergonomic}

Logging:
Log output configuration:
 #0: stdout all=warning uptime,level,tags
 #1: stderr all=off uptime,level,tags

Environment Variables:
PATH=C:\Program Files\Microsoft\jdk-11.0.12.7-hotspot\bin;C:\Program Files (x86)\Common Files\Oracle\Java\javapath;C:\Windows\system32;C:\Windows;C:\Windows\System32\Wbem;C:\Windows\System32\WindowsPowerShell\v1.0\;C:\Windows\System32\OpenSSH\;C:\Program Files (x86)\NVIDIA Corporation\PhysX\Common;C:\Program Files\NVIDIA Corporation\NVIDIA NvDLISR;C:\Program Files\Git\cmd;C:\Program Files\nodejs\;C:\Program Files\dotnet\;C:\Users\ADMIN\AppData\Local\Programs\Python\Python39\Scripts\;C:\Users\ADMIN\AppData\Local\Programs\Python\Python39\;C:\Users\ADMIN\AppData\Local\Microsoft\WindowsApps;;C:\Users\ADMIN\AppData\Local\Programs\Microsoft VS Code\bin;C:\Users\ADMIN\AppData\Roaming\npm;C:\Users\ADMIN\.dotnet\tools
USERNAME=ADMIN
OS=Windows_NT
PROCESSOR_IDENTIFIER=Intel64 Family 6 Model 165 Stepping 5, GenuineIntel



---------------  S Y S T E M  ---------------

OS: Windows 10 , 64 bit Build 19041 (10.0.19041.2251)
OS uptime: 7 days 22:39 hours

CPU:total 8 (initial active 8) (6 cores per cpu, 2 threads per core) family 6 model 165 stepping 5 microcode 0xc8, cmov, cx8, fxsr, mmx, sse, sse2, sse3, ssse3, sse4.1, sse4.2, popcnt, avx, avx2, aes, clmul, erms, 3dnowpref, lzcnt, ht, tsc, tscinvbit, bmi1, bmi2, adx, fma

Memory: 4k page, system-wide physical 8104M (319M free)
TotalPageFile size 28031M (AvailPageFile size 35M)
current process WorkingSet (physical memory assigned to process): 232M, peak: 233M
current process commit charge ("private bytes"): 306M, peak: 438M

vm_info: OpenJDK 64-Bit Server VM (11.0.12+7) for windows-amd64 JRE (11.0.12+7), built on Jul 21 2021 15:41:43 by "" with unknown MS VC++:1916

END.
