#
# There is insufficient memory for the Java Runtime Environment to continue.
# Native memory allocation (mmap) failed to map 181403648 bytes for Failed to commit area from 0x0000000090800000 to 0x000000009b500000 of length 181403648.
# Possible reasons:
#   The system is out of physical RAM or swap space
#   The process is running with CompressedOops enabled, and the Java Heap may be blocking the growth of the native heap
# Possible solutions:
#   Reduce memory load on the system
#   Increase physical memory or swap space
#   Check if swap backing store is full
#   Decrease Java heap size (-Xmx/-Xms)
#   Decrease number of Java threads
#   Decrease Java thread stack sizes (-Xss)
#   Set larger code cache with -XX:ReservedCodeCacheSize=
#   JVM is running with Unscaled Compressed Oops mode in which the Java heap is
#     placed in the first 4GB address space. The Java Heap base address is the
#     maximum limit for the native heap growth. Please use -XX:HeapBaseMinAddress
#     to set the Java Heap base and to place the Java Heap above 4GB virtual address.
# This output file may be truncated or incomplete.
#
#  Out of Memory Error (./src/hotspot/os/windows/os_windows.cpp:3380), pid=9920, tid=7748
#
# JRE version: OpenJDK Runtime Environment Microsoft-25199 (11.0.12+7) (build 11.0.12+7)
# Java VM: OpenJDK 64-Bit Server VM Microsoft-25199 (11.0.12+7, mixed mode, tiered, compressed oops, g1 gc, windows-amd64)
# No core dump will be written. Minidumps are not enabled by default on client versions of Windows
#

---------------  S U M M A R Y ------------

Command Line: -Dapplication.home=C:\Program Files\Microsoft\jdk-11.0.12.7-hotspot --add-modules=ALL-DEFAULT -Xms8m -Dfile.encoding=UTF8 -Djdk.module.main=jdk.compiler jdk.compiler/com.sun.tools.javac.Main @C:\Users\ADMIN\AppData\Local\Temp\tmp4446.tmp -target 1.8 -source 1.8

Host: Intel(R) Core(TM) i5-10400F CPU @ 2.90GHz, 8 cores, 7G,  Windows 10 , 64 bit Build 19041 (10.0.19041.2251)
Time: Thu Dec 15 04:13:44 2022 Hora est. Pacífico, Sudamérica elapsed time: 5.337282 seconds (0d 0h 0m 5s)

---------------  T H R E A D  ---------------

Current thread (0x000002647fb2d000):  VMThread "VM Thread" [stack: 0x0000007a5d900000,0x0000007a5da00000] [id=7748]

Stack: [0x0000007a5d900000,0x0000007a5da00000]
[error occurred during error reporting (printing stack bounds), id 0xc0000005, EXCEPTION_ACCESS_VIOLATION (0xc0000005) at pc=0x000002640000112d]

Native frames: (J=compiled Java code, j=interpreted, Vv=VM code, C=native code)
V  [jvm.dll+0x6090fa]
V  [jvm.dll+0x79229e]
V  [jvm.dll+0x79396f]
V  [jvm.dll+0x793f95]
V  [jvm.dll+0x793f4b]
V  [jvm.dll+0x608487]
V  [jvm.dll+0x608b98]
C  [ntdll.dll+0xa241f]
C  [ntdll.dll+0x514a4]
C  [ntdll.dll+0xa0f4e]
C  0x000002640000112d

VM_Operation (0x0000007a5d3fbff0): G1CollectForAllocation, mode: safepoint, requested by thread 0x000002646f399000


---------------  P R O C E S S  ---------------

Threads class SMR info:
_java_thread_list=0x000002640fe74500, length=12, elements={
0x000002646f399000, 0x000002647fb2e000, 0x000002647fb37000, 0x000002647fb9e000,
0x000002647fb9f800, 0x000002647fba1800, 0x000002647fba3000, 0x000002647fba5000,
0x000002647fba6000, 0x000002640f92a000, 0x000002640ff57800, 0x0000026410915800
}

Java Threads: ( => current thread )
  0x000002646f399000 JavaThread "main" [_thread_blocked, id=18072, stack(0x0000007a5d300000,0x0000007a5d400000)]
  0x000002647fb2e000 JavaThread "Reference Handler" daemon [_thread_blocked, id=15728, stack(0x0000007a5da00000,0x0000007a5db00000)]
  0x000002647fb37000 JavaThread "Finalizer" daemon [_thread_blocked, id=18940, stack(0x0000007a5db00000,0x0000007a5dc00000)]
  0x000002647fb9e000 JavaThread "Signal Dispatcher" daemon [_thread_blocked, id=16584, stack(0x0000007a5dc00000,0x0000007a5dd00000)]
  0x000002647fb9f800 JavaThread "Attach Listener" daemon [_thread_blocked, id=15916, stack(0x0000007a5dd00000,0x0000007a5de00000)]
  0x000002647fba1800 JavaThread "Service Thread" daemon [_thread_blocked, id=16496, stack(0x0000007a5de00000,0x0000007a5df00000)]
  0x000002647fba3000 JavaThread "C2 CompilerThread0" daemon [_thread_blocked, id=23576, stack(0x0000007a5df00000,0x0000007a5e000000)]
  0x000002647fba5000 JavaThread "C1 CompilerThread0" daemon [_thread_blocked, id=11904, stack(0x0000007a5e000000,0x0000007a5e100000)]
  0x000002647fba6000 JavaThread "Sweeper thread" daemon [_thread_blocked, id=20528, stack(0x0000007a5e100000,0x0000007a5e200000)]
  0x000002640f92a000 JavaThread "Common-Cleaner" daemon [_thread_blocked, id=15152, stack(0x0000007a5e200000,0x0000007a5e300000)]
  0x000002640ff57800 JavaThread "C2 CompilerThread1" daemon [_thread_blocked, id=28204, stack(0x0000007a5e300000,0x0000007a5e400000)]
  0x0000026410915800 JavaThread "C2 CompilerThread2" daemon [_thread_in_native, id=16012, stack(0x0000007a5e600000,0x0000007a5e700000)]

Other Threads:
=>0x000002647fb2d000 VMThread "VM Thread" [stack: 0x0000007a5d900000,0x0000007a5da00000] [id=7748]
  0x000002640faab800 WatcherThread [stack: 0x0000007a5e400000,0x0000007a5e500000] [id=20544]
  0x000002646f3b1800 GCTaskThread "GC Thread#0" [stack: 0x0000007a5d400000,0x0000007a5d500000] [id=21000]
  0x000002640fc7c800 GCTaskThread "GC Thread#1" [stack: 0x0000007a5e500000,0x0000007a5e600000] [id=24812]
  0x00000264130b2800 GCTaskThread "GC Thread#2" [stack: 0x0000007a5eb00000,0x0000007a5ec00000] [id=14836]
  0x00000264125ab000 GCTaskThread "GC Thread#3" [stack: 0x0000007a5ec00000,0x0000007a5ed00000] [id=13728]
  0x000002641227a800 GCTaskThread "GC Thread#4" [stack: 0x0000007a5ed00000,0x0000007a5ee00000] [id=15148]
  0x000002646f3e5000 ConcurrentGCThread "G1 Main Marker" [stack: 0x0000007a5d500000,0x0000007a5d600000] [id=17068]
  0x000002646f3e6800 ConcurrentGCThread "G1 Conc#0" [stack: 0x0000007a5d600000,0x0000007a5d700000] [id=13308]
  0x0000026410d76000 ConcurrentGCThread "G1 Conc#1" [stack: 0x0000007a5e700000,0x0000007a5e800000] [id=20748]
  0x000002646f414000 ConcurrentGCThread "G1 Refine#0" [stack: 0x0000007a5d700000,0x0000007a5d800000] [id=24140]
  0x0000026410935800 ConcurrentGCThread "G1 Refine#1" [stack: 0x0000007a5e800000,0x0000007a5e900000] [id=25980]
  0x00000264114eb800 ConcurrentGCThread "G1 Refine#2" [stack: 0x0000007a5e900000,0x0000007a5ea00000] [id=13108]
  0x000002641211d800 ConcurrentGCThread "G1 Refine#3" [stack: 0x0000007a5ea00000,0x0000007a5eb00000] [id=26848]
  0x0000026413503800 ConcurrentGCThread "G1 Refine#4" [stack: 0x0000007a5ee00000,0x0000007a5ef00000] [id=21860]
  0x000002646f416000 ConcurrentGCThread "G1 Young RemSet Sampling" [stack: 0x0000007a5d800000,0x0000007a5d900000] [id=26808]

Threads with active compile tasks:
C2 CompilerThread0   5351 4377       4       com.sun.tools.javac.comp.Attr$ResultInfo::check (21 bytes)
C2 CompilerThread1   5351 4382       4       com.sun.tools.javac.comp.Check::checkType (168 bytes)
C2 CompilerThread2   5351 4333       4       com.sun.tools.javac.comp.Resolve::findInheritedMemberType (186 bytes)

VM state:at safepoint (normal execution)

VM Mutex/Monitor currently owned by a thread:  ([mutex/lock_event])
[0x000002646f3969c0] Threads_lock - owner thread: 0x000002647fb2d000
[0x000002646f395e80] Heap_lock - owner thread: 0x000002646f399000

Heap address: 0x0000000081400000, size: 2028 MB, Compressed Oops mode: 32-bit
Narrow klass base: 0x0000000000000000, Narrow klass shift: 3
Compressed class space size: 1073741824 Address: 0x0000000100000000

Heap:
 garbage-first heap   total 427008K, used 85063K [0x0000000081400000, 0x0000000100000000)
  region size 1024K, 10 young (10240K), 10 survivors (10240K)
 Metaspace       used 18347K, capacity 18612K, committed 18688K, reserved 1067008K
  class space    used 1683K, capacity 1785K, committed 1792K, reserved 1048576K
Heap Regions: E=young(eden), S=young(survivor), O=old, HS=humongous(starts), HC=humongous(continues), CS=collection set, F=free, A=archive, TAMS=top-at-mark-start (previous, next)
|   0|0x0000000081400000, 0x0000000081500000, 0x0000000081500000|100%| O|  |TAMS 0x0000000081500000, 0x0000000081400000| Untracked 
|   1|0x0000000081500000, 0x0000000081600000, 0x0000000081600000|100%| O|  |TAMS 0x0000000081600000, 0x0000000081500000| Untracked 
|   2|0x0000000081600000, 0x0000000081700000, 0x0000000081700000|100%| O|  |TAMS 0x0000000081700000, 0x0000000081600000| Untracked 
|   3|0x0000000081700000, 0x0000000081800000, 0x0000000081800000|100%| O|  |TAMS 0x0000000081800000, 0x0000000081700000| Untracked 
|   4|0x0000000081800000, 0x0000000081900000, 0x0000000081900000|100%| O|  |TAMS 0x0000000081900000, 0x0000000081800000| Untracked 
|   5|0x0000000081900000, 0x0000000081a00000, 0x0000000081a00000|100%| O|  |TAMS 0x0000000081a00000, 0x0000000081900000| Untracked 
|   6|0x0000000081a00000, 0x0000000081b00000, 0x0000000081b00000|100%| O|  |TAMS 0x0000000081b00000, 0x0000000081a00000| Untracked 
|   7|0x0000000081b00000, 0x0000000081c00000, 0x0000000081c00000|100%| O|  |TAMS 0x0000000081c00000, 0x0000000081b00000| Untracked 
|   8|0x0000000081c00000, 0x0000000081d00000, 0x0000000081d00000|100%| O|  |TAMS 0x0000000081d00000, 0x0000000081c00000| Untracked 
|   9|0x0000000081d00000, 0x0000000081e00000, 0x0000000081e00000|100%|HS|  |TAMS 0x0000000081e00000, 0x0000000081d00000| Complete 
|  10|0x0000000081e00000, 0x0000000081f00000, 0x0000000081f00000|100%|HC|  |TAMS 0x0000000081f00000, 0x0000000081e00000| Complete 
|  11|0x0000000081f00000, 0x0000000082000000, 0x0000000082000000|100%|HC|  |TAMS 0x0000000082000000, 0x0000000081f00000| Complete 
|  12|0x0000000082000000, 0x0000000082100000, 0x0000000082100000|100%| O|  |TAMS 0x0000000082100000, 0x0000000082000000| Untracked 
|  13|0x0000000082100000, 0x0000000082200000, 0x0000000082200000|100%|HS|  |TAMS 0x0000000082200000, 0x0000000082100000| Complete 
|  14|0x0000000082200000, 0x0000000082300000, 0x0000000082300000|100%|HC|  |TAMS 0x0000000082300000, 0x0000000082200000| Complete 
|  15|0x0000000082300000, 0x0000000082400000, 0x0000000082400000|100%|HC|  |TAMS 0x0000000082400000, 0x0000000082300000| Complete 
|  16|0x0000000082400000, 0x0000000082500000, 0x0000000082500000|100%|HC|  |TAMS 0x0000000082500000, 0x0000000082400000| Complete 
|  17|0x0000000082500000, 0x0000000082600000, 0x0000000082600000|100%|HC|  |TAMS 0x0000000082600000, 0x0000000082500000| Complete 
|  18|0x0000000082600000, 0x0000000082700000, 0x0000000082700000|100%|HS|  |TAMS 0x0000000082700000, 0x0000000082600000| Complete 
|  19|0x0000000082700000, 0x0000000082800000, 0x0000000082800000|100%| O|  |TAMS 0x0000000082800000, 0x0000000082700000| Untracked 
|  20|0x0000000082800000, 0x0000000082900000, 0x0000000082900000|100%| O|  |TAMS 0x0000000082900000, 0x0000000082800000| Untracked 
|  21|0x0000000082900000, 0x0000000082a00000, 0x0000000082a00000|100%| O|  |TAMS 0x0000000082a00000, 0x0000000082900000| Untracked 
|  22|0x0000000082a00000, 0x0000000082b00000, 0x0000000082b00000|100%| O|  |TAMS 0x0000000082b00000, 0x0000000082a00000| Untracked 
|  23|0x0000000082b00000, 0x0000000082c00000, 0x0000000082c00000|100%| O|  |TAMS 0x0000000082c00000, 0x0000000082b00000| Untracked 
|  24|0x0000000082c00000, 0x0000000082d00000, 0x0000000082d00000|100%| O|  |TAMS 0x0000000082d00000, 0x0000000082c00000| Untracked 
|  25|0x0000000082d00000, 0x0000000082e00000, 0x0000000082e00000|100%| O|  |TAMS 0x0000000082e00000, 0x0000000082d00000| Untracked 
|  26|0x0000000082e00000, 0x0000000082f00000, 0x0000000082f00000|100%| O|  |TAMS 0x0000000082f00000, 0x0000000082e00000| Untracked 
|  27|0x0000000082f00000, 0x0000000083000000, 0x0000000083000000|100%| O|  |TAMS 0x0000000083000000, 0x0000000082f00000| Untracked 
|  28|0x0000000083000000, 0x0000000083100000, 0x0000000083100000|100%| O|  |TAMS 0x0000000083100000, 0x0000000083000000| Untracked 
|  29|0x0000000083100000, 0x0000000083200000, 0x0000000083200000|100%|HS|  |TAMS 0x0000000083200000, 0x0000000083100000| Complete 
|  30|0x0000000083200000, 0x0000000083300000, 0x0000000083300000|100%|HC|  |TAMS 0x0000000083300000, 0x0000000083200000| Complete 
|  31|0x0000000083300000, 0x0000000083400000, 0x0000000083400000|100%| O|  |TAMS 0x0000000083300000, 0x0000000083300000| Untracked 
|  32|0x0000000083400000, 0x0000000083500000, 0x0000000083500000|100%| O|  |TAMS 0x0000000083500000, 0x0000000083400000| Untracked 
|  33|0x0000000083500000, 0x0000000083600000, 0x0000000083600000|100%| O|  |TAMS 0x0000000083600000, 0x0000000083500000| Untracked 
|  34|0x0000000083600000, 0x0000000083700000, 0x0000000083700000|100%| O|  |TAMS 0x0000000083700000, 0x0000000083600000| Untracked 
|  35|0x0000000083700000, 0x0000000083800000, 0x0000000083800000|100%| O|  |TAMS 0x0000000083800000, 0x0000000083700000| Untracked 
|  36|0x0000000083800000, 0x0000000083900000, 0x0000000083900000|100%| O|  |TAMS 0x0000000083900000, 0x0000000083800000| Untracked 
|  37|0x0000000083900000, 0x0000000083a00000, 0x0000000083a00000|100%| O|  |TAMS 0x0000000083a00000, 0x0000000083900000| Untracked 
|  38|0x0000000083a00000, 0x0000000083b00000, 0x0000000083b00000|100%| O|  |TAMS 0x0000000083b00000, 0x0000000083a00000| Untracked 
|  39|0x0000000083b00000, 0x0000000083c00000, 0x0000000083c00000|100%| O|  |TAMS 0x0000000083c00000, 0x0000000083b00000| Untracked 
|  40|0x0000000083c00000, 0x0000000083d00000, 0x0000000083d00000|100%| O|  |TAMS 0x0000000083d00000, 0x0000000083c00000| Untracked 
|  41|0x0000000083d00000, 0x0000000083e00000, 0x0000000083e00000|100%| O|  |TAMS 0x0000000083e00000, 0x0000000083d00000| Untracked 
|  42|0x0000000083e00000, 0x0000000083f00000, 0x0000000083f00000|100%| O|  |TAMS 0x0000000083f00000, 0x0000000083e00000| Untracked 
|  43|0x0000000083f00000, 0x0000000084000000, 0x0000000084000000|100%| O|  |TAMS 0x0000000084000000, 0x0000000083f00000| Untracked 
|  44|0x0000000084000000, 0x0000000084100000, 0x0000000084100000|100%| O|  |TAMS 0x0000000084100000, 0x0000000084000000| Untracked 
|  45|0x0000000084100000, 0x0000000084200000, 0x0000000084200000|100%| O|  |TAMS 0x0000000084200000, 0x0000000084100000| Untracked 
|  46|0x0000000084200000, 0x0000000084300000, 0x0000000084300000|100%| O|  |TAMS 0x0000000084300000, 0x0000000084200000| Untracked 
|  47|0x0000000084300000, 0x0000000084400000, 0x0000000084400000|100%| O|  |TAMS 0x0000000084400000, 0x0000000084300000| Untracked 
|  48|0x0000000084400000, 0x0000000084500000, 0x0000000084500000|100%| O|  |TAMS 0x0000000084500000, 0x0000000084400000| Untracked 
|  49|0x0000000084500000, 0x0000000084600000, 0x0000000084600000|100%| O|  |TAMS 0x0000000084600000, 0x0000000084500000| Untracked 
|  50|0x0000000084600000, 0x0000000084700000, 0x0000000084700000|100%| O|  |TAMS 0x0000000084700000, 0x0000000084600000| Untracked 
|  51|0x0000000084700000, 0x0000000084800000, 0x0000000084800000|100%| O|  |TAMS 0x0000000084800000, 0x0000000084700000| Untracked 
|  52|0x0000000084800000, 0x0000000084900000, 0x0000000084900000|100%| O|  |TAMS 0x0000000084900000, 0x0000000084800000| Untracked 
|  53|0x0000000084900000, 0x0000000084a00000, 0x0000000084a00000|100%| O|  |TAMS 0x0000000084a00000, 0x0000000084900000| Untracked 
|  54|0x0000000084a00000, 0x0000000084b00000, 0x0000000084b00000|100%| O|  |TAMS 0x0000000084b00000, 0x0000000084a00000| Untracked 
|  55|0x0000000084b00000, 0x0000000084c00000, 0x0000000084c00000|100%| O|  |TAMS 0x0000000084c00000, 0x0000000084b00000| Untracked 
|  56|0x0000000084c00000, 0x0000000084d00000, 0x0000000084d00000|100%| O|  |TAMS 0x0000000084d00000, 0x0000000084c00000| Untracked 
|  57|0x0000000084d00000, 0x0000000084e00000, 0x0000000084e00000|100%| O|  |TAMS 0x0000000084e00000, 0x0000000084d00000| Untracked 
|  58|0x0000000084e00000, 0x0000000084f00000, 0x0000000084f00000|100%|HS|  |TAMS 0x0000000084e00000, 0x0000000084e00000| Complete 
|  59|0x0000000084f00000, 0x0000000085000000, 0x0000000085000000|100%|HC|  |TAMS 0x0000000084f00000, 0x0000000084f00000| Complete 
|  60|0x0000000085000000, 0x0000000085100000, 0x0000000085100000|100%| O|  |TAMS 0x0000000085000000, 0x0000000085000000| Untracked 
|  61|0x0000000085100000, 0x0000000085200000, 0x0000000085200000|100%| O|  |TAMS 0x0000000085100000, 0x0000000085100000| Untracked 
|  62|0x0000000085200000, 0x0000000085300000, 0x0000000085300000|100%| O|  |TAMS 0x0000000085200000, 0x0000000085200000| Untracked 
|  63|0x0000000085300000, 0x0000000085400000, 0x0000000085400000|100%| O|  |TAMS 0x0000000085300000, 0x0000000085300000| Untracked 
|  64|0x0000000085400000, 0x0000000085500000, 0x0000000085500000|100%| O|  |TAMS 0x0000000085400000, 0x0000000085400000| Untracked 
|  65|0x0000000085500000, 0x0000000085600000, 0x0000000085600000|100%| O|  |TAMS 0x0000000085500000, 0x0000000085500000| Untracked 
|  66|0x0000000085600000, 0x0000000085700000, 0x0000000085700000|100%| O|  |TAMS 0x0000000085600000, 0x0000000085600000| Untracked 
|  67|0x0000000085700000, 0x0000000085800000, 0x0000000085800000|100%| O|  |TAMS 0x0000000085700000, 0x0000000085700000| Untracked 
|  68|0x0000000085800000, 0x0000000085900000, 0x0000000085900000|100%| O|  |TAMS 0x0000000085800000, 0x0000000085800000| Untracked 
|  69|0x0000000085900000, 0x0000000085a00000, 0x0000000085a00000|100%| O|  |TAMS 0x0000000085900000, 0x0000000085900000| Untracked 
|  70|0x0000000085a00000, 0x0000000085b00000, 0x0000000085b00000|100%| O|  |TAMS 0x0000000085a00000, 0x0000000085a00000| Untracked 
|  71|0x0000000085b00000, 0x0000000085c00000, 0x0000000085c00000|100%| O|  |TAMS 0x0000000085b00000, 0x0000000085b00000| Untracked 
|  72|0x0000000085c00000, 0x0000000085d00000, 0x0000000085d00000|100%| O|  |TAMS 0x0000000085c00000, 0x0000000085c00000| Untracked 
|  73|0x0000000085d00000, 0x0000000085d48200, 0x0000000085e00000| 28%| O|  |TAMS 0x0000000085d00000, 0x0000000085d00000| Untracked 
|  74|0x0000000085e00000, 0x0000000085e00000, 0x0000000085f00000|  0%| F|  |TAMS 0x0000000085e00000, 0x0000000085e00000| Untracked 
|  75|0x0000000085f00000, 0x0000000085f00000, 0x0000000086000000|  0%| F|  |TAMS 0x0000000085f00000, 0x0000000085f00000| Untracked 
|  76|0x0000000086000000, 0x0000000086000000, 0x0000000086100000|  0%| F|  |TAMS 0x0000000086000000, 0x0000000086000000| Untracked 
|  77|0x0000000086100000, 0x0000000086100000, 0x0000000086200000|  0%| F|  |TAMS 0x0000000086100000, 0x0000000086100000| Untracked 
|  78|0x0000000086200000, 0x0000000086200000, 0x0000000086300000|  0%| F|  |TAMS 0x0000000086200000, 0x0000000086200000| Untracked 
|  79|0x0000000086300000, 0x0000000086300000, 0x0000000086400000|  0%| F|  |TAMS 0x0000000086300000, 0x0000000086300000| Untracked 
|  80|0x0000000086400000, 0x0000000086400000, 0x0000000086500000|  0%| F|  |TAMS 0x0000000086400000, 0x0000000086400000| Untracked 
|  81|0x0000000086500000, 0x0000000086500000, 0x0000000086600000|  0%| F|  |TAMS 0x0000000086500000, 0x0000000086500000| Untracked 
|  82|0x0000000086600000, 0x0000000086600000, 0x0000000086700000|  0%| F|  |TAMS 0x0000000086600000, 0x0000000086600000| Untracked 
|  83|0x0000000086700000, 0x0000000086700000, 0x0000000086800000|  0%| F|  |TAMS 0x0000000086700000, 0x0000000086700000| Untracked 
|  84|0x0000000086800000, 0x0000000086800000, 0x0000000086900000|  0%| F|  |TAMS 0x0000000086800000, 0x0000000086800000| Untracked 
|  85|0x0000000086900000, 0x0000000086900000, 0x0000000086a00000|  0%| F|  |TAMS 0x0000000086900000, 0x0000000086900000| Untracked 
|  86|0x0000000086a00000, 0x0000000086a00000, 0x0000000086b00000|  0%| F|  |TAMS 0x0000000086a00000, 0x0000000086a00000| Untracked 
|  87|0x0000000086b00000, 0x0000000086b00000, 0x0000000086c00000|  0%| F|  |TAMS 0x0000000086b00000, 0x0000000086b00000| Untracked 
|  88|0x0000000086c00000, 0x0000000086c00000, 0x0000000086d00000|  0%| F|  |TAMS 0x0000000086c00000, 0x0000000086c00000| Untracked 
|  89|0x0000000086d00000, 0x0000000086d00000, 0x0000000086e00000|  0%| F|  |TAMS 0x0000000086d00000, 0x0000000086d00000| Untracked 
|  90|0x0000000086e00000, 0x0000000086e00000, 0x0000000086f00000|  0%| F|  |TAMS 0x0000000086e00000, 0x0000000086e00000| Untracked 
|  91|0x0000000086f00000, 0x0000000086f00000, 0x0000000087000000|  0%| F|  |TAMS 0x0000000086f00000, 0x0000000086f00000| Untracked 
|  92|0x0000000087000000, 0x0000000087000000, 0x0000000087100000|  0%| F|  |TAMS 0x0000000087000000, 0x0000000087000000| Untracked 
|  93|0x0000000087100000, 0x0000000087100000, 0x0000000087200000|  0%| F|  |TAMS 0x0000000087100000, 0x0000000087100000| Untracked 
|  94|0x0000000087200000, 0x0000000087200000, 0x0000000087300000|  0%| F|  |TAMS 0x0000000087200000, 0x0000000087200000| Untracked 
|  95|0x0000000087300000, 0x0000000087300000, 0x0000000087400000|  0%| F|  |TAMS 0x0000000087300000, 0x0000000087300000| Untracked 
|  96|0x0000000087400000, 0x0000000087400000, 0x0000000087500000|  0%| F|  |TAMS 0x0000000087400000, 0x0000000087400000| Untracked 
|  97|0x0000000087500000, 0x0000000087500000, 0x0000000087600000|  0%| F|  |TAMS 0x0000000087500000, 0x0000000087500000| Untracked 
|  98|0x0000000087600000, 0x0000000087600000, 0x0000000087700000|  0%| F|  |TAMS 0x0000000087600000, 0x0000000087600000| Untracked 
|  99|0x0000000087700000, 0x0000000087700000, 0x0000000087800000|  0%| F|  |TAMS 0x0000000087700000, 0x0000000087700000| Untracked 
| 100|0x0000000087800000, 0x0000000087800000, 0x0000000087900000|  0%| F|  |TAMS 0x0000000087800000, 0x0000000087800000| Untracked 
| 101|0x0000000087900000, 0x0000000087900000, 0x0000000087a00000|  0%| F|  |TAMS 0x0000000087900000, 0x0000000087900000| Untracked 
| 102|0x0000000087a00000, 0x0000000087a00000, 0x0000000087b00000|  0%| F|  |TAMS 0x0000000087a00000, 0x0000000087a00000| Untracked 
| 103|0x0000000087b00000, 0x0000000087b00000, 0x0000000087c00000|  0%| F|  |TAMS 0x0000000087b00000, 0x0000000087b00000| Untracked 
| 104|0x0000000087c00000, 0x0000000087c00000, 0x0000000087d00000|  0%| F|  |TAMS 0x0000000087c00000, 0x0000000087c00000| Untracked 
| 105|0x0000000087d00000, 0x0000000087d00000, 0x0000000087e00000|  0%| F|  |TAMS 0x0000000087d00000, 0x0000000087d00000| Untracked 
| 106|0x0000000087e00000, 0x0000000087e00000, 0x0000000087f00000|  0%| F|  |TAMS 0x0000000087e00000, 0x0000000087e00000| Untracked 
| 107|0x0000000087f00000, 0x0000000087f00000, 0x0000000088000000|  0%| F|  |TAMS 0x0000000087f00000, 0x0000000087f00000| Untracked 
| 108|0x0000000088000000, 0x0000000088000000, 0x0000000088100000|  0%| F|  |TAMS 0x0000000088000000, 0x0000000088000000| Untracked 
| 109|0x0000000088100000, 0x0000000088100000, 0x0000000088200000|  0%| F|  |TAMS 0x0000000088100000, 0x0000000088100000| Untracked 
| 110|0x0000000088200000, 0x0000000088200000, 0x0000000088300000|  0%| F|  |TAMS 0x0000000088200000, 0x0000000088200000| Untracked 
| 111|0x0000000088300000, 0x0000000088300000, 0x0000000088400000|  0%| F|  |TAMS 0x0000000088300000, 0x0000000088300000| Untracked 
| 112|0x0000000088400000, 0x0000000088400000, 0x0000000088500000|  0%| F|  |TAMS 0x0000000088400000, 0x0000000088400000| Untracked 
| 113|0x0000000088500000, 0x0000000088500000, 0x0000000088600000|  0%| F|  |TAMS 0x0000000088500000, 0x0000000088500000| Untracked 
| 114|0x0000000088600000, 0x0000000088600000, 0x0000000088700000|  0%| F|  |TAMS 0x0000000088600000, 0x0000000088600000| Untracked 
| 115|0x0000000088700000, 0x0000000088700000, 0x0000000088800000|  0%| F|  |TAMS 0x0000000088700000, 0x0000000088700000| Untracked 
| 116|0x0000000088800000, 0x0000000088800000, 0x0000000088900000|  0%| F|  |TAMS 0x0000000088800000, 0x0000000088800000| Untracked 
| 117|0x0000000088900000, 0x0000000088900000, 0x0000000088a00000|  0%| F|  |TAMS 0x0000000088900000, 0x0000000088900000| Untracked 
| 118|0x0000000088a00000, 0x0000000088a00000, 0x0000000088b00000|  0%| F|  |TAMS 0x0000000088a00000, 0x0000000088a00000| Untracked 
| 119|0x0000000088b00000, 0x0000000088b00000, 0x0000000088c00000|  0%| F|  |TAMS 0x0000000088b00000, 0x0000000088b00000| Untracked 
| 120|0x0000000088c00000, 0x0000000088c00000, 0x0000000088d00000|  0%| F|  |TAMS 0x0000000088c00000, 0x0000000088c00000| Untracked 
| 121|0x0000000088d00000, 0x0000000088d00000, 0x0000000088e00000|  0%| F|  |TAMS 0x0000000088d00000, 0x0000000088d00000| Untracked 
| 122|0x0000000088e00000, 0x0000000088e00000, 0x0000000088f00000|  0%| F|  |TAMS 0x0000000088e00000, 0x0000000088e00000| Untracked 
| 123|0x0000000088f00000, 0x0000000088f00000, 0x0000000089000000|  0%| F|  |TAMS 0x0000000088f00000, 0x0000000088f00000| Untracked 
| 124|0x0000000089000000, 0x0000000089000000, 0x0000000089100000|  0%| F|  |TAMS 0x0000000089000000, 0x0000000089000000| Untracked 
| 125|0x0000000089100000, 0x0000000089100000, 0x0000000089200000|  0%| F|  |TAMS 0x0000000089100000, 0x0000000089100000| Untracked 
| 126|0x0000000089200000, 0x0000000089200000, 0x0000000089300000|  0%| F|  |TAMS 0x0000000089200000, 0x0000000089200000| Untracked 
| 127|0x0000000089300000, 0x0000000089300000, 0x0000000089400000|  0%| F|  |TAMS 0x0000000089300000, 0x0000000089300000| Untracked 
| 128|0x0000000089400000, 0x0000000089400000, 0x0000000089500000|  0%| F|  |TAMS 0x0000000089400000, 0x0000000089400000| Untracked 
| 129|0x0000000089500000, 0x0000000089500000, 0x0000000089600000|  0%| F|  |TAMS 0x0000000089500000, 0x0000000089500000| Untracked 
| 130|0x0000000089600000, 0x0000000089600000, 0x0000000089700000|  0%| F|  |TAMS 0x0000000089600000, 0x0000000089600000| Untracked 
| 131|0x0000000089700000, 0x0000000089700000, 0x0000000089800000|  0%| F|  |TAMS 0x0000000089700000, 0x0000000089700000| Untracked 
| 132|0x0000000089800000, 0x0000000089800000, 0x0000000089900000|  0%| F|  |TAMS 0x0000000089800000, 0x0000000089800000| Untracked 
| 133|0x0000000089900000, 0x0000000089900000, 0x0000000089a00000|  0%| F|  |TAMS 0x0000000089900000, 0x0000000089900000| Untracked 
| 134|0x0000000089a00000, 0x0000000089a00000, 0x0000000089b00000|  0%| F|  |TAMS 0x0000000089a00000, 0x0000000089a00000| Untracked 
| 135|0x0000000089b00000, 0x0000000089b00000, 0x0000000089c00000|  0%| F|  |TAMS 0x0000000089b00000, 0x0000000089b00000| Untracked 
| 136|0x0000000089c00000, 0x0000000089c00000, 0x0000000089d00000|  0%| F|  |TAMS 0x0000000089c00000, 0x0000000089c00000| Untracked 
| 137|0x0000000089d00000, 0x0000000089d00000, 0x0000000089e00000|  0%| F|  |TAMS 0x0000000089d00000, 0x0000000089d00000| Untracked 
| 138|0x0000000089e00000, 0x0000000089e00000, 0x0000000089f00000|  0%| F|  |TAMS 0x0000000089e00000, 0x0000000089e00000| Untracked 
| 139|0x0000000089f00000, 0x0000000089f00000, 0x000000008a000000|  0%| F|  |TAMS 0x0000000089f00000, 0x0000000089f00000| Untracked 
| 140|0x000000008a000000, 0x000000008a000000, 0x000000008a100000|  0%| F|  |TAMS 0x000000008a000000, 0x000000008a000000| Untracked 
| 141|0x000000008a100000, 0x000000008a100000, 0x000000008a200000|  0%| F|  |TAMS 0x000000008a100000, 0x000000008a100000| Untracked 
| 142|0x000000008a200000, 0x000000008a200000, 0x000000008a300000|  0%| F|  |TAMS 0x000000008a200000, 0x000000008a200000| Untracked 
| 143|0x000000008a300000, 0x000000008a300000, 0x000000008a400000|  0%| F|  |TAMS 0x000000008a300000, 0x000000008a300000| Untracked 
| 144|0x000000008a400000, 0x000000008a4c9bd0, 0x000000008a500000| 78%| S|CS|TAMS 0x000000008a400000, 0x000000008a400000| Complete 
| 145|0x000000008a500000, 0x000000008a600000, 0x000000008a600000|100%| S|CS|TAMS 0x000000008a500000, 0x000000008a500000| Complete 
| 146|0x000000008a600000, 0x000000008a700000, 0x000000008a700000|100%| S|CS|TAMS 0x000000008a600000, 0x000000008a600000| Complete 
| 147|0x000000008a700000, 0x000000008a800000, 0x000000008a800000|100%| S|CS|TAMS 0x000000008a700000, 0x000000008a700000| Complete 
| 148|0x000000008a800000, 0x000000008a900000, 0x000000008a900000|100%| S|CS|TAMS 0x000000008a800000, 0x000000008a800000| Complete 
| 149|0x000000008a900000, 0x000000008aa00000, 0x000000008aa00000|100%| S|CS|TAMS 0x000000008a900000, 0x000000008a900000| Complete 
| 150|0x000000008aa00000, 0x000000008ab00000, 0x000000008ab00000|100%| S|CS|TAMS 0x000000008aa00000, 0x000000008aa00000| Complete 
| 151|0x000000008ab00000, 0x000000008ac00000, 0x000000008ac00000|100%| S|CS|TAMS 0x000000008ab00000, 0x000000008ab00000| Complete 
| 152|0x000000008ac00000, 0x000000008ad00000, 0x000000008ad00000|100%| S|CS|TAMS 0x000000008ac00000, 0x000000008ac00000| Complete 
| 153|0x000000008ad00000, 0x000000008ae00000, 0x000000008ae00000|100%| S|CS|TAMS 0x000000008ad00000, 0x000000008ad00000| Complete 
| 154|0x000000008ae00000, 0x000000008ae00000, 0x000000008af00000|  0%| F|  |TAMS 0x000000008ae00000, 0x000000008ae00000| Untracked 
| 155|0x000000008af00000, 0x000000008af00000, 0x000000008b000000|  0%| F|  |TAMS 0x000000008af00000, 0x000000008af00000| Untracked 
| 156|0x000000008b000000, 0x000000008b000000, 0x000000008b100000|  0%| F|  |TAMS 0x000000008b000000, 0x000000008b000000| Untracked 
| 157|0x000000008b100000, 0x000000008b100000, 0x000000008b200000|  0%| F|  |TAMS 0x000000008b100000, 0x000000008b100000| Untracked 
| 158|0x000000008b200000, 0x000000008b200000, 0x000000008b300000|  0%| F|  |TAMS 0x000000008b200000, 0x000000008b200000| Untracked 
| 159|0x000000008b300000, 0x000000008b300000, 0x000000008b400000|  0%| F|  |TAMS 0x000000008b300000, 0x000000008b300000| Untracked 
| 160|0x000000008b400000, 0x000000008b400000, 0x000000008b500000|  0%| F|  |TAMS 0x000000008b400000, 0x000000008b400000| Untracked 
| 161|0x000000008b500000, 0x000000008b500000, 0x000000008b600000|  0%| F|  |TAMS 0x000000008b500000, 0x000000008b500000| Untracked 
| 162|0x000000008b600000, 0x000000008b600000, 0x000000008b700000|  0%| F|  |TAMS 0x000000008b600000, 0x000000008b600000| Untracked 
| 163|0x000000008b700000, 0x000000008b700000, 0x000000008b800000|  0%| F|  |TAMS 0x000000008b700000, 0x000000008b700000| Untracked 
| 164|0x000000008b800000, 0x000000008b800000, 0x000000008b900000|  0%| F|  |TAMS 0x000000008b800000, 0x000000008b800000| Untracked 
| 165|0x000000008b900000, 0x000000008b900000, 0x000000008ba00000|  0%| F|  |TAMS 0x000000008b900000, 0x000000008b900000| Untracked 
| 166|0x000000008ba00000, 0x000000008ba00000, 0x000000008bb00000|  0%| F|  |TAMS 0x000000008ba00000, 0x000000008ba00000| Untracked 
| 167|0x000000008bb00000, 0x000000008bb00000, 0x000000008bc00000|  0%| F|  |TAMS 0x000000008bb00000, 0x000000008bb00000| Untracked 
| 168|0x000000008bc00000, 0x000000008bc00000, 0x000000008bd00000|  0%| F|  |TAMS 0x000000008bc00000, 0x000000008bc00000| Untracked 
| 169|0x000000008bd00000, 0x000000008bd00000, 0x000000008be00000|  0%| F|  |TAMS 0x000000008bd00000, 0x000000008bd00000| Untracked 
| 170|0x000000008be00000, 0x000000008be00000, 0x000000008bf00000|  0%| F|  |TAMS 0x000000008be00000, 0x000000008be00000| Untracked 
| 171|0x000000008bf00000, 0x000000008bf00000, 0x000000008c000000|  0%| F|  |TAMS 0x000000008bf00000, 0x000000008bf00000| Untracked 
| 172|0x000000008c000000, 0x000000008c000000, 0x000000008c100000|  0%| F|  |TAMS 0x000000008c000000, 0x000000008c000000| Untracked 
| 173|0x000000008c100000, 0x000000008c100000, 0x000000008c200000|  0%| F|  |TAMS 0x000000008c100000, 0x000000008c100000| Untracked 
| 174|0x000000008c200000, 0x000000008c200000, 0x000000008c300000|  0%| F|  |TAMS 0x000000008c200000, 0x000000008c200000| Untracked 
| 175|0x000000008c300000, 0x000000008c300000, 0x000000008c400000|  0%| F|  |TAMS 0x000000008c300000, 0x000000008c300000| Untracked 
| 176|0x000000008c400000, 0x000000008c400000, 0x000000008c500000|  0%| F|  |TAMS 0x000000008c400000, 0x000000008c400000| Untracked 
| 177|0x000000008c500000, 0x000000008c500000, 0x000000008c600000|  0%| F|  |TAMS 0x000000008c500000, 0x000000008c500000| Untracked 
| 178|0x000000008c600000, 0x000000008c600000, 0x000000008c700000|  0%| F|  |TAMS 0x000000008c600000, 0x000000008c600000| Untracked 
| 179|0x000000008c700000, 0x000000008c700000, 0x000000008c800000|  0%| F|  |TAMS 0x000000008c700000, 0x000000008c700000| Untracked 
| 180|0x000000008c800000, 0x000000008c800000, 0x000000008c900000|  0%| F|  |TAMS 0x000000008c800000, 0x000000008c800000| Untracked 
| 181|0x000000008c900000, 0x000000008c900000, 0x000000008ca00000|  0%| F|  |TAMS 0x000000008c900000, 0x000000008c900000| Untracked 
| 182|0x000000008ca00000, 0x000000008ca00000, 0x000000008cb00000|  0%| F|  |TAMS 0x000000008ca00000, 0x000000008ca00000| Untracked 
| 183|0x000000008cb00000, 0x000000008cb00000, 0x000000008cc00000|  0%| F|  |TAMS 0x000000008cb00000, 0x000000008cb00000| Untracked 
| 184|0x000000008cc00000, 0x000000008cc00000, 0x000000008cd00000|  0%| F|  |TAMS 0x000000008cc00000, 0x000000008cc00000| Untracked 
| 185|0x000000008cd00000, 0x000000008cd00000, 0x000000008ce00000|  0%| F|  |TAMS 0x000000008cd00000, 0x000000008cd00000| Untracked 
| 186|0x000000008ce00000, 0x000000008ce00000, 0x000000008cf00000|  0%| F|  |TAMS 0x000000008ce00000, 0x000000008ce00000| Untracked 
| 187|0x000000008cf00000, 0x000000008cf00000, 0x000000008d000000|  0%| F|  |TAMS 0x000000008cf00000, 0x000000008cf00000| Untracked 
| 188|0x000000008d000000, 0x000000008d000000, 0x000000008d100000|  0%| F|  |TAMS 0x000000008d000000, 0x000000008d000000| Untracked 
| 189|0x000000008d100000, 0x000000008d100000, 0x000000008d200000|  0%| F|  |TAMS 0x000000008d100000, 0x000000008d100000| Untracked 
| 190|0x000000008d200000, 0x000000008d200000, 0x000000008d300000|  0%| F|  |TAMS 0x000000008d200000, 0x000000008d200000| Untracked 
| 191|0x000000008d300000, 0x000000008d300000, 0x000000008d400000|  0%| F|  |TAMS 0x000000008d300000, 0x000000008d300000| Untracked 
| 192|0x000000008d400000, 0x000000008d400000, 0x000000008d500000|  0%| F|  |TAMS 0x000000008d400000, 0x000000008d400000| Untracked 
| 193|0x000000008d500000, 0x000000008d500000, 0x000000008d600000|  0%| F|  |TAMS 0x000000008d500000, 0x000000008d500000| Untracked 
| 194|0x000000008d600000, 0x000000008d600000, 0x000000008d700000|  0%| F|  |TAMS 0x000000008d600000, 0x000000008d600000| Untracked 
| 195|0x000000008d700000, 0x000000008d700000, 0x000000008d800000|  0%| F|  |TAMS 0x000000008d700000, 0x000000008d700000| Untracked 
| 196|0x000000008d800000, 0x000000008d800000, 0x000000008d900000|  0%| F|  |TAMS 0x000000008d800000, 0x000000008d800000| Untracked 
| 197|0x000000008d900000, 0x000000008d900000, 0x000000008da00000|  0%| F|  |TAMS 0x000000008d900000, 0x000000008d900000| Untracked 
| 198|0x000000008da00000, 0x000000008da00000, 0x000000008db00000|  0%| F|  |TAMS 0x000000008da00000, 0x000000008da00000| Untracked 
| 199|0x000000008db00000, 0x000000008db00000, 0x000000008dc00000|  0%| F|  |TAMS 0x000000008db00000, 0x000000008db00000| Untracked 
| 200|0x000000008dc00000, 0x000000008dc00000, 0x000000008dd00000|  0%| F|  |TAMS 0x000000008dc00000, 0x000000008dc00000| Untracked 
| 201|0x000000008dd00000, 0x000000008dd00000, 0x000000008de00000|  0%| F|  |TAMS 0x000000008dd00000, 0x000000008dd00000| Untracked 
| 202|0x000000008de00000, 0x000000008de00000, 0x000000008df00000|  0%| F|  |TAMS 0x000000008de00000, 0x000000008de00000| Untracked 
| 203|0x000000008df00000, 0x000000008df00000, 0x000000008e000000|  0%| F|  |TAMS 0x000000008df00000, 0x000000008df00000| Untracked 
| 204|0x000000008e000000, 0x000000008e000000, 0x000000008e100000|  0%| F|  |TAMS 0x000000008e000000, 0x000000008e000000| Untracked 
| 205|0x000000008e100000, 0x000000008e100000, 0x000000008e200000|  0%| F|  |TAMS 0x000000008e100000, 0x000000008e100000| Untracked 
| 206|0x000000008e200000, 0x000000008e200000, 0x000000008e300000|  0%| F|  |TAMS 0x000000008e200000, 0x000000008e200000| Untracked 
| 207|0x000000008e300000, 0x000000008e300000, 0x000000008e400000|  0%| F|  |TAMS 0x000000008e300000, 0x000000008e300000| Untracked 
| 208|0x000000008e400000, 0x000000008e400000, 0x000000008e500000|  0%| F|  |TAMS 0x000000008e400000, 0x000000008e400000| Untracked 
| 209|0x000000008e500000, 0x000000008e500000, 0x000000008e600000|  0%| F|  |TAMS 0x000000008e500000, 0x000000008e500000| Untracked 
| 210|0x000000008e600000, 0x000000008e600000, 0x000000008e700000|  0%| F|  |TAMS 0x000000008e600000, 0x000000008e600000| Untracked 
| 211|0x000000008e700000, 0x000000008e700000, 0x000000008e800000|  0%| F|  |TAMS 0x000000008e700000, 0x000000008e700000| Untracked 
| 212|0x000000008e800000, 0x000000008e800000, 0x000000008e900000|  0%| F|  |TAMS 0x000000008e800000, 0x000000008e800000| Untracked 
| 213|0x000000008e900000, 0x000000008e900000, 0x000000008ea00000|  0%| F|  |TAMS 0x000000008e900000, 0x000000008e900000| Untracked 
| 214|0x000000008ea00000, 0x000000008ea00000, 0x000000008eb00000|  0%| F|  |TAMS 0x000000008ea00000, 0x000000008ea00000| Untracked 
| 215|0x000000008eb00000, 0x000000008eb00000, 0x000000008ec00000|  0%| F|  |TAMS 0x000000008eb00000, 0x000000008eb00000| Untracked 
| 216|0x000000008ec00000, 0x000000008ec00000, 0x000000008ed00000|  0%| F|  |TAMS 0x000000008ec00000, 0x000000008ec00000| Untracked 
| 217|0x000000008ed00000, 0x000000008ed00000, 0x000000008ee00000|  0%| F|  |TAMS 0x000000008ed00000, 0x000000008ed00000| Untracked 
| 218|0x000000008ee00000, 0x000000008ee00000, 0x000000008ef00000|  0%| F|  |TAMS 0x000000008ee00000, 0x000000008ee00000| Untracked 
| 219|0x000000008ef00000, 0x000000008ef00000, 0x000000008f000000|  0%| F|  |TAMS 0x000000008ef00000, 0x000000008ef00000| Untracked 
| 220|0x000000008f000000, 0x000000008f000000, 0x000000008f100000|  0%| F|  |TAMS 0x000000008f000000, 0x000000008f000000| Untracked 
| 221|0x000000008f100000, 0x000000008f100000, 0x000000008f200000|  0%| F|  |TAMS 0x000000008f100000, 0x000000008f100000| Untracked 
| 222|0x000000008f200000, 0x000000008f200000, 0x000000008f300000|  0%| F|  |TAMS 0x000000008f200000, 0x000000008f200000| Untracked 
| 223|0x000000008f300000, 0x000000008f300000, 0x000000008f400000|  0%| F|  |TAMS 0x000000008f300000, 0x000000008f300000| Untracked 
| 224|0x000000008f400000, 0x000000008f400000, 0x000000008f500000|  0%| F|  |TAMS 0x000000008f400000, 0x000000008f400000| Untracked 
| 225|0x000000008f500000, 0x000000008f500000, 0x000000008f600000|  0%| F|  |TAMS 0x000000008f500000, 0x000000008f500000| Untracked 
| 226|0x000000008f600000, 0x000000008f600000, 0x000000008f700000|  0%| F|  |TAMS 0x000000008f600000, 0x000000008f600000| Untracked 
| 227|0x000000008f700000, 0x000000008f700000, 0x000000008f800000|  0%| F|  |TAMS 0x000000008f700000, 0x000000008f700000| Untracked 
| 228|0x000000008f800000, 0x000000008f800000, 0x000000008f900000|  0%| F|  |TAMS 0x000000008f800000, 0x000000008f800000| Untracked 
| 229|0x000000008f900000, 0x000000008f900000, 0x000000008fa00000|  0%| F|  |TAMS 0x000000008f900000, 0x000000008f900000| Untracked 
| 230|0x000000008fa00000, 0x000000008fa00000, 0x000000008fb00000|  0%| F|  |TAMS 0x000000008fa00000, 0x000000008fa00000| Untracked 
| 231|0x000000008fb00000, 0x000000008fb00000, 0x000000008fc00000|  0%| F|  |TAMS 0x000000008fb00000, 0x000000008fb00000| Untracked 
| 232|0x000000008fc00000, 0x000000008fc00000, 0x000000008fd00000|  0%| F|  |TAMS 0x000000008fc00000, 0x000000008fc00000| Untracked 
| 233|0x000000008fd00000, 0x000000008fd00000, 0x000000008fe00000|  0%| F|  |TAMS 0x000000008fd00000, 0x000000008fd00000| Untracked 
| 234|0x000000008fe00000, 0x000000008fe00000, 0x000000008ff00000|  0%| F|  |TAMS 0x000000008fe00000, 0x000000008fe00000| Untracked 
| 235|0x000000008ff00000, 0x000000008ff00000, 0x0000000090000000|  0%| F|  |TAMS 0x000000008ff00000, 0x000000008ff00000| Untracked 
| 236|0x0000000090000000, 0x0000000090000000, 0x0000000090100000|  0%| F|  |TAMS 0x0000000090000000, 0x0000000090000000| Untracked 
| 237|0x0000000090100000, 0x0000000090100000, 0x0000000090200000|  0%| F|  |TAMS 0x0000000090100000, 0x0000000090100000| Untracked 
| 238|0x0000000090200000, 0x0000000090200000, 0x0000000090300000|  0%| F|  |TAMS 0x0000000090200000, 0x0000000090200000| Untracked 
| 239|0x0000000090300000, 0x0000000090300000, 0x0000000090400000|  0%| F|  |TAMS 0x0000000090300000, 0x0000000090300000| Untracked 
| 240|0x0000000090400000, 0x0000000090400000, 0x0000000090500000|  0%| F|  |TAMS 0x0000000090400000, 0x0000000090400000| Untracked 
| 241|0x0000000090500000, 0x0000000090500000, 0x0000000090600000|  0%| F|  |TAMS 0x0000000090500000, 0x0000000090500000| Untracked 
| 242|0x0000000090600000, 0x0000000090600000, 0x0000000090700000|  0%| F|  |TAMS 0x0000000090600000, 0x0000000090600000| Untracked 
| 243|0x0000000090700000, 0x0000000090700000, 0x0000000090800000|  0%| F|  |TAMS 0x0000000090700000, 0x0000000090700000| Untracked 

Card table byte_map: [0x0000026478970000,0x0000026478d70000] _byte_map_base: 0x0000026478566000

Marking Bits (Prev, Next): (CMBitMap*) 0x000002646f3dc6e8, (CMBitMap*) 0x000002646f3dc720
 Prev Bits: [0x0000026479170000, 0x000002647b120000)
 Next Bits: [0x000002647b120000, 0x000002647d0d0000)

Polling page: 0x0000026477ac0000

Metaspace:

Usage:
  Non-class:     16.43 MB capacity,    16.27 MB (>99%) used,   128.99 KB ( <1%) free+waste,    34.13 KB ( <1%) overhead. 
      Class:      1.74 MB capacity,     1.64 MB ( 94%) used,    88.23 KB (  5%) free+waste,    13.25 KB ( <1%) overhead. 
       Both:     18.18 MB capacity,    17.92 MB ( 99%) used,   217.22 KB (  1%) free+waste,    47.38 KB ( <1%) overhead. 

Virtual space:
  Non-class space:       18.00 MB reserved,      16.50 MB ( 92%) committed 
      Class space:        1.00 GB reserved,       1.75 MB ( <1%) committed 
             Both:        1.02 GB reserved,      18.25 MB (  2%) committed 

Chunk freelists:
   Non-Class:  5.00 KB
       Class:  7.00 KB
        Both:  12.00 KB

MaxMetaspaceSize: 17179869184.00 GB
CompressedClassSpaceSize: 1.00 GB
Initial GC threshold: 20.80 MB
Current GC threshold: 27.09 MB
CDS: off

CodeHeap 'non-profiled nmethods': size=120000Kb used=2992Kb max_used=2992Kb free=117007Kb
 bounds [0x0000026407ad0000, 0x0000026407dc0000, 0x000002640f000000]
CodeHeap 'profiled nmethods': size=120000Kb used=11227Kb max_used=11227Kb free=108772Kb
 bounds [0x00000264005a0000, 0x00000264010a0000, 0x0000026407ad0000]
CodeHeap 'non-nmethods': size=5760Kb used=1157Kb max_used=1217Kb free=4602Kb
 bounds [0x0000026400000000, 0x0000026400270000, 0x00000264005a0000]
 total_blobs=4742 nmethods=4338 adapters=316
 compilation: enabled
              stopped_count=0, restarted_count=0
 full_count=0

Compilation events (20 events):
Event: 5.303 Thread 0x000002647fba5000 4410       2       java.nio.channels.Channels::writeFullyImpl (33 bytes)
Event: 5.303 Thread 0x000002647fba5000 nmethod 4410 0x000002640108f990 code [0x000002640108fb60, 0x000002640108fd98]
Event: 5.303 Thread 0x000002647fba5000 4404   !   2       sun.nio.fs.WindowsUriSupport::toUri (48 bytes)
Event: 5.304 Thread 0x000002647fba5000 nmethod 4404 0x000002640108ff10 code [0x0000026401090100, 0x00000264010903a8]
Event: 5.304 Thread 0x000002647fba5000 4405       2       sun.nio.fs.WindowsPath::isUnc (16 bytes)
Event: 5.304 Thread 0x000002647fba5000 nmethod 4405 0x0000026401090610 code [0x00000264010907c0, 0x00000264010908d8]
Event: 5.304 Thread 0x000002647fba5000 4406   !   2       sun.nio.fs.WindowsUriSupport::toUri (245 bytes)
Event: 5.306 Thread 0x000002647fba5000 nmethod 4406 0x0000026401090990 code [0x0000026401090d40, 0x0000026401091d08]
Event: 5.306 Thread 0x000002647fba5000 4407       2       java.net.URI::normalize (65 bytes)
Event: 5.307 Thread 0x000002647fba5000 nmethod 4407 0x0000026401092610 code [0x0000026401092840, 0x0000026401092dd8]
Event: 5.307 Thread 0x000002647fba5000 4408  s    2       java.nio.channels.Channels$1::write (107 bytes)
Event: 5.307 Thread 0x000002647fba5000 nmethod 4408 0x0000026401093110 code [0x0000026401093340, 0x0000026401093a58]
Event: 5.308 Thread 0x000002647fba5000 4409   !   2       java.nio.channels.Channels::writeFully (60 bytes)
Event: 5.308 Thread 0x000002647fba5000 nmethod 4409 0x0000026401093d10 code [0x0000026401093f60, 0x0000026401094628]
Event: 5.308 Thread 0x000002647fba5000 4411   !   2       sun.nio.ch.FileChannelImpl::write (266 bytes)
Event: 5.309 Thread 0x000002647fba5000 nmethod 4411 0x0000026401094a90 code [0x0000026401094d00, 0x0000026401095528]
Event: 5.309 Thread 0x000002647fba5000 4412       2       java.nio.channels.Channels$1::close (10 bytes)
Event: 5.309 Thread 0x000002647fba5000 nmethod 4412 0x0000026401095b90 code [0x0000026401095d40, 0x0000026401095e68]
Event: 5.312 Thread 0x000002647fba5000 4413       2       com.sun.tools.javac.jvm.Code::emitop1w (280 bytes)
Event: 5.313 Thread 0x000002647fba5000 nmethod 4413 0x0000026401095f10 code [0x00000264010961a0, 0x0000026401096878]

GC Heap History (20 events):
Event: 1.761 GC heap after
{Heap after GC invocations=38 (full 0):
 garbage-first heap   total 55296K, used 24792K [0x0000000081400000, 0x0000000100000000)
  region size 1024K, 2 young (2048K), 2 survivors (2048K)
 Metaspace       used 13882K, capacity 14133K, committed 14336K, reserved 1062912K
  class space    used 1433K, capacity 1503K, committed 1536K, reserved 1048576K
}
Event: 1.879 GC heap before
{Heap before GC invocations=38 (full 0):
 garbage-first heap   total 55296K, used 36056K [0x0000000081400000, 0x0000000100000000)
  region size 1024K, 13 young (13312K), 2 survivors (2048K)
 Metaspace       used 13954K, capacity 14199K, committed 14336K, reserved 1062912K
  class space    used 1433K, capacity 1503K, committed 1536K, reserved 1048576K
}
Event: 1.887 GC heap after
{Heap after GC invocations=39 (full 0):
 garbage-first heap   total 55296K, used 28652K [0x0000000081400000, 0x0000000100000000)
  region size 1024K, 2 young (2048K), 2 survivors (2048K)
 Metaspace       used 13954K, capacity 14199K, committed 14336K, reserved 1062912K
  class space    used 1433K, capacity 1503K, committed 1536K, reserved 1048576K
}
Event: 1.915 GC heap before
{Heap before GC invocations=39 (full 0):
 garbage-first heap   total 55296K, used 28652K [0x0000000081400000, 0x0000000100000000)
  region size 1024K, 3 young (3072K), 2 survivors (2048K)
 Metaspace       used 14269K, capacity 14531K, committed 14720K, reserved 1062912K
  class space    used 1467K, capacity 1571K, committed 1664K, reserved 1048576K
}
Event: 1.919 GC heap after
{Heap after GC invocations=40 (full 0):
 garbage-first heap   total 115712K, used 29541K [0x0000000081400000, 0x0000000100000000)
  region size 1024K, 1 young (1024K), 1 survivors (1024K)
 Metaspace       used 14269K, capacity 14531K, committed 14720K, reserved 1062912K
  class space    used 1467K, capacity 1571K, committed 1664K, reserved 1048576K
}
Event: 2.378 GC heap before
{Heap before GC invocations=41 (full 0):
 garbage-first heap   total 115712K, used 57189K [0x0000000081400000, 0x0000000100000000)
  region size 1024K, 25 young (25600K), 1 survivors (1024K)
 Metaspace       used 15807K, capacity 16117K, committed 16384K, reserved 1064960K
  class space    used 1577K, capacity 1692K, committed 1792K, reserved 1048576K
}
Event: 2.392 GC heap after
{Heap after GC invocations=42 (full 0):
 garbage-first heap   total 115712K, used 40960K [0x0000000081400000, 0x0000000100000000)
  region size 1024K, 4 young (4096K), 4 survivors (4096K)
 Metaspace       used 15807K, capacity 16117K, committed 16384K, reserved 1064960K
  class space    used 1577K, capacity 1692K, committed 1792K, reserved 1048576K
}
Event: 2.505 GC heap before
{Heap before GC invocations=42 (full 0):
 garbage-first heap   total 115712K, used 68608K [0x0000000081400000, 0x0000000100000000)
  region size 1024K, 31 young (31744K), 4 survivors (4096K)
 Metaspace       used 16007K, capacity 16323K, committed 16640K, reserved 1064960K
  class space    used 1580K, capacity 1695K, committed 1792K, reserved 1048576K
}
Event: 2.535 GC heap after
{Heap after GC invocations=43 (full 0):
 garbage-first heap   total 115712K, used 59146K [0x0000000081400000, 0x0000000100000000)
  region size 1024K, 4 young (4096K), 4 survivors (4096K)
 Metaspace       used 16007K, capacity 16323K, committed 16640K, reserved 1064960K
  class space    used 1580K, capacity 1695K, committed 1792K, reserved 1048576K
}
Event: 2.560 GC heap before
{Heap before GC invocations=43 (full 0):
 garbage-first heap   total 115712K, used 62218K [0x0000000081400000, 0x0000000100000000)
  region size 1024K, 8 young (8192K), 4 survivors (4096K)
 Metaspace       used 16046K, capacity 16389K, committed 16640K, reserved 1064960K
  class space    used 1580K, capacity 1695K, committed 1792K, reserved 1048576K
}
Event: 2.570 GC heap after
{Heap after GC invocations=44 (full 0):
 garbage-first heap   total 115712K, used 60416K [0x0000000081400000, 0x0000000100000000)
  region size 1024K, 1 young (1024K), 1 survivors (1024K)
 Metaspace       used 16046K, capacity 16389K, committed 16640K, reserved 1064960K
  class space    used 1580K, capacity 1695K, committed 1792K, reserved 1048576K
}
Event: 2.693 GC heap before
{Heap before GC invocations=45 (full 0):
 garbage-first heap   total 115712K, used 77824K [0x0000000081400000, 0x0000000100000000)
  region size 1024K, 16 young (16384K), 1 survivors (1024K)
 Metaspace       used 16178K, capacity 16461K, committed 16640K, reserved 1064960K
  class space    used 1584K, capacity 1695K, committed 1792K, reserved 1048576K
}
Event: 2.705 GC heap after
{Heap after GC invocations=46 (full 0):
 garbage-first heap   total 249856K, used 64512K [0x0000000081400000, 0x0000000100000000)
  region size 1024K, 2 young (2048K), 2 survivors (2048K)
 Metaspace       used 16178K, capacity 16461K, committed 16640K, reserved 1064960K
  class space    used 1584K, capacity 1695K, committed 1792K, reserved 1048576K
}
Event: 3.553 GC heap before
{Heap before GC invocations=46 (full 0):
 garbage-first heap   total 249856K, used 118784K [0x0000000081400000, 0x0000000100000000)
  region size 1024K, 55 young (56320K), 2 survivors (2048K)
 Metaspace       used 17676K, capacity 17959K, committed 18176K, reserved 1064960K
  class space    used 1682K, capacity 1785K, committed 1792K, reserved 1048576K
}
Event: 3.572 GC heap after
{Heap after GC invocations=47 (full 0):
 garbage-first heap   total 249856K, used 71334K [0x0000000081400000, 0x0000000100000000)
  region size 1024K, 7 young (7168K), 7 survivors (7168K)
 Metaspace       used 17676K, capacity 17959K, committed 18176K, reserved 1064960K
  class space    used 1682K, capacity 1785K, committed 1792K, reserved 1048576K
}
Event: 4.210 GC heap before
{Heap before GC invocations=47 (full 0):
 garbage-first heap   total 249856K, used 137894K [0x0000000081400000, 0x0000000100000000)
  region size 1024K, 72 young (73728K), 7 survivors (7168K)
 Metaspace       used 18113K, capacity 18414K, committed 18432K, reserved 1067008K
  class space    used 1683K, capacity 1785K, committed 1792K, reserved 1048576K
}
Event: 4.226 GC heap after
{Heap after GC invocations=48 (full 0):
 garbage-first heap   total 249856K, used 75509K [0x0000000081400000, 0x0000000100000000)
  region size 1024K, 4 young (4096K), 4 survivors (4096K)
 Metaspace       used 18113K, capacity 18414K, committed 18432K, reserved 1067008K
  class space    used 1683K, capacity 1785K, committed 1792K, reserved 1048576K
}
Event: 4.723 GC heap before
{Heap before GC invocations=48 (full 0):
 garbage-first heap   total 249856K, used 152309K [0x0000000081400000, 0x0000000100000000)
  region size 1024K, 79 young (80896K), 4 survivors (4096K)
 Metaspace       used 18255K, capacity 18547K, committed 18688K, reserved 1067008K
  class space    used 1683K, capacity 1785K, committed 1792K, reserved 1048576K
}
Event: 4.733 GC heap after
{Heap after GC invocations=49 (full 0):
 garbage-first heap   total 249856K, used 79432K [0x0000000081400000, 0x0000000100000000)
  region size 1024K, 8 young (8192K), 8 survivors (8192K)
 Metaspace       used 18255K, capacity 18547K, committed 18688K, reserved 1067008K
  class space    used 1683K, capacity 1785K, committed 1792K, reserved 1048576K
}
Event: 5.319 GC heap before
{Heap before GC invocations=49 (full 0):
 garbage-first heap   total 249856K, used 163400K [0x0000000081400000, 0x0000000100000000)
  region size 1024K, 90 young (92160K), 8 survivors (8192K)
 Metaspace       used 18347K, capacity 18612K, committed 18688K, reserved 1067008K
  class space    used 1683K, capacity 1785K, committed 1792K, reserved 1048576K
}

Deoptimization events (20 events):
Event: 4.875 Thread 0x000002646f399000 Uncommon trap: trap_request=0xffffffc6 fr.pc=0x0000026407d8326c relative=0x0000000000000f2c
Event: 4.875 Thread 0x000002646f399000 Uncommon trap: reason=bimorphic_or_optimized_type_check action=maybe_recompile pc=0x0000026407d8326c method=com.sun.tools.javac.code.Types$13.visitClassType(Lcom/sun/tools/javac/code/Type$ClassType;Lcom/sun/tools/javac/code/Symbol;)Lcom/sun/tools/javac/co
Event: 4.875 Thread 0x000002646f399000 DEOPT PACKING pc=0x0000026407d8326c sp=0x0000007a5d3fe5c0
Event: 4.875 Thread 0x000002646f399000 DEOPT UNPACKING pc=0x000002640004a1af sp=0x0000007a5d3fe4f8 mode 2
Event: 4.875 Thread 0x000002646f399000 Uncommon trap: trap_request=0xffffffc6 fr.pc=0x0000026407d85770 relative=0x0000000000000ed0
Event: 4.875 Thread 0x000002646f399000 Uncommon trap: reason=bimorphic_or_optimized_type_check action=maybe_recompile pc=0x0000026407d85770 method=com.sun.tools.javac.code.Types$13.visitClassType(Lcom/sun/tools/javac/code/Type$ClassType;Lcom/sun/tools/javac/code/Symbol;)Lcom/sun/tools/javac/co
Event: 4.875 Thread 0x000002646f399000 DEOPT PACKING pc=0x0000026407d85770 sp=0x0000007a5d3fe530
Event: 4.876 Thread 0x000002646f399000 DEOPT UNPACKING pc=0x000002640004a1af sp=0x0000007a5d3fe4f0 mode 2
Event: 4.876 Thread 0x000002646f399000 Uncommon trap: trap_request=0xffffffde fr.pc=0x0000026407d29790 relative=0x00000000000008f0
Event: 4.876 Thread 0x000002646f399000 Uncommon trap: reason=class_check action=maybe_recompile pc=0x0000026407d29790 method=com.sun.tools.javac.code.Symbol$ClassSymbol.isSubClass(Lcom/sun/tools/javac/code/Symbol;Lcom/sun/tools/javac/code/Types;)Z @ 55 c2
Event: 4.876 Thread 0x000002646f399000 DEOPT PACKING pc=0x0000026407d29790 sp=0x0000007a5d3fed10
Event: 4.876 Thread 0x000002646f399000 DEOPT UNPACKING pc=0x000002640004a1af sp=0x0000007a5d3fec48 mode 2
Event: 4.886 Thread 0x000002646f399000 Uncommon trap: trap_request=0xffffff5c fr.pc=0x0000026407cbbc6c relative=0x000000000000022c
Event: 4.886 Thread 0x000002646f399000 Uncommon trap: reason=speculate_null_assert action=make_not_entrant pc=0x0000026407cbbc6c method=com.sun.tools.javac.code.DeferredLintHandler.flush(Lcom/sun/tools/javac/util/JCDiagnostic$DiagnosticPosition;)V @ 15 c2
Event: 4.886 Thread 0x000002646f399000 DEOPT PACKING pc=0x0000026407cbbc6c sp=0x0000007a5d3ff090
Event: 4.886 Thread 0x000002646f399000 DEOPT UNPACKING pc=0x000002640004a1af sp=0x0000007a5d3ff028 mode 2
Event: 5.140 Thread 0x000002646f399000 Uncommon trap: trap_request=0xffffff4d fr.pc=0x0000026407ca9d84 relative=0x00000000000000e4
Event: 5.140 Thread 0x000002646f399000 Uncommon trap: reason=unstable_if action=reinterpret pc=0x0000026407ca9d84 method=com.sun.tools.javac.jvm.ClassWriter.adjustFlags(J)I @ 41 c2
Event: 5.140 Thread 0x000002646f399000 DEOPT PACKING pc=0x0000026407ca9d84 sp=0x0000007a5d3fec50
Event: 5.140 Thread 0x000002646f399000 DEOPT UNPACKING pc=0x000002640004a1af sp=0x0000007a5d3febe8 mode 2

Classes redefined (0 events):
No events

Internal exceptions (20 events):
Event: 5.225 Thread 0x000002646f399000 Exception <a 'sun/nio/fs/WindowsException'{0x000000008bfe0920}> (0x000000008bfe0920) thrown at [./src/hotspot/share/prims/jni.cpp, line 615]
Event: 5.228 Thread 0x000002646f399000 Exception <a 'sun/nio/fs/WindowsException'{0x000000008be5dd68}> (0x000000008be5dd68) thrown at [./src/hotspot/share/prims/jni.cpp, line 615]
Event: 5.234 Thread 0x000002646f399000 Exception <a 'sun/nio/fs/WindowsException'{0x000000008bedaf60}> (0x000000008bedaf60) thrown at [./src/hotspot/share/prims/jni.cpp, line 615]
Event: 5.238 Thread 0x000002646f399000 Exception <a 'sun/nio/fs/WindowsException'{0x000000008bd58388}> (0x000000008bd58388) thrown at [./src/hotspot/share/prims/jni.cpp, line 615]
Event: 5.242 Thread 0x000002646f399000 Exception <a 'sun/nio/fs/WindowsException'{0x000000008bdd5570}> (0x000000008bdd5570) thrown at [./src/hotspot/share/prims/jni.cpp, line 615]
Event: 5.246 Thread 0x000002646f399000 Exception <a 'sun/nio/fs/WindowsException'{0x000000008bc529a8}> (0x000000008bc529a8) thrown at [./src/hotspot/share/prims/jni.cpp, line 615]
Event: 5.251 Thread 0x000002646f399000 Exception <a 'sun/nio/fs/WindowsException'{0x000000008bccfbd0}> (0x000000008bccfbd0) thrown at [./src/hotspot/share/prims/jni.cpp, line 615]
Event: 5.257 Thread 0x000002646f399000 Exception <a 'sun/nio/fs/WindowsException'{0x000000008bb4d0d0}> (0x000000008bb4d0d0) thrown at [./src/hotspot/share/prims/jni.cpp, line 615]
Event: 5.261 Thread 0x000002646f399000 Exception <a 'sun/nio/fs/WindowsException'{0x000000008bbca3b0}> (0x000000008bbca3b0) thrown at [./src/hotspot/share/prims/jni.cpp, line 615]
Event: 5.265 Thread 0x000002646f399000 Exception <a 'sun/nio/fs/WindowsException'{0x000000008ba42130}> (0x000000008ba42130) thrown at [./src/hotspot/share/prims/jni.cpp, line 615]
Event: 5.269 Thread 0x000002646f399000 Exception <a 'sun/nio/fs/WindowsException'{0x000000008bac8b08}> (0x000000008bac8b08) thrown at [./src/hotspot/share/prims/jni.cpp, line 615]
Event: 5.274 Thread 0x000002646f399000 Exception <a 'sun/nio/fs/WindowsException'{0x000000008b9463e0}> (0x000000008b9463e0) thrown at [./src/hotspot/share/prims/jni.cpp, line 615]
Event: 5.279 Thread 0x000002646f399000 Exception <a 'sun/nio/fs/WindowsException'{0x000000008b9c36b0}> (0x000000008b9c36b0) thrown at [./src/hotspot/share/prims/jni.cpp, line 615]
Event: 5.284 Thread 0x000002646f399000 Exception <a 'sun/nio/fs/WindowsException'{0x000000008b03b340}> (0x000000008b03b340) thrown at [./src/hotspot/share/prims/jni.cpp, line 615]
Event: 5.289 Thread 0x000002646f399000 Exception <a 'sun/nio/fs/WindowsException'{0x000000008b0b8090}> (0x000000008b0b8090) thrown at [./src/hotspot/share/prims/jni.cpp, line 615]
Event: 5.295 Thread 0x000002646f399000 Exception <a 'sun/nio/fs/WindowsException'{0x000000008af35448}> (0x000000008af35448) thrown at [./src/hotspot/share/prims/jni.cpp, line 615]
Event: 5.302 Thread 0x000002646f399000 Exception <a 'sun/nio/fs/WindowsException'{0x000000008afb2620}> (0x000000008afb2620) thrown at [./src/hotspot/share/prims/jni.cpp, line 615]
Event: 5.308 Thread 0x000002646f399000 Exception <a 'sun/nio/fs/WindowsException'{0x000000008ae2fa58}> (0x000000008ae2fa58) thrown at [./src/hotspot/share/prims/jni.cpp, line 615]
Event: 5.312 Thread 0x000002646f399000 Exception <a 'sun/nio/fs/WindowsException'{0x000000008aeaccc8}> (0x000000008aeaccc8) thrown at [./src/hotspot/share/prims/jni.cpp, line 615]
Event: 5.316 Thread 0x000002646f399000 Exception <a 'sun/nio/fs/WindowsException'{0x000000008aed5af0}> (0x000000008aed5af0) thrown at [./src/hotspot/share/prims/jni.cpp, line 615]

Events (20 events):
Event: 3.371 Executing VM operation: ICBufferFull
Event: 3.371 Executing VM operation: ICBufferFull done
Event: 3.468 Executing VM operation: ICBufferFull
Event: 3.468 Executing VM operation: ICBufferFull done
Event: 3.553 Executing VM operation: G1CollectForAllocation
Event: 3.572 Executing VM operation: G1CollectForAllocation done
Event: 3.711 Executing VM operation: ICBufferFull
Event: 3.711 Executing VM operation: ICBufferFull done
Event: 3.777 Executing VM operation: ICBufferFull
Event: 3.778 Executing VM operation: ICBufferFull done
Event: 3.932 Executing VM operation: ICBufferFull
Event: 3.932 Executing VM operation: ICBufferFull done
Event: 4.210 Executing VM operation: G1CollectForAllocation
Event: 4.226 Executing VM operation: G1CollectForAllocation done
Event: 4.719 Executing VM operation: ICBufferFull
Event: 4.719 Executing VM operation: ICBufferFull done
Event: 4.723 Executing VM operation: G1CollectForAllocation
Event: 4.733 Executing VM operation: G1CollectForAllocation done
Event: 5.303 Loaded shared library C:\Program Files\Microsoft\jdk-11.0.12.7-hotspot\bin\nio.dll
Event: 5.318 Executing VM operation: G1CollectForAllocation


Dynamic libraries:
0x00007ff60e600000 - 0x00007ff60e607000 	C:\Program Files\Microsoft\jdk-11.0.12.7-hotspot\bin\javac.exe
0x00007ffd50df0000 - 0x00007ffd50fe8000 	C:\Windows\SYSTEM32\ntdll.dll
0x00007ffd502d0000 - 0x00007ffd5038f000 	C:\Windows\System32\KERNEL32.DLL
0x00007ffd4eb60000 - 0x00007ffd4ee32000 	C:\Windows\System32\KERNELBASE.dll
0x00007ffd4e810000 - 0x00007ffd4e910000 	C:\Windows\System32\ucrtbase.dll
0x00007ffd47960000 - 0x00007ffd47977000 	C:\Program Files\Microsoft\jdk-11.0.12.7-hotspot\bin\jli.dll
0x00007ffd478a0000 - 0x00007ffd478b5000 	C:\Program Files\Microsoft\jdk-11.0.12.7-hotspot\bin\VCRUNTIME140.dll
0x00007ffd503b0000 - 0x00007ffd5054d000 	C:\Windows\System32\USER32.dll
0x00007ffd4e7e0000 - 0x00007ffd4e802000 	C:\Windows\System32\win32u.dll
0x00007ffd33c20000 - 0x00007ffd33eba000 	C:\Windows\WinSxS\amd64_microsoft.windows.common-controls_6595b64144ccf1df_6.0.19041.1110_none_60b5254171f9507e\COMCTL32.dll
0x00007ffd50d00000 - 0x00007ffd50d2b000 	C:\Windows\System32\GDI32.dll
0x00007ffd4f680000 - 0x00007ffd4f71e000 	C:\Windows\System32\msvcrt.dll
0x00007ffd4ea50000 - 0x00007ffd4eb5f000 	C:\Windows\System32\gdi32full.dll
0x00007ffd4e650000 - 0x00007ffd4e6ed000 	C:\Windows\System32\msvcp_win.dll
0x00007ffd4fee0000 - 0x00007ffd4ff12000 	C:\Windows\System32\IMM32.DLL
0x00007ffd39e90000 - 0x00007ffd39f2b000 	C:\Program Files\Microsoft\jdk-11.0.12.7-hotspot\bin\msvcp140.dll
0x00007ffcd4f90000 - 0x00007ffcd5af1000 	C:\Program Files\Microsoft\jdk-11.0.12.7-hotspot\bin\server\jvm.dll
0x00007ffd50220000 - 0x00007ffd502ce000 	C:\Windows\System32\ADVAPI32.dll
0x00007ffd50170000 - 0x00007ffd5020c000 	C:\Windows\System32\sechost.dll
0x00007ffd4ff20000 - 0x00007ffd50045000 	C:\Windows\System32\RPCRT4.dll
0x00007ffd503a0000 - 0x00007ffd503a8000 	C:\Windows\System32\PSAPI.DLL
0x00007ffd48bc0000 - 0x00007ffd48bca000 	C:\Windows\SYSTEM32\VERSION.dll
0x00007ffd3f8e0000 - 0x00007ffd3f907000 	C:\Windows\SYSTEM32\WINMM.dll
0x00007ffd48640000 - 0x00007ffd48649000 	C:\Windows\SYSTEM32\WSOCK32.dll
0x00007ffd4f7d0000 - 0x00007ffd4f83b000 	C:\Windows\System32\WS2_32.dll
0x00007ffd4c3d0000 - 0x00007ffd4c3e2000 	C:\Windows\SYSTEM32\kernel.appcore.dll
0x00007ffd49500000 - 0x00007ffd49510000 	C:\Program Files\Microsoft\jdk-11.0.12.7-hotspot\bin\verify.dll
0x00007ffd3f510000 - 0x00007ffd3f6f4000 	C:\Windows\SYSTEM32\DBGHELP.DLL
0x00007ffd3d1f0000 - 0x00007ffd3d21c000 	C:\Windows\SYSTEM32\dbgcore.DLL
0x00007ffd4e910000 - 0x00007ffd4e992000 	C:\Windows\System32\bcryptPrimitives.dll
0x00007ffd47870000 - 0x00007ffd47898000 	C:\Program Files\Microsoft\jdk-11.0.12.7-hotspot\bin\java.dll
0x00007ffd47950000 - 0x00007ffd4795a000 	C:\Program Files\Microsoft\jdk-11.0.12.7-hotspot\bin\jimage.dll
0x00007ffd47810000 - 0x00007ffd47827000 	C:\Program Files\Microsoft\jdk-11.0.12.7-hotspot\bin\zip.dll
0x00007ffd505b0000 - 0x00007ffd50cf3000 	C:\Windows\System32\SHELL32.dll
0x00007ffd4c5d0000 - 0x00007ffd4cd62000 	C:\Windows\SYSTEM32\windows.storage.dll
0x00007ffd4f1f0000 - 0x00007ffd4f544000 	C:\Windows\System32\combase.dll
0x00007ffd4df50000 - 0x00007ffd4df80000 	C:\Windows\SYSTEM32\Wldp.dll
0x00007ffd4f720000 - 0x00007ffd4f7cd000 	C:\Windows\System32\SHCORE.dll
0x00007ffd50d30000 - 0x00007ffd50d85000 	C:\Windows\System32\shlwapi.dll
0x00007ffd4e430000 - 0x00007ffd4e44f000 	C:\Windows\SYSTEM32\profapi.dll
0x00007ffd47740000 - 0x00007ffd47759000 	C:\Program Files\Microsoft\jdk-11.0.12.7-hotspot\bin\net.dll
0x00007ffd418f0000 - 0x00007ffd419fc000 	C:\Windows\SYSTEM32\WINHTTP.dll
0x00007ffd4dcb0000 - 0x00007ffd4dd1a000 	C:\Windows\system32\mswsock.dll
0x00007ffd476d0000 - 0x00007ffd476e2000 	C:\Program Files\Microsoft\jdk-11.0.12.7-hotspot\bin\nio.dll

dbghelp: loaded successfully - version: 4.0.5 - missing functions: none
symbol engine: initialized successfully - sym options: 0x614 - pdb path: .;C:\Program Files\Microsoft\jdk-11.0.12.7-hotspot\bin;C:\Windows\SYSTEM32;C:\Windows\WinSxS\amd64_microsoft.windows.common-controls_6595b64144ccf1df_6.0.19041.1110_none_60b5254171f9507e;C:\Program Files\Microsoft\jdk-11.0.12.7-hotspot\bin\server

VM Arguments:
jvm_args: -Dapplication.home=C:\Program Files\Microsoft\jdk-11.0.12.7-hotspot --add-modules=ALL-DEFAULT -Xms8m -Dfile.encoding=UTF8 -Djdk.module.main=jdk.compiler 
java_command: jdk.compiler/com.sun.tools.javac.Main @C:\Users\ADMIN\AppData\Local\Temp\tmp4446.tmp -target 1.8 -source 1.8
java_class_path (initial): <not set>
Launcher Type: SUN_STANDARD

[Global flags]
     intx CICompilerCount                          = 4                                         {product} {ergonomic}
     uint ConcGCThreads                            = 2                                         {product} {ergonomic}
     uint G1ConcRefinementThreads                  = 8                                         {product} {ergonomic}
   size_t G1HeapRegionSize                         = 1048576                                   {product} {ergonomic}
    uintx GCDrainStackTargetSize                   = 64                                        {product} {ergonomic}
   size_t InitialHeapSize                          = 8388608                                   {product} {command line}
   size_t MarkStackSize                            = 4194304                                   {product} {ergonomic}
   size_t MaxHeapSize                              = 2126512128                                {product} {ergonomic}
   size_t MaxNewSize                               = 1275068416                                {product} {ergonomic}
   size_t MinHeapDeltaBytes                        = 1048576                                   {product} {ergonomic}
    uintx NonNMethodCodeHeapSize                   = 5836300                                {pd product} {ergonomic}
    uintx NonProfiledCodeHeapSize                  = 122910970                              {pd product} {ergonomic}
    uintx ProfiledCodeHeapSize                     = 122910970                              {pd product} {ergonomic}
    uintx ReservedCodeCacheSize                    = 251658240                              {pd product} {ergonomic}
     bool SegmentedCodeCache                       = true                                      {product} {ergonomic}
     bool UseCompressedClassPointers               = true                                 {lp64_product} {ergonomic}
     bool UseCompressedOops                        = true                                 {lp64_product} {ergonomic}
     bool UseG1GC                                  = true                                      {product} {ergonomic}
     bool UseLargePagesIndividualAllocation        = false                                  {pd product} {ergonomic}

Logging:
Log output configuration:
 #0: stdout all=warning uptime,level,tags
 #1: stderr all=off uptime,level,tags

Environment Variables:
PATH=C:\Program Files\Microsoft\jdk-11.0.12.7-hotspot\bin;C:\Program Files (x86)\Common Files\Oracle\Java\javapath;C:\Windows\system32;C:\Windows;C:\Windows\System32\Wbem;C:\Windows\System32\WindowsPowerShell\v1.0\;C:\Windows\System32\OpenSSH\;C:\Program Files (x86)\NVIDIA Corporation\PhysX\Common;C:\Program Files\NVIDIA Corporation\NVIDIA NvDLISR;C:\Program Files\Git\cmd;C:\Program Files\nodejs\;C:\Program Files\dotnet\;C:\Users\ADMIN\AppData\Local\Programs\Python\Python39\Scripts\;C:\Users\ADMIN\AppData\Local\Programs\Python\Python39\;C:\Users\ADMIN\AppData\Local\Microsoft\WindowsApps;;C:\Users\ADMIN\AppData\Local\Programs\Microsoft VS Code\bin;C:\Users\ADMIN\AppData\Roaming\npm;C:\Users\ADMIN\.dotnet\tools
USERNAME=ADMIN
OS=Windows_NT
PROCESSOR_IDENTIFIER=Intel64 Family 6 Model 165 Stepping 5, GenuineIntel



---------------  S Y S T E M  ---------------

OS: Windows 10 , 64 bit Build 19041 (10.0.19041.2251)
OS uptime: 7 days 22:44 hours

CPU:total 8 (initial active 8) (6 cores per cpu, 2 threads per core) family 6 model 165 stepping 5 microcode 0xc8, cmov, cx8, fxsr, mmx, sse, sse2, sse3, ssse3, sse4.1, sse4.2, popcnt, avx, avx2, aes, clmul, erms, 3dnowpref, lzcnt, ht, tsc, tscinvbit, bmi1, bmi2, adx, fma

Memory: 4k page, system-wide physical 8104M (585M free)
TotalPageFile size 28031M (AvailPageFile size 97M)
current process WorkingSet (physical memory assigned to process): 323M, peak: 340M
current process commit charge ("private bytes"): 399M, peak: 568M

vm_info: OpenJDK 64-Bit Server VM (11.0.12+7) for windows-amd64 JRE (11.0.12+7), built on Jul 21 2021 15:41:43 by "" with unknown MS VC++:1916

END.
